
*** Running vivado
    with args -log zed_s00_data_fifo_0.vds -m64 -product Vivado -mode batch -messageDb vivado.pb -notrace -source zed_s00_data_fifo_0.tcl


****** Vivado v2018.2 (64-bit)
  **** SW Build 2258646 on Thu Jun 14 20:03:12 MDT 2018
  **** IP Build 2256618 on Thu Jun 14 22:10:49 MDT 2018
    ** Copyright 1986-2018 Xilinx, Inc. All Rights Reserved.

source zed_s00_data_fifo_0.tcl -notrace
Command: synth_design -top zed_s00_data_fifo_0 -part xc7z020clg484-1 -mode out_of_context
Starting synth_design
Attempting to get a license for feature 'Synthesis' and/or device 'xc7z020'
INFO: [Common 17-349] Got license for feature 'Synthesis' and/or device 'xc7z020'
INFO: Launching helper process for spawning children vivado processes
INFO: Helper process launched with PID 2748 
---------------------------------------------------------------------------------
Starting RTL Elaboration : Time (s): cpu = 00:00:09 ; elapsed = 00:00:10 . Memory (MB): peak = 544.602 ; gain = 40.340
---------------------------------------------------------------------------------
INFO: [Synth 8-6157] synthesizing module 'zed_s00_data_fifo_0' [c:/Users/gd14470/sdsoc_workspace/lab1/Release/_sds/p0/vivado/prj/prj.srcs/sources_1/bd/zed/ip/zed_s00_data_fifo_0/synth/zed_s00_data_fifo_0.v:58]
INFO: [Synth 8-6157] synthesizing module 'axi_data_fifo_v2_1_16_axi_data_fifo' [c:/Users/gd14470/sdsoc_workspace/lab1/Release/_sds/p0/vivado/prj/prj.srcs/sources_1/bd/zed/ipshared/247d/hdl/axi_data_fifo_v2_1_vl_rfs.v:1283]
	Parameter C_FAMILY bound to: zynq - type: string 
	Parameter C_AXI_PROTOCOL bound to: 2 - type: integer 
	Parameter C_AXI_ID_WIDTH bound to: 1 - type: integer 
	Parameter C_AXI_ADDR_WIDTH bound to: 32 - type: integer 
	Parameter C_AXI_DATA_WIDTH bound to: 32 - type: integer 
	Parameter C_AXI_SUPPORTS_USER_SIGNALS bound to: 0 - type: integer 
	Parameter C_AXI_AWUSER_WIDTH bound to: 1 - type: integer 
	Parameter C_AXI_ARUSER_WIDTH bound to: 1 - type: integer 
	Parameter C_AXI_WUSER_WIDTH bound to: 1 - type: integer 
	Parameter C_AXI_RUSER_WIDTH bound to: 1 - type: integer 
	Parameter C_AXI_BUSER_WIDTH bound to: 1 - type: integer 
	Parameter C_AXI_WRITE_FIFO_DEPTH bound to: 512 - type: integer 
	Parameter C_AXI_WRITE_FIFO_TYPE bound to: bram - type: string 
	Parameter C_AXI_WRITE_FIFO_DELAY bound to: 1 - type: integer 
	Parameter C_AXI_READ_FIFO_DEPTH bound to: 512 - type: integer 
	Parameter C_AXI_READ_FIFO_TYPE bound to: bram - type: string 
	Parameter C_AXI_READ_FIFO_DELAY bound to: 1 - type: integer 
	Parameter P_WIDTH_RACH bound to: 63 - type: integer 
	Parameter P_WIDTH_WACH bound to: 63 - type: integer 
	Parameter P_WIDTH_RDCH bound to: 37 - type: integer 
	Parameter P_WIDTH_WDCH bound to: 38 - type: integer 
	Parameter P_WIDTH_WRCH bound to: 4 - type: integer 
	Parameter P_PRIM_FIFO_TYPE bound to: 512x72 - type: string 
	Parameter P_AXI4 bound to: 0 - type: integer 
	Parameter P_AXI3 bound to: 1 - type: integer 
	Parameter P_AXILITE bound to: 2 - type: integer 
	Parameter P_WRITE_FIFO_DEPTH_LOG bound to: 9 - type: integer 
	Parameter P_READ_FIFO_DEPTH_LOG bound to: 9 - type: integer 
INFO: [Synth 8-6155] done synthesizing module 'axi_data_fifo_v2_1_16_axi_data_fifo' (1#1) [c:/Users/gd14470/sdsoc_workspace/lab1/Release/_sds/p0/vivado/prj/prj.srcs/sources_1/bd/zed/ipshared/247d/hdl/axi_data_fifo_v2_1_vl_rfs.v:1283]
INFO: [Synth 8-6155] done synthesizing module 'zed_s00_data_fifo_0' (2#1) [c:/Users/gd14470/sdsoc_workspace/lab1/Release/_sds/p0/vivado/prj/prj.srcs/sources_1/bd/zed/ip/zed_s00_data_fifo_0/synth/zed_s00_data_fifo_0.v:58]
WARNING: [Synth 8-3331] design axi_data_fifo_v2_1_16_axi_data_fifo has unconnected port aclk
WARNING: [Synth 8-3331] design axi_data_fifo_v2_1_16_axi_data_fifo has unconnected port aresetn
---------------------------------------------------------------------------------
Finished RTL Elaboration : Time (s): cpu = 00:00:17 ; elapsed = 00:00:20 . Memory (MB): peak = 698.164 ; gain = 193.902
---------------------------------------------------------------------------------

Report Check Netlist: 
+------+------------------+-------+---------+-------+------------------+
|      |Item              |Errors |Warnings |Status |Description       |
+------+------------------+-------+---------+-------+------------------+
|1     |multi_driven_nets |      0|        0|Passed |Multi driven nets |
+------+------------------+-------+---------+-------+------------------+
---------------------------------------------------------------------------------
Start Handling Custom Attributes
---------------------------------------------------------------------------------
---------------------------------------------------------------------------------
Finished Handling Custom Attributes : Time (s): cpu = 00:00:18 ; elapsed = 00:00:20 . Memory (MB): peak = 698.164 ; gain = 193.902
---------------------------------------------------------------------------------
---------------------------------------------------------------------------------
Finished RTL Optimization Phase 1 : Time (s): cpu = 00:00:18 ; elapsed = 00:00:20 . Memory (MB): peak = 698.164 ; gain = 193.902
---------------------------------------------------------------------------------
INFO: [Device 21-403] Loading part xc7z020clg484-1
INFO: [Project 1-570] Preparing netlist for logic optimization

Processing XDC Constraints
Initializing timing engine
Parsing XDC File [c:/Users/gd14470/sdsoc_workspace/lab1/Release/_sds/p0/vivado/prj/prj.srcs/sources_1/bd/zed/ip/zed_s00_data_fifo_0/zed_s00_data_fifo_0_ooc.xdc] for cell 'inst'
Finished Parsing XDC File [c:/Users/gd14470/sdsoc_workspace/lab1/Release/_sds/p0/vivado/prj/prj.srcs/sources_1/bd/zed/ip/zed_s00_data_fifo_0/zed_s00_data_fifo_0_ooc.xdc] for cell 'inst'
Parsing XDC File [C:/Users/gd14470/sdsoc_workspace/lab1/Release/_sds/p0/vivado/prj/prj.runs/zed_s00_data_fifo_0_synth_1/dont_touch.xdc]
Finished Parsing XDC File [C:/Users/gd14470/sdsoc_workspace/lab1/Release/_sds/p0/vivado/prj/prj.runs/zed_s00_data_fifo_0_synth_1/dont_touch.xdc]
Completed Processing XDC Constraints

INFO: [Project 1-111] Unisim Transformation Summary:
No Unisim elements were transformed.

Constraint Validation Runtime : Time (s): cpu = 00:00:00 ; elapsed = 00:00:00.024 . Memory (MB): peak = 872.891 ; gain = 1.125
---------------------------------------------------------------------------------
Finished Constraint Validation : Time (s): cpu = 00:00:28 ; elapsed = 00:00:33 . Memory (MB): peak = 872.891 ; gain = 368.629
---------------------------------------------------------------------------------
---------------------------------------------------------------------------------
Start Loading Part and Timing Information
---------------------------------------------------------------------------------
Loading part: xc7z020clg484-1
---------------------------------------------------------------------------------
Finished Loading Part and Timing Information : Time (s): cpu = 00:00:28 ; elapsed = 00:00:33 . Memory (MB): peak = 872.891 ; gain = 368.629
---------------------------------------------------------------------------------
---------------------------------------------------------------------------------
Start Applying 'set_property' XDC Constraints
---------------------------------------------------------------------------------
Applied set_property DONT_TOUCH = true for inst. (constraint file  C:/Users/gd14470/sdsoc_workspace/lab1/Release/_sds/p0/vivado/prj/prj.runs/zed_s00_data_fifo_0_synth_1/dont_touch.xdc, line 9).
---------------------------------------------------------------------------------
Finished applying 'set_property' XDC Constraints : Time (s): cpu = 00:00:28 ; elapsed = 00:00:33 . Memory (MB): peak = 872.891 ; gain = 368.629
---------------------------------------------------------------------------------
---------------------------------------------------------------------------------
Finished RTL Optimization Phase 2 : Time (s): cpu = 00:00:28 ; elapsed = 00:00:34 . Memory (MB): peak = 872.891 ; gain = 368.629
---------------------------------------------------------------------------------

Report RTL Partitions: 
+-+--------------+------------+----------+
| |RTL Partition |Replication |Instances |
+-+--------------+------------+----------+
+-+--------------+------------+----------+
---------------------------------------------------------------------------------
Start RTL Component Statistics 
---------------------------------------------------------------------------------
Detailed RTL Component Info : 
---------------------------------------------------------------------------------
Finished RTL Component Statistics 
---------------------------------------------------------------------------------
---------------------------------------------------------------------------------
Start RTL Hierarchical Component Statistics 
---------------------------------------------------------------------------------
Hierarchical RTL Component report 
---------------------------------------------------------------------------------
Finished RTL Hierarchical Component Statistics
---------------------------------------------------------------------------------
---------------------------------------------------------------------------------
Start Part Resource Summary
---------------------------------------------------------------------------------
Part Resources:
DSPs: 220 (col length:60)
BRAMs: 280 (col length: RAMB18 60 RAMB36 30)
---------------------------------------------------------------------------------
Finished Part Resource Summary
---------------------------------------------------------------------------------
---------------------------------------------------------------------------------
Start Cross Boundary and Area Optimization
---------------------------------------------------------------------------------
Warning: Parallel synthesis criteria is not met 
WARNING: [Synth 8-3331] design axi_data_fifo_v2_1_16_axi_data_fifo has unconnected port aclk
WARNING: [Synth 8-3331] design axi_data_fifo_v2_1_16_axi_data_fifo has unconnected port aresetn
---------------------------------------------------------------------------------
Finished Cross Boundary and Area Optimization : Time (s): cpu = 00:00:29 ; elapsed = 00:00:34 . Memory (MB): peak = 872.891 ; gain = 368.629
---------------------------------------------------------------------------------

Report RTL Partitions: 
+-+--------------+------------+----------+
| |RTL Partition |Replication |Instances |
+-+--------------+------------+----------+
+-+--------------+------------+----------+
---------------------------------------------------------------------------------
Start Applying XDC Timing Constraints
---------------------------------------------------------------------------------
---------------------------------------------------------------------------------
Finished Applying XDC Timing Constraints : Time (s): cpu = 00:00:38 ; elapsed = 00:00:45 . Memory (MB): peak = 927.184 ; gain = 422.922
---------------------------------------------------------------------------------
---------------------------------------------------------------------------------
Start Timing Optimization
---------------------------------------------------------------------------------
---------------------------------------------------------------------------------
Finished Timing Optimization : Time (s): cpu = 00:00:38 ; elapsed = 00:00:45 . Memory (MB): peak = 927.258 ; gain = 422.996
---------------------------------------------------------------------------------

Report RTL Partitions: 
+-+--------------+------------+----------+
| |RTL Partition |Replication |Instances |
+-+--------------+------------+----------+
+-+--------------+------------+----------+
---------------------------------------------------------------------------------
Start Technology Mapping
---------------------------------------------------------------------------------
---------------------------------------------------------------------------------
Finished Technology Mapping : Time (s): cpu = 00:00:38 ; elapsed = 00:00:45 . Memory (MB): peak = 927.418 ; gain = 423.156
---------------------------------------------------------------------------------

Report RTL Partitions: 
+-+--------------+------------+----------+
| |RTL Partition |Replication |Instances |
+-+--------------+------------+----------+
+-+--------------+------------+----------+
---------------------------------------------------------------------------------
Start IO Insertion
---------------------------------------------------------------------------------
---------------------------------------------------------------------------------
Start Flattening Before IO Insertion
---------------------------------------------------------------------------------
---------------------------------------------------------------------------------
Finished Flattening Before IO Insertion
---------------------------------------------------------------------------------
---------------------------------------------------------------------------------
Start Final Netlist Cleanup
---------------------------------------------------------------------------------
---------------------------------------------------------------------------------
Finished Final Netlist Cleanup
---------------------------------------------------------------------------------
---------------------------------------------------------------------------------
Finished IO Insertion : Time (s): cpu = 00:00:39 ; elapsed = 00:00:46 . Memory (MB): peak = 928.547 ; gain = 424.285
---------------------------------------------------------------------------------

Report Check Netlist: 
+------+------------------+-------+---------+-------+------------------+
|      |Item              |Errors |Warnings |Status |Description       |
+------+------------------+-------+---------+-------+------------------+
|1     |multi_driven_nets |      0|        0|Passed |Multi driven nets |
+------+------------------+-------+---------+-------+------------------+
---------------------------------------------------------------------------------
Start Renaming Generated Instances
---------------------------------------------------------------------------------
---------------------------------------------------------------------------------
Finished Renaming Generated Instances : Time (s): cpu = 00:00:39 ; elapsed = 00:00:46 . Memory (MB): peak = 928.547 ; gain = 424.285
---------------------------------------------------------------------------------

Report RTL Partitions: 
+-+--------------+------------+----------+
| |RTL Partition |Replication |Instances |
+-+--------------+------------+----------+
+-+--------------+------------+----------+
---------------------------------------------------------------------------------
Start Rebuilding User Hierarchy
---------------------------------------------------------------------------------
---------------------------------------------------------------------------------
Finished Rebuilding User Hierarchy : Time (s): cpu = 00:00:39 ; elapsed = 00:00:46 . Memory (MB): peak = 928.547 ; gain = 424.285
---------------------------------------------------------------------------------
---------------------------------------------------------------------------------
Start Renaming Generated Ports
---------------------------------------------------------------------------------
---------------------------------------------------------------------------------
Finished Renaming Generated Ports : Time (s): cpu = 00:00:39 ; elapsed = 00:00:46 . Memory (MB): peak = 928.547 ; gain = 424.285
---------------------------------------------------------------------------------
---------------------------------------------------------------------------------
Start Handling Custom Attributes
---------------------------------------------------------------------------------
---------------------------------------------------------------------------------
Finished Handling Custom Attributes : Time (s): cpu = 00:00:39 ; elapsed = 00:00:46 . Memory (MB): peak = 928.547 ; gain = 424.285
---------------------------------------------------------------------------------
---------------------------------------------------------------------------------
Start Renaming Generated Nets
---------------------------------------------------------------------------------
---------------------------------------------------------------------------------
Finished Renaming Generated Nets : Time (s): cpu = 00:00:39 ; elapsed = 00:00:46 . Memory (MB): peak = 928.547 ; gain = 424.285
---------------------------------------------------------------------------------
---------------------------------------------------------------------------------
Start Writing Synthesis Report
---------------------------------------------------------------------------------

Report BlackBoxes: 
+-+--------------+----------+
| |BlackBox name |Instances |
+-+--------------+----------+
+-+--------------+----------+

Report Cell Usage: 
+-+-----+------+
| |Cell |Count |
+-+-----+------+
+-+-----+------+

Report Instance Areas: 
+------+---------+------------------------------------+------+
|      |Instance |Module                              |Cells |
+------+---------+------------------------------------+------+
|1     |top      |                                    |     0|
|2     |  inst   |axi_data_fifo_v2_1_16_axi_data_fifo |     0|
+------+---------+------------------------------------+------+
---------------------------------------------------------------------------------
Finished Writing Synthesis Report : Time (s): cpu = 00:00:39 ; elapsed = 00:00:46 . Memory (MB): peak = 928.547 ; gain = 424.285
---------------------------------------------------------------------------------
Synthesis finished with 0 errors, 0 critical warnings and 2 warnings.
Synthesis Optimization Runtime : Time (s): cpu = 00:00:13 ; elapsed = 00:00:36 . Memory (MB): peak = 928.547 ; gain = 249.559
Synthesis Optimization Complete : Time (s): cpu = 00:00:39 ; elapsed = 00:00:47 . Memory (MB): peak = 928.551 ; gain = 424.285
INFO: [Project 1-571] Translating synthesized netlist
INFO: [Project 1-570] Preparing netlist for logic optimization
INFO: [Opt 31-138] Pushed 0 inverter(s) to 0 load pin(s).
INFO: [Project 1-111] Unisim Transformation Summary:
No Unisim elements were transformed.

INFO: [Common 17-83] Releasing license: Synthesis
13 Infos, 4 Warnings, 0 Critical Warnings and 0 Errors encountered.
synth_design completed successfully
synth_design: Time (s): cpu = 00:00:41 ; elapsed = 00:00:49 . Memory (MB): peak = 955.348 ; gain = 451.086
INFO: [Common 17-600] The following parameters have non-default value.
general.maxThreads
WARNING: [Constraints 18-5210] No constraint will be written out.
INFO: [Common 17-1381] The checkpoint 'C:/Users/gd14470/sdsoc_workspace/lab1/Release/_sds/p0/vivado/prj/prj.runs/zed_s00_data_fifo_0_synth_1/zed_s00_data_fifo_0.dcp' has been generated.
