(c) Copyright 2012-2018 Xilinx, Inc. All Rights Reserved.
#-----------------------------------------------------------
# Tool version  : sds++ 2018.2 SW Build 2258646 on Thu Jun 14 20:04:27 MDT 2018
# Start time    : Tue Feb 12 10:08:52 +0000 2019
# Command line  : sds++ --remote_ip_cache C:/Users/gd14470/sdsoc_workspace/ip_cache -o lab1.elf ./src/madd.o ./src/main.o ./src/mmult.o -dmclkid 2 -sds-sys-config standalone -sds-proc standalone -sds-pf zed
# Log file      : C:/Users/gd14470/sdsoc_workspace/lab1/Debug/_sds/reports/sds.log
# Journal file  : C:/Users/gd14470/sdsoc_workspace/lab1/Debug/_sds/reports/sds.jou
# Report file   : C:/Users/gd14470/sdsoc_workspace/lab1/Debug/_sds/reports/sds.rpt
#-----------------------------------------------------------

Libraries: 
Library Paths {}
Analyzing object files
arm-none-eabi-objcopy -O binary --set-section-flags .xdinfo=alloc --only-section=.xdinfo C:/Users/gd14470/sdsoc_workspace/lab1/Debug/src/madd.o C:/Users/gd14470/sdsoc_workspace/lab1/Debug/_sds/.data/xdinfo.xml
arm-none-eabi-objcopy -O binary --set-section-flags .xddata=alloc --only-section=.xddata C:/Users/gd14470/sdsoc_workspace/lab1/Debug/src/madd.o C:/Users/gd14470/sdsoc_workspace/lab1/Debug/_sds/.data/xddata.xml
arm-none-eabi-objcopy -O binary --set-section-flags .xdsdata=alloc --only-section=.xdsdata C:/Users/gd14470/sdsoc_workspace/lab1/Debug/src/madd.o C:/Users/gd14470/sdsoc_workspace/lab1/Debug/_sds/.data/madd.o.xml
arm-none-eabi-objcopy -O binary --set-section-flags .xdinfo=alloc --only-section=.xdinfo C:/Users/gd14470/sdsoc_workspace/lab1/Debug/src/main.o C:/Users/gd14470/sdsoc_workspace/lab1/Debug/_sds/.data/xdinfo.xml
arm-none-eabi-objcopy -O binary --set-section-flags .xddata=alloc --only-section=.xddata C:/Users/gd14470/sdsoc_workspace/lab1/Debug/src/main.o C:/Users/gd14470/sdsoc_workspace/lab1/Debug/_sds/.data/xddata.xml
arm-none-eabi-objcopy -O binary --set-section-flags .xdsdata=alloc --only-section=.xdsdata C:/Users/gd14470/sdsoc_workspace/lab1/Debug/src/main.o C:/Users/gd14470/sdsoc_workspace/lab1/Debug/_sds/.data/main.o.xml
arm-none-eabi-objcopy -O binary --set-section-flags .xdinfo=alloc --only-section=.xdinfo C:/Users/gd14470/sdsoc_workspace/lab1/Debug/src/mmult.o C:/Users/gd14470/sdsoc_workspace/lab1/Debug/_sds/.data/xdinfo.xml
arm-none-eabi-objcopy -O binary --set-section-flags .xddata=alloc --only-section=.xddata C:/Users/gd14470/sdsoc_workspace/lab1/Debug/src/mmult.o C:/Users/gd14470/sdsoc_workspace/lab1/Debug/_sds/.data/xddata.xml
arm-none-eabi-objcopy -O binary --set-section-flags .xdsdata=alloc --only-section=.xdsdata C:/Users/gd14470/sdsoc_workspace/lab1/Debug/src/mmult.o C:/Users/gd14470/sdsoc_workspace/lab1/Debug/_sds/.data/mmult.o.xml
C:/Xilinx/SDx/2018.2/bin/build_xd_ip_db -ip_search 0  -sds-pf C:/Users/gd14470/sdsoc_workspace/lab1/Debug/.Xil/zed.hpfm    -o C:/Users/gd14470/sdsoc_workspace/lab1/Debug/_sds/.cdb/xd_ip_db.xml  
INFO: Using user-defined path for XILINX_XD environment variable C:/Xilinx/SDx/2018.2
Using prebuilt hardware
Skipping block diagram (BD), address map, port information and device registration for partition 0
Prepare hardware access API functions
Create accelerator stub functions
Compile hardware access API functions
arm-none-eabi-gcc   -mcpu=cortex-a9 -mfpu=vfpv3 -mfloat-abi=hard    -I C:/Xilinx/SDx/2018.2/target/aarch32-none/include  -D HLS_NO_XIL_FPO_LIB  -I C:/Xilinx/Vivado/2018.2/include -c  C:/Users/gd14470/sdsoc_workspace/lab1/Debug/_sds/swstubs/portinfo.c
C:/Users/gd14470/sdsoc_workspace/lab1/Debug/_sds/swstubs/portinfo.c: In function '_p0_cf_framework_open':
C:/Users/gd14470/sdsoc_workspace/lab1/Debug/_sds/swstubs/portinfo.c:24:5: warning: implicit declaration of function 'exit' [-Wimplicit-function-declaration]
     exit(-1);
     ^~~~
C:/Users/gd14470/sdsoc_workspace/lab1/Debug/_sds/swstubs/portinfo.c:24:5: warning: incompatible implicit declaration of built-in function 'exit'
C:/Users/gd14470/sdsoc_workspace/lab1/Debug/_sds/swstubs/portinfo.c:24:5: note: include '<stdlib.h>' or provide a declaration of 'exit'
arm-none-eabi-g++  -mcpu=cortex-a9 -mfpu=vfpv3 -mfloat-abi=hard    -I C:/Xilinx/SDx/2018.2/target/aarch32-none/include  -D HLS_NO_XIL_FPO_LIB  -I C:/Xilinx/Vivado/2018.2/include -c  C:/Users/gd14470/sdsoc_workspace/lab1/Debug/_sds/swstubs/cf_stub.c
arm-none-eabi-ar crs C:/Users/gd14470/sdsoc_workspace/lab1/Debug/_sds/swstubs/libxlnk_stub.a C:/Users/gd14470/sdsoc_workspace/lab1/Debug/_sds/swstubs/portinfo.o C:/Users/gd14470/sdsoc_workspace/lab1/Debug/_sds/swstubs/cf_stub.o
Compile accelerator stub functions
arm-none-eabi-ar crs C:/Users/gd14470/sdsoc_workspace/lab1/Debug/_sds/swstubs/liblab1.a C:/Users/gd14470/sdsoc_workspace/lab1/Debug/_sds/swstubs/portinfo.o C:/Users/gd14470/sdsoc_workspace/lab1/Debug/_sds/swstubs/cf_stub.o 
Enable generation of boot files
Compile hardware access API functions
arm-none-eabi-gcc   -mcpu=cortex-a9 -mfpu=vfpv3 -mfloat-abi=hard    -I C:/Xilinx/SDx/2018.2/target/aarch32-none/include  -D HLS_NO_XIL_FPO_LIB  -I C:/Xilinx/Vivado/2018.2/include -c  C:/Users/gd14470/sdsoc_workspace/lab1/Debug/_sds/swstubs/portinfo.c
C:/Users/gd14470/sdsoc_workspace/lab1/Debug/_sds/swstubs/portinfo.c: In function '_p0_cf_framework_open':
C:/Users/gd14470/sdsoc_workspace/lab1/Debug/_sds/swstubs/portinfo.c:24:5: warning: implicit declaration of function 'exit' [-Wimplicit-function-declaration]
     exit(-1);
     ^~~~
C:/Users/gd14470/sdsoc_workspace/lab1/Debug/_sds/swstubs/portinfo.c:24:5: warning: incompatible implicit declaration of built-in function 'exit'
C:/Users/gd14470/sdsoc_workspace/lab1/Debug/_sds/swstubs/portinfo.c:24:5: note: include '<stdlib.h>' or provide a declaration of 'exit'
arm-none-eabi-g++  -mcpu=cortex-a9 -mfpu=vfpv3 -mfloat-abi=hard    -I C:/Xilinx/SDx/2018.2/target/aarch32-none/include  -D HLS_NO_XIL_FPO_LIB  -I C:/Xilinx/Vivado/2018.2/include -c  C:/Users/gd14470/sdsoc_workspace/lab1/Debug/_sds/swstubs/cf_stub.c
arm-none-eabi-ar crs C:/Users/gd14470/sdsoc_workspace/lab1/Debug/_sds/swstubs/libxlnk_stub.a C:/Users/gd14470/sdsoc_workspace/lab1/Debug/_sds/swstubs/portinfo.o C:/Users/gd14470/sdsoc_workspace/lab1/Debug/_sds/swstubs/cf_stub.o
arm-none-eabi-ar crs C:/Users/gd14470/sdsoc_workspace/lab1/Debug/_sds/swstubs/liblab1.a C:/Users/gd14470/sdsoc_workspace/lab1/Debug/_sds/swstubs/portinfo.o C:/Users/gd14470/sdsoc_workspace/lab1/Debug/_sds/swstubs/cf_stub.o 
C:/Xilinx/SDK/2018.2/bin/hsi  -mode batch -notrace -quiet -source C:/Users/gd14470/sdsoc_workspace/lab1/Debug/_sds/swstubs/standalone_bsp/create_bsp.tcl
INFO: [Hsi 55-1698] elapsed time for repository loading 0 seconds
generate_bsp: Time (s): cpu = 00:00:00 ; elapsed = 00:00:10 . Memory (MB): peak = 172.887 ; gain = 2.023
Create board support package library
C:/Xilinx/SDK/2018.2/bin/hsi  -mode batch -notrace -quiet -source C:/Users/gd14470/sdsoc_workspace/lab1/Debug/_sds/swstubs/standalone_bsp/create_bsp_post.tcl
INFO: [Hsi 55-1698] elapsed time for repository loading 0 seconds
"Running Make include in ps7_cortexa9_0/libsrc/coresightps_dcc_v1_4/src"

"Running Make include in ps7_cortexa9_0/libsrc/cpu_cortexa9_v2_6/src"

"Running Make include in ps7_cortexa9_0/libsrc/ddrps_v1_0/src"

"Running Make include in ps7_cortexa9_0/libsrc/devcfg_v3_5/src"

"Running Make include in ps7_cortexa9_0/libsrc/dmaps_v2_3/src"

"Running Make include in ps7_cortexa9_0/libsrc/emacps_v3_7/src"

"Running Make include in ps7_cortexa9_0/libsrc/gpiops_v3_3/src"

"Running Make include in ps7_cortexa9_0/libsrc/qspips_v3_4/src"

"Running Make include in ps7_cortexa9_0/libsrc/scugic_v3_9/src"

"Running Make include in ps7_cortexa9_0/libsrc/scutimer_v2_1/src"

"Running Make include in ps7_cortexa9_0/libsrc/scuwdt_v2_1/src"

"Running Make include in ps7_cortexa9_0/libsrc/sdps_v3_5/src"

"Running Make include in ps7_cortexa9_0/libsrc/standalone_v6_7/src"

"Running Make include in ps7_cortexa9_0/libsrc/ttcps_v3_6/src"

"Running Make include in ps7_cortexa9_0/libsrc/uartps_v3_6/src"

"Running Make include in ps7_cortexa9_0/libsrc/usbps_v2_4/src"

"Running Make include in ps7_cortexa9_0/libsrc/xadcps_v2_2/src"

"Running Make include in ps7_cortexa9_0/libsrc/xilffs_v3_7/src"

"Running Make libs in ps7_cortexa9_0/libsrc/coresightps_dcc_v1_4/src"

"Compiling coresightps_dcc"

arm-none-eabi-ar: creating ../../../lib/libxil.a

"Running Make libs in ps7_cortexa9_0/libsrc/cpu_cortexa9_v2_6/src"

"Compiling cpu_cortexa9"

"Running Make libs in ps7_cortexa9_0/libsrc/ddrps_v1_0/src"

"Compiling ddrps"

"Running Make libs in ps7_cortexa9_0/libsrc/devcfg_v3_5/src"

"Compiling devcfg"

"Running Make libs in ps7_cortexa9_0/libsrc/dmaps_v2_3/src"

"Compiling dmaps"

"Running Make libs in ps7_cortexa9_0/libsrc/emacps_v3_7/src"

"Compiling emacps"

"Running Make libs in ps7_cortexa9_0/libsrc/gpiops_v3_3/src"

"Compiling gpiops"

"Running Make libs in ps7_cortexa9_0/libsrc/qspips_v3_4/src"

"Compiling qspips"

"Running Make libs in ps7_cortexa9_0/libsrc/scugic_v3_9/src"

"Compiling scugic"

"Running Make libs in ps7_cortexa9_0/libsrc/scutimer_v2_1/src"

"Compiling scutimer"

"Running Make libs in ps7_cortexa9_0/libsrc/scuwdt_v2_1/src"

"Compiling scuwdt"

"Running Make libs in ps7_cortexa9_0/libsrc/sdps_v3_5/src"

"Compiling sdps"

"Running Make libs in ps7_cortexa9_0/libsrc/standalone_v6_7/src"

"Compiling standalone"

In file included from sleep.c:57:0:

xtime_l.h:89:9: note: #pragma message: For the sleep routines, Global timer is being used

 #pragma message ("For the sleep routines, Global timer is being used")

         ^~~~~~~

In file included from usleep.c:60:0:

xtime_l.h:89:9: note: #pragma message: For the sleep routines, Global timer is being used

 #pragma message ("For the sleep routines, Global timer is being used")

         ^~~~~~~

In file included from xil_sleeptimer.c:55:0:

xtime_l.h:89:9: note: #pragma message: For the sleep routines, Global timer is being used

 #pragma message ("For the sleep routines, Global timer is being used")

         ^~~~~~~

In file included from xtime_l.c:53:0:

xtime_l.h:89:9: note: #pragma message: For the sleep routines, Global timer is being used

 #pragma message ("For the sleep routines, Global timer is being used")

         ^~~~~~~

"Running Make libs in ps7_cortexa9_0/libsrc/ttcps_v3_6/src"

"Compiling ttcps"

"Running Make libs in ps7_cortexa9_0/libsrc/uartps_v3_6/src"

"Compiling uartps"

"Running Make libs in ps7_cortexa9_0/libsrc/usbps_v2_4/src"

"Compiling usbps"

"Running Make libs in ps7_cortexa9_0/libsrc/xadcps_v2_2/src"

"Compiling xadcps"

"Running Make libs in ps7_cortexa9_0/libsrc/xilffs_v3_7/src"

"Compiling XilFFs Library"

diskio.c:135:11: warning: 'ExtCsd' defined but not used [-Wunused-variable]

 static u8 ExtCsd[512] __attribute__ ((aligned(32)));

           ^~~~~~

'Finished building libraries'

generate_bsp: Time (s): cpu = 00:00:00 ; elapsed = 00:01:00 . Memory (MB): peak = 172.941 ; gain = 2.371
Link application ELF file
arm-none-eabi-g++ -mcpu=cortex-a9 -mfpu=vfpv3 -mfloat-abi=hard -Wl,--build-id=none -specs=C:/Xilinx/SDx/2018.2/data/toolchain/aarch32-none.spec -Wl,-T -Wl,C:/Xilinx/SDx/2018.2/platforms/zed/sw/standalone/standalone/lscript.ld   C:/Users/gd14470/sdsoc_workspace/lab1/Debug/src/madd.o C:/Users/gd14470/sdsoc_workspace/lab1/Debug/src/main.o C:/Users/gd14470/sdsoc_workspace/lab1/Debug/src/mmult.o C:/Users/gd14470/sdsoc_workspace/lab1/Debug/_sds/swstubs/portinfo.o  -L C:/Users/gd14470/sdsoc_workspace/lab1/Debug/_sds/swstubs/standalone_bsp/ps7_cortexa9_0/lib  -L C:/Xilinx/SDx/2018.2/target/aarch32-none/lib -LC:/Users/gd14470/sdsoc_workspace/lab1/Debug/_sds/swstubs -Wl,--start-group -lxilffs -lgcc -lc -lstdc++ -Wl,--end-group -Wl,--start-group   -lxilffs -lxil  -lgcc -lc  -lsds_lib -lxlnk_stub -lgcc -lc -Wl,--end-group -o C:/Users/gd14470/sdsoc_workspace/lab1/Debug/_sds/swstubs/lab1.elf
arm-none-eabi-objcopy -R .xdinfo -R .xddata -R .xdasm -R .xdfcnmap -R .xdhlscore -R .xdif -R .xdparams -R .xdcore -R .xdrepo -R .xdsdata -R .xdpp C:/Users/gd14470/sdsoc_workspace/lab1/Debug/_sds/swstubs/lab1.elf
sds++ log file saved as C:/Users/gd14470/sdsoc_workspace/lab1/Debug/_sds/reports/sds.log
sds++ completed at Tue Feb 12 10:11:04 +0000 2019
