
****** Vivado(TM) HLS - High-Level Synthesis from C, C++ and SystemC v2018.3 (64-bit)
  **** SW Build 2405991 on Thu Dec  6 23:38:27 MST 2018
  **** IP Build 2404404 on Fri Dec  7 01:43:56 MST 2018
    ** Copyright 1986-2018 Xilinx, Inc. All Rights Reserved.

source C:/Xilinx/Vivado/2018.3/scripts/vivado_hls/hls.tcl -notrace
INFO: [HLS 200-10] Running 'C:/Xilinx/Vivado/2018.3/bin/unwrapped/win64.o/vivado_hls.exe'
INFO: [HLS 200-10] For user 'Naimu' on host 'desktop-6olia81' (Windows NT_amd64 version 6.2) on Thu Mar 14 09:41:12 +0000 2019
INFO: [HLS 200-10] In directory 'C:/Users/Naimu/workspace/lab_2/Release/_sds/vhls'
INFO: [HLS 200-10] Creating and opening project 'C:/Users/Naimu/workspace/lab_2/Release/_sds/vhls/madd'.
INFO: [HLS 200-10] Adding design file 'C:/Users/Naimu/workspace/lab_2/src/madd.cpp' to the project
INFO: [HLS 200-10] Creating and opening solution 'C:/Users/Naimu/workspace/lab_2/Release/_sds/vhls/madd/solution'.
INFO: [HLS 200-10] Cleaning up the solution database.
INFO: [HLS 200-10] Setting target device to ' xc7z020clg484-1 '
INFO: [SYN 201-201] Setting up clock 'default' with a period of 10ns.
INFO: [HLS 200-435] Setting 'config_sdx -target' configuration: config_sdx -optimization_level=0
INFO: [HLS 200-435] Setting 'config_sdx -optimization_level' configuration: config_export -vivado_phys_opt=none
INFO: [HLS 200-435] Setting 'config_sdx -optimization_level' configuration: config_bind -effort=medium
INFO: [HLS 200-435] Setting 'config_sdx -optimization_level' configuration: config_schedule -effort=medium
INFO: [HLS 200-435] Setting 'config_sdx -target' configuration: config_schedule -relax_ii_for_timing=0
INFO: [HLS 200-435] Setting 'config_sdx -target' configuration: config_rtl -auto_prefix=1
INFO: [HLS 200-435] Setting 'config_sdx -target' configuration: set_clock_uncertainty 27%
INFO: [SYN 201-201] Setting up clock 'default' with an uncertainty of 2.7ns.
INFO: [HLS 200-10] Analyzing design file 'C:/Users/Naimu/workspace/lab_2/src/madd.cpp' ... 
INFO: [HLS 200-111] Finished Linking Time (s): cpu = 00:00:01 ; elapsed = 00:00:06 . Memory (MB): peak = 104.090 ; gain = 17.914
INFO: [HLS 200-111] Finished Checking Pragmas Time (s): cpu = 00:00:01 ; elapsed = 00:00:06 . Memory (MB): peak = 104.090 ; gain = 17.914
INFO: [HLS 200-10] Starting code transformations ...
INFO: [HLS 200-111] Finished Standard Transforms Time (s): cpu = 00:00:01 ; elapsed = 00:00:06 . Memory (MB): peak = 105.328 ; gain = 19.152
INFO: [HLS 200-10] Checking synthesizability ...
INFO: [HLS 200-111] Finished Checking Synthesizability Time (s): cpu = 00:00:01 ; elapsed = 00:00:06 . Memory (MB): peak = 105.582 ; gain = 19.406
INFO: [HLS 200-111] Finished Pre-synthesis Time (s): cpu = 00:00:01 ; elapsed = 00:00:06 . Memory (MB): peak = 127.125 ; gain = 40.949
INFO: [XFORM 203-541] Flattening a loop nest 'Loop-1' (C:/Users/Naimu/workspace/lab_2/src/madd.cpp:47:10) in function 'madd'.
INFO: [HLS 200-111] Finished Architecture Synthesis Time (s): cpu = 00:00:01 ; elapsed = 00:00:07 . Memory (MB): peak = 127.125 ; gain = 40.949
INFO: [HLS 200-10] Starting hardware synthesis ...
INFO: [HLS 200-10] Synthesizing 'madd' ...
INFO: [HLS 200-10] ----------------------------------------------------------------
INFO: [HLS 200-42] -- Implementing module 'madd' 
INFO: [HLS 200-10] ----------------------------------------------------------------
INFO: [SCHED 204-11] Starting scheduling ...
INFO: [SCHED 204-61] Pipelining loop 'Loop 1'.
INFO: [SCHED 204-61] Pipelining result : Target II = 1, Final II = 1, Depth = 8.
WARNING: [SCHED 204-71] Latency directive discarded for region madd since it contains subloops.
INFO: [SCHED 204-11] Finished scheduling.
INFO: [HLS 200-111]  Elapsed time: 6.844 seconds; current allocated memory: 76.580 MB.
INFO: [BIND 205-100] Starting micro-architecture generation ...
INFO: [BIND 205-101] Performing variable lifetime analysis.
INFO: [BIND 205-101] Exploring resource sharing.
INFO: [BIND 205-101] Binding ...
INFO: [BIND 205-100] Finished micro-architecture generation.
INFO: [HLS 200-111]  Elapsed time: 0.127 seconds; current allocated memory: 76.728 MB.
INFO: [HLS 200-10] ----------------------------------------------------------------
INFO: [HLS 200-10] -- Generating RTL for module 'madd' 
INFO: [HLS 200-10] ----------------------------------------------------------------
INFO: [RTGEN 206-500] Setting interface mode on port 'madd/A' to 'ap_fifo'.
INFO: [RTGEN 206-500] Setting interface mode on port 'madd/B' to 'ap_fifo'.
INFO: [RTGEN 206-500] Setting interface mode on port 'madd/C' to 'ap_fifo'.
INFO: [RTGEN 206-500] Setting interface mode on function 'madd' to 'ap_ctrl_hs'.
INFO: [SYN 201-210] Renamed object name 'madd_fadd_32ns_32ns_32_5_full_dsp_1' to 'madd_fadd_32ns_32bkb' due to the length limit 20
INFO: [RTGEN 206-100] Generating core module 'madd_fadd_32ns_32bkb': 1 instance(s).
INFO: [RTGEN 206-100] Finished creating RTL model for 'madd'.
INFO: [HLS 200-111]  Elapsed time: 0.17 seconds; current allocated memory: 77.050 MB.
INFO: [HLS 200-111] Finished generating all RTL models Time (s): cpu = 00:00:02 ; elapsed = 00:00:09 . Memory (MB): peak = 127.125 ; gain = 40.949
INFO: [SYSC 207-301] Generating SystemC RTL for madd with prefix a1_.
INFO: [VHDL 208-304] Generating VHDL RTL for madd with prefix a1_.
INFO: [VLOG 209-307] Generating Verilog RTL for madd with prefix a1_.
INFO: [IMPL 213-8] Exporting RTL as a Vivado IP.

****** Vivado v2018.3 (64-bit)
  **** SW Build 2405991 on Thu Dec  6 23:38:27 MST 2018
  **** IP Build 2404404 on Fri Dec  7 01:43:56 MST 2018
    ** Copyright 1986-2018 Xilinx, Inc. All Rights Reserved.

source run_ippack.tcl -notrace
INFO: [IP_Flow 19-234] Refreshing IP repositories
INFO: [IP_Flow 19-1704] No user IP repositories specified
INFO: [IP_Flow 19-2313] Loaded Vivado IP repository 'C:/Xilinx/Vivado/2018.3/data/ip'.
WARNING: [IP_Flow 19-4832] The IP name 'a1_madd_ap_fadd_3_full_dsp_32' you have specified is long. The Windows operating system has path length limitations. It is recommended you use shorter names to reduce the likelihood of issues.
INFO: [IP_Flow 19-1686] Generating 'Synthesis' target for IP 'a1_madd_ap_fadd_3_full_dsp_32'...
INFO: [IP_Flow 19-1686] Generating 'Simulation' target for IP 'a1_madd_ap_fadd_3_full_dsp_32'...
INFO: [IP_Flow 19-234] Refreshing IP repositories
INFO: [IP_Flow 19-1704] No user IP repositories specified
INFO: [IP_Flow 19-2313] Loaded Vivado IP repository 'C:/Xilinx/Vivado/2018.3/data/ip'.
INFO: [Common 17-206] Exiting Vivado at Thu Mar 14 09:41:36 2019...
INFO: [HLS 200-112] Total elapsed time: 24.454 seconds; peak allocated memory: 77.050 MB.
INFO: [Common 17-206] Exiting vivado_hls at Thu Mar 14 09:41:36 2019...
