09:57:55 INFO  : Registering command handlers for SDx TCF services
09:57:55 INFO  : Registering command handlers for SDK TCF services
09:57:56 INFO  : Launching XSCT server: xsct.bat -n -sdx -interactive C:\Users\gd14470\sdsoc_workspace\temp_xsdb_launch_script.tcl
09:57:57 INFO  : Validating SDSoC License...
09:57:57 INFO  : License available for SDSoC
09:57:57 INFO  : Validating SDAccel License...
09:57:57 INFO  : License for SDAccel is unavailable
09:58:01 INFO  : XSCT server has started successfully.
09:58:01 INFO  : plnx-install-location is set to ''
09:58:01 INFO  : Successfully done setting XSCT server connection channel  
09:58:02 INFO  : Successfully done setting SDK workspace  
09:08:58 INFO  : Launching XSCT server: xsct.bat -n -sdx -interactive C:\Users\nh15775\workspace\temp_xsdb_launch_script.tcl
09:09:01 INFO  : XSCT server has started successfully.
09:09:01 INFO  : Successfully done setting XSCT server connection channel  
09:09:01 INFO  : plnx-install-location is set to ''
09:09:01 INFO  : Successfully done setting SDK workspace  
09:09:02 INFO  : Registering command handlers for SDx TCF services
09:09:02 INFO  : Registering command handlers for SDK TCF services
09:09:02 INFO  : Validating SDSoC License...
09:09:02 INFO  : License available for SDSoC
09:09:02 INFO  : Validating SDAccel License...
09:09:02 INFO  : License for SDAccel is unavailable
10:27:33 INFO  : Registering command handlers for SDx TCF services
10:27:33 INFO  : Registering command handlers for SDK TCF services
10:27:33 INFO  : Launching XSCT server: xsct.bat -n -sdx -interactive C:\Users\nh15775\workspace\temp_xsdb_launch_script.tcl
10:27:34 INFO  : Validating SDSoC License...
10:27:34 INFO  : License available for SDSoC
10:27:34 INFO  : Validating SDAccel License...
10:27:34 INFO  : License for SDAccel is unavailable
10:27:36 INFO  : XSCT server has started successfully.
10:27:36 INFO  : plnx-install-location is set to ''
10:27:36 INFO  : Successfully done setting XSCT server connection channel  
10:27:36 INFO  : Successfully done setting SDK workspace  
11:36:04 INFO  : Connected to target on host '127.0.0.1' and port '3121'.
11:36:05 INFO  : Jtag cable 'Digilent Zed 210248570671' is selected.
11:36:05 INFO  : 'jtag frequency' command is executed.
11:36:05 INFO  : Context for 'APU' is selected.
11:36:05 INFO  : System reset is completed.
11:36:08 INFO  : 'after 3000' command is executed.
11:36:08 INFO  : 'targets -set -filter {jtag_cable_name =~ "Digilent Zed 210248570671" && level==0} -index 1' command is executed.
11:36:11 INFO  : FPGA configured successfully with bitstream "C:/Users/nh15775/workspace/lab_2/Release/lab_2.elf.bit"
11:36:11 INFO  : Context for 'APU' is selected.
11:36:11 INFO  : Hardware design information is loaded from 'C:/Users/nh15775/workspace/lab_2/Release/_sds/p0/vpl/system.hdf'.
11:36:11 INFO  : 'configparams force-mem-access 1' command is executed.
11:36:11 INFO  : Context for 'APU' is selected.
11:36:11 INFO  : Sourcing of 'C:/Users/nh15775/workspace/lab_2/Release/_sds/p0/vpl/ps7_init.tcl' is done.
11:36:11 INFO  : 'ps7_init' command is executed.
11:36:11 INFO  : 'ps7_post_config' command is executed.
11:36:11 INFO  : Context for processor 'ps7_cortexa9_0' is selected.
11:36:13 INFO  : The application 'C:/Users/nh15775/workspace/lab_2/Release/lab_2.elf' is downloaded to processor 'ps7_cortexa9_0'.
11:36:13 INFO  : 'configparams force-mem-access 0' command is executed.
11:36:13 INFO  : ----------------XSDB Script----------------
connect -url tcp:127.0.0.1:3121
targets -set -nocase -filter {name =~"APU*" && jtag_cable_name =~ "Digilent Zed 210248570671"} -index 0
rst -system
after 3000
targets -set -filter {jtag_cable_name =~ "Digilent Zed 210248570671" && level==0} -index 1
fpga -file C:/Users/nh15775/workspace/lab_2/Release/lab_2.elf.bit
targets -set -nocase -filter {name =~"APU*" && jtag_cable_name =~ "Digilent Zed 210248570671"} -index 0
loadhw -hw C:/Users/nh15775/workspace/lab_2/Release/_sds/p0/vpl/system.hdf -mem-ranges [list {0x40000000 0xbfffffff}]
configparams force-mem-access 1
targets -set -nocase -filter {name =~"APU*" && jtag_cable_name =~ "Digilent Zed 210248570671"} -index 0
source C:/Users/nh15775/workspace/lab_2/Release/_sds/p0/vpl/ps7_init.tcl
ps7_init
ps7_post_config
targets -set -nocase -filter {name =~ "ARM*#0" && jtag_cable_name =~ "Digilent Zed 210248570671"} -index 0
dow C:/Users/nh15775/workspace/lab_2/Release/lab_2.elf
configparams force-mem-access 0
----------------End of Script----------------

11:36:13 INFO  : Context for processor 'ps7_cortexa9_0' is selected.
11:36:13 INFO  : 'con' command is executed.
11:36:13 INFO  : ----------------XSDB Script (After Launch)----------------
targets -set -nocase -filter {name =~ "ARM*#0" && jtag_cable_name =~ "Digilent Zed 210248570671"} -index 0
con
----------------End of Script----------------

11:36:13 INFO  : Launch script is exported to file 'C:\Users\nh15775\workspace\.sdk\launch_scripts\xilinx_sdx_application_debugger\debugger_lab_2(default).tcl'
11:38:03 INFO  : Disconnected from the channel tcfchan#1.
11:38:04 INFO  : Connected to target on host '127.0.0.1' and port '3121'.
11:38:04 INFO  : Jtag cable 'Digilent Zed 210248570671' is selected.
11:38:04 INFO  : 'jtag frequency' command is executed.
11:38:04 INFO  : Context for 'APU' is selected.
11:38:05 INFO  : System reset is completed.
11:38:08 INFO  : 'after 3000' command is executed.
11:38:08 INFO  : 'targets -set -filter {jtag_cable_name =~ "Digilent Zed 210248570671" && level==0} -index 1' command is executed.
11:38:10 INFO  : FPGA configured successfully with bitstream "C:/Users/nh15775/workspace/lab_2/Release/lab_2.elf.bit"
11:38:10 INFO  : Context for 'APU' is selected.
11:38:12 INFO  : Hardware design information is loaded from 'C:/Users/nh15775/workspace/lab_2/Release/_sds/p0/vpl/system.hdf'.
11:38:12 INFO  : 'configparams force-mem-access 1' command is executed.
11:38:12 INFO  : Context for 'APU' is selected.
11:38:12 INFO  : Sourcing of 'C:/Users/nh15775/workspace/lab_2/Release/_sds/p0/vpl/ps7_init.tcl' is done.
11:38:12 INFO  : 'ps7_init' command is executed.
11:38:12 INFO  : 'ps7_post_config' command is executed.
11:38:12 INFO  : Context for processor 'ps7_cortexa9_0' is selected.
11:38:14 INFO  : The application 'C:/Users/nh15775/workspace/lab_2/Release/lab_2.elf' is downloaded to processor 'ps7_cortexa9_0'.
11:38:14 INFO  : 'configparams force-mem-access 0' command is executed.
11:38:14 INFO  : ----------------XSDB Script----------------
connect -url tcp:127.0.0.1:3121
targets -set -nocase -filter {name =~"APU*" && jtag_cable_name =~ "Digilent Zed 210248570671"} -index 0
rst -system
after 3000
targets -set -filter {jtag_cable_name =~ "Digilent Zed 210248570671" && level==0} -index 1
fpga -file C:/Users/nh15775/workspace/lab_2/Release/lab_2.elf.bit
targets -set -nocase -filter {name =~"APU*" && jtag_cable_name =~ "Digilent Zed 210248570671"} -index 0
loadhw -hw C:/Users/nh15775/workspace/lab_2/Release/_sds/p0/vpl/system.hdf -mem-ranges [list {0x40000000 0xbfffffff}]
configparams force-mem-access 1
targets -set -nocase -filter {name =~"APU*" && jtag_cable_name =~ "Digilent Zed 210248570671"} -index 0
source C:/Users/nh15775/workspace/lab_2/Release/_sds/p0/vpl/ps7_init.tcl
ps7_init
ps7_post_config
targets -set -nocase -filter {name =~ "ARM*#0" && jtag_cable_name =~ "Digilent Zed 210248570671"} -index 0
dow C:/Users/nh15775/workspace/lab_2/Release/lab_2.elf
configparams force-mem-access 0
----------------End of Script----------------

11:38:14 INFO  : Context for processor 'ps7_cortexa9_0' is selected.
11:38:14 INFO  : 'con' command is executed.
11:38:14 INFO  : ----------------XSDB Script (After Launch)----------------
targets -set -nocase -filter {name =~ "ARM*#0" && jtag_cable_name =~ "Digilent Zed 210248570671"} -index 0
con
----------------End of Script----------------

11:38:14 INFO  : Launch script is exported to file 'C:\Users\nh15775\workspace\.sdk\launch_scripts\xilinx_sdx_application_debugger\debugger_lab_2(default).tcl'
