INFO-FLOW: Workspace C:/Users/Naimu/workspace/lab_2/Release/_sds/vhls/block_mmult/solution opened at Thu Mar 14 11:10:29 +0000 2019
Execute   set_part  xc7z020clg484-1  
Execute     add_library xilinx/zynq/zynq:xc7z020:clg484:-1 
Execute       get_default_platform 
Execute       license_isbetapart xc7z020 
Command       license_isbetapart done; error code: 1; 
Execute       open_platform DefaultPlatform 
Execute       import_lib C:/Xilinx/Vivado/2018.3/common/technology/xilinx/zynq/zynq 
Execute         source C:/Xilinx/Vivado/2018.3/common/technology/xilinx/common/xilinx.lib 
Execute           source C:/Xilinx/Vivado/2018.3/common/technology/xilinx/interface/xilinx_interface.lib 
Execute             source C:/Xilinx/Vivado/2018.3/common/technology/xilinx/interface/plb46.lib 
Execute             source C:/Xilinx/Vivado/2018.3/common/technology/xilinx/interface/fsl.lib 
Execute             source C:/Xilinx/Vivado/2018.3/common/technology/xilinx/interface/axi4.lib 
Execute             source C:/Xilinx/Vivado/2018.3/common/technology/xilinx/interface/maxi.lib 
Execute             source C:/Xilinx/Vivado/2018.3/common/technology/xilinx/interface/saxilite.lib 
Execute           source C:/Xilinx/Vivado/2018.3/common/technology/xilinx/common/dsp48.lib 
Execute           source C:/Xilinx/Vivado/2018.3/common/technology/xilinx/ip/dds_compiler.lib 
Execute           source C:/Xilinx/Vivado/2018.3/common/technology/xilinx/ip/xfft.lib 
Execute           source C:/Xilinx/Vivado/2018.3/common/technology/xilinx/ip/xfir.lib 
Execute         source C:/Xilinx/Vivado/2018.3/common/technology/xilinx/common/xilinx_old.lib 
Execute         source C:/Xilinx/Vivado/2018.3/common/technology/xilinx/common/xilinx_vivado.lib 
Execute         source C:/Xilinx/Vivado/2018.3/common/technology/xilinx/common/xilinx.hlp 
Execute           source C:/Xilinx/Vivado/2018.3/common/technology/xilinx/common/target_info.tcl 
Execute           source C:/Xilinx/Vivado/2018.3/common/technology/xilinx/interface/xilinx_interface.hlp 
Execute             source C:/Xilinx/Vivado/2018.3/common/technology/xilinx/interface/maxi.hlp 
Execute             source C:/Xilinx/Vivado/2018.3/common/technology/xilinx/interface/saxilite.hlp 
Execute           source C:/Xilinx/Vivado/2018.3/common/technology/xilinx/common/dsp48.hlp 
Execute         source C:/Xilinx/Vivado/2018.3/common/technology/xilinx/zynq/dsp48e1.hlp 
Execute         get_default_platform 
Execute         config_chip_info -quiet -resource  {SLICE 13300}  {LUT 53200}     {FF 106400} {DSP48E 220}   {BRAM 280}  
Execute         config_chip_info -quiet -speed medium 
Execute         source C:/Xilinx/Vivado/2018.3/common/technology/xilinx/common/xilinx.hlp 
Execute           source C:/Xilinx/Vivado/2018.3/common/technology/xilinx/common/target_info.tcl 
Execute           source C:/Xilinx/Vivado/2018.3/common/technology/xilinx/interface/xilinx_interface.hlp 
Execute             source C:/Xilinx/Vivado/2018.3/common/technology/xilinx/interface/maxi.hlp 
Execute             source C:/Xilinx/Vivado/2018.3/common/technology/xilinx/interface/saxilite.hlp 
Execute           source C:/Xilinx/Vivado/2018.3/common/technology/xilinx/common/dsp48.hlp 
Command       import_lib done; 0.269 sec.
Execute       source C:/Xilinx/Vivado/2018.3/common/technology/xilinx/zynq/zynq.gen 
Execute         source C:/Xilinx/Vivado/2018.3/common/technology/xilinx/common/virtex.gen 
Execute           source C:/Xilinx/Vivado/2018.3/common/technology/xilinx/common/xilinx.gen 
Execute             source C:/Xilinx/Vivado/2018.3/common/technology/xilinx/interface/plb46.gen 
Execute             source C:/Xilinx/Vivado/2018.3/common/technology/xilinx/interface/fsl.gen 
Execute             source C:/Xilinx/Vivado/2018.3/common/technology/xilinx/interface/axi4.gen 
Execute             source C:/Xilinx/Vivado/2018.3/common/technology/xilinx/interface/nativeAXI4.gen 
Execute               source C:/Xilinx/Vivado/2018.3/common/technology/xilinx/interface/saxilite.gen 
Execute               source C:/Xilinx/Vivado/2018.3/common/technology/xilinx/interface/maxi.gen 
Execute             source C:/Xilinx/Vivado/2018.3/common/technology/xilinx/scripts/xilinxcoregen.gen 
Command             ap_source done; 0.19 sec.
Execute             source C:/Xilinx/Vivado/2018.3/common/technology/xilinx/interface/XilEDKCoreGen.gen 
Execute             source C:/Xilinx/Vivado/2018.3/common/technology/xilinx/ip/dds_compiler.gen 
Execute             source C:/Xilinx/Vivado/2018.3/common/technology/xilinx/ip/util.gen 
Execute             source C:/Xilinx/Vivado/2018.3/common/technology/xilinx/ip/xfft.gen 
Command             ap_source done; 0.261 sec.
Execute             source C:/Xilinx/Vivado/2018.3/common/technology/xilinx/ip/xfir.gen 
Command           ap_source done; 0.643 sec.
Execute           source C:/Xilinx/Vivado/2018.3/common/technology/xilinx/common/dsp48.gen 
Command         ap_source done; 0.673 sec.
Command       ap_source done; 0.682 sec.
Execute       get_default_platform 
Execute       config_chip_info -quiet -resource  {SLICE 13300}  {LUT 53200}     {FF 106400} {DSP48E 220}   {BRAM 280}  
Execute       config_chip_info -quiet -speed slow 
Command     add_library done; 0.996 sec.
Execute     add_library xilinx/zynq/zynq_fpv6 
Execute       get_default_platform 
Execute       open_platform DefaultPlatform 
Execute       import_lib C:/Xilinx/Vivado/2018.3/common/technology/xilinx/zynq/zynq_fpv6 
Execute         source C:/Xilinx/Vivado/2018.3/common/technology/xilinx/common/xilinx_fpv7.lib 
Execute           source C:/Xilinx/Vivado/2018.3/common/technology/xilinx/common/xilinx_hp.lib 
Execute         source C:/Xilinx/Vivado/2018.3/common/technology/xilinx/common/xilinx_fpv.hlp 
Execute           source C:/Xilinx/Vivado/2018.3/common/technology/xilinx/common/xilinx.hlp 
Execute             source C:/Xilinx/Vivado/2018.3/common/technology/xilinx/common/target_info.tcl 
Execute             source C:/Xilinx/Vivado/2018.3/common/technology/xilinx/interface/xilinx_interface.hlp 
Execute               source C:/Xilinx/Vivado/2018.3/common/technology/xilinx/interface/maxi.hlp 
Execute               source C:/Xilinx/Vivado/2018.3/common/technology/xilinx/interface/saxilite.hlp 
Execute             source C:/Xilinx/Vivado/2018.3/common/technology/xilinx/common/dsp48.hlp 
Execute         source C:/Xilinx/Vivado/2018.3/common/technology/xilinx/zynq/zynq_hp.hlp 
Command       import_lib done; 0.106 sec.
Execute       source C:/Xilinx/Vivado/2018.3/common/technology/xilinx/zynq/zynq_fpv6.gen 
Execute         source C:/Xilinx/Vivado/2018.3/common/technology/xilinx/common/xilinx_fpv6.gen 
Command     add_library done; 0.169 sec.
INFO: [HLS 200-10] Setting target device to ' xc7z020clg484-1 '
Execute     get_default_platform 
Command   set_part done; 1.295 sec.
Execute   create_clock -period 10.000000 
Execute     config_clock -quiet -name default -period 10 -default=false 
INFO: [SYN 201-201] Setting up clock 'default' with a period of 10ns.
Execute   config_sdx -target sds 
Execute     send_msg_by_id INFO @200-435@%s%s 'config_sdx -target' config_sdx -optimization_level=0 
INFO: [HLS 200-435] Setting 'config_sdx -target' configuration: config_sdx -optimization_level=0
Execute     config_sdx -optimization_level=0 
Execute       get_config_export -vivado_synth_design_args 
Execute       get_config_export -vivado_impl_strategy 
Execute       get_config_export -vivado_synth_strategy 
Execute       get_config_export -vivado_phys_opt 
Execute       send_msg_by_id INFO @200-435@%s%s 'config_sdx -optimization_level' config_export -vivado_phys_opt=none 
INFO: [HLS 200-435] Setting 'config_sdx -optimization_level' configuration: config_export -vivado_phys_opt=none
Execute       config_export -vivado_phys_opt=none 
Execute       get_config_bind -effort 
Execute       send_msg_by_id INFO @200-435@%s%s 'config_sdx -optimization_level' config_bind -effort=medium 
INFO: [HLS 200-435] Setting 'config_sdx -optimization_level' configuration: config_bind -effort=medium
Execute       config_bind -effort=medium 
Execute       get_config_schedule -effort 
Execute       send_msg_by_id INFO @200-435@%s%s 'config_sdx -optimization_level' config_schedule -effort=medium 
INFO: [HLS 200-435] Setting 'config_sdx -optimization_level' configuration: config_schedule -effort=medium
Execute       config_schedule -effort=medium 
Execute     get_config_compile -pipeline_loops 
Execute     get_config_compile -name_max_length 
Execute     get_config_schedule -relax_ii_for_timing 
Execute     send_msg_by_id INFO @200-435@%s%s 'config_sdx -target' config_schedule -relax_ii_for_timing=0 
INFO: [HLS 200-435] Setting 'config_sdx -target' configuration: config_schedule -relax_ii_for_timing=0
Execute     config_schedule -relax_ii_for_timing=0 
Execute     get_config_schedule -enable_dsp_full_reg 
Execute     get_config_rtl -register_reset_num 
Execute     get_config_rtl -auto_prefix 
Execute     send_msg_by_id INFO @200-435@%s%s 'config_sdx -target' config_rtl -auto_prefix=1 
INFO: [HLS 200-435] Setting 'config_sdx -target' configuration: config_rtl -auto_prefix=1
Execute     config_rtl -auto_prefix=1 
Execute     get_config_rtl -enable_maxiConservative 
Execute     get_config_interface -m_axi_addr64 
Execute     send_msg_by_id INFO @200-435@%s%s 'config_sdx -target' set_clock_uncertainty 27% 
INFO: [HLS 200-435] Setting 'config_sdx -target' configuration: set_clock_uncertainty 27%
Execute     set_clock_uncertainty 27% 
Execute       get_clock_period -default -name=default 
Execute       config_clock -quiet -name default -uncertainty 2.7 -unit % 
INFO: [SYN 201-201] Setting up clock 'default' with an uncertainty of 2.7ns.
Command   config_sdx done; 0.137 sec.
Execute   config_rtl -reset_level low 
Execute   source C:/Users/Naimu/workspace/lab_2/Release/_sds/vhls/block_mmult.tcl 
Execute     set_directive_interface -mode m_axi -offset direct block_mmult A -bundle=A 
INFO-FLOW: Setting directive 'INTERFACE' m_axi=positionBoolean0mode port=positionBooleanTextRequiredA offset=direct bundle=A 
Execute     set_directive_interface -mode m_axi -offset direct block_mmult B -bundle=B 
INFO-FLOW: Setting directive 'INTERFACE' m_axi=positionBoolean0mode port=positionBooleanTextRequiredA offset=direct bundle=A 
INFO-FLOW: Setting directive 'INTERFACE' m_axi=positionBoolean0mode port=positionBooleanTextRequiredB offset=direct bundle=B 
Execute     set_directive_interface -mode m_axi -offset direct block_mmult C -bundle=C 
INFO-FLOW: Setting directive 'INTERFACE' m_axi=positionBoolean0mode port=positionBooleanTextRequiredA offset=direct bundle=A 
INFO-FLOW: Setting directive 'INTERFACE' m_axi=positionBoolean0mode port=positionBooleanTextRequiredB offset=direct bundle=B 
INFO-FLOW: Setting directive 'INTERFACE' m_axi=positionBoolean0mode port=positionBooleanTextRequiredC offset=direct bundle=C 
Execute     set_directive_latency -min 1 block_mmult 
INFO-FLOW: Setting directive 'INTERFACE' m_axi=positionBoolean0mode port=positionBooleanTextRequiredA offset=direct bundle=A 
INFO-FLOW: Setting directive 'INTERFACE' m_axi=positionBoolean0mode port=positionBooleanTextRequiredB offset=direct bundle=B 
INFO-FLOW: Setting directive 'INTERFACE' m_axi=positionBoolean0mode port=positionBooleanTextRequiredC offset=direct bundle=C 
INFO-FLOW: Setting directive 'LATENCY' min=1 
Execute   config_rtl -prefix a0_ 
Execute   csynth_design 
Execute     get_config_compile -effort 
Execute     get_config_compile -enable_clang39 
Execute     get_config_compile -g 
Execute     get_config_compile -lm 
Execute     get_config_compile -ng 
Execute     get_config_compile -opt_fp 
Execute     get_config_compile -skip_cdt 
Execute     get_config_compile -skip_syncheck 
Execute     get_config_compile -skip_transform 
Execute     config_compile -blackbox  
Execute     get_config_compile -keep_printf 
Execute     elaborate -effort=medium -skip_syncheck=0 -keep_printf=0 -lm=0 -skip_cdt=0 -skip_transform=0 -ng=0 -g=0 -opt_fp=0 -from_csynth_design=1 
Execute       get_config_schedule -relax_ii_for_timing 
Execute       get_config_schedule -suppress_dependence_error_break 
INFO: [HLS 200-10] Analyzing design file 'C:/Users/Naimu/workspace/lab_2/src/block_mmult.cpp' ... 
INFO-FLOW: Compiling one TU...
Execute       is_m_axi_addr64 
INFO-FLOW: Handling C:/Users/Naimu/workspace/lab_2/src/block_mmult.cpp as C++
Execute       get_default_platform 
Execute       is_encrypted C:/Users/Naimu/workspace/lab_2/src/block_mmult.cpp 
Execute       get_default_platform 
INFO-FLOW: Running: GCC PP
INFO-FLOW: Source preprocessing
Execute       clang  -fno-limit-debug-info -gcc-toolchain "C:/Xilinx/Vivado/2018.3/msys" -hls  -fno-exceptions  -D__llvm__  -E "C:/Users/Naimu/workspace/lab_2/src/block_mmult.cpp"   -IC:/Users/Naimu/workspace/lab_2/src -Wall -O3 -fmessage-length=0 -D__SDSCC__ -m32 -DHLS_NO_XIL_FPO_LIB -IC:/Xilinx/SDx/2018.3/target/aarch32-none/include -IC:/Users/Naimu/workspace/lab_2/src -D__SDSVHLS__ -D__SDSVHLS_SYNTHESIS__ -IC:/Users/Naimu/workspace/lab_2/Release -w  -fno-math-errno -c -emit-llvm -O0  -mllvm -disable-llvm-optzns -fno-threadsafe-statics  -fno-use-cxa-atexit  -fno-threadsafe-statics -fno-use-cxa-atexit -D__CLANG_3_1__ -D__cdecl= -DAESL_SYN -D__SYNTHESIS__ -D__HLS_SYN__ -I "C:/Xilinx/Vivado/2018.3/common/technology/autopilot" -I "C:/Xilinx/Vivado/2018.3/common/technology/autopilot/ap_sysc" -include etc/autopilot_ssdm_op.h -D__DSP48E1__  -o "C:/Users/Naimu/workspace/lab_2/Release/_sds/vhls/block_mmult/solution/.autopilot/db/block_mmult.pp.0.cpp" 
INFO-FLOW: exec C:/Xilinx/Vivado/2018.3/win64/tools/clang/bin/clang -fno-limit-debug-info -gcc-toolchain C:/Xilinx/Vivado/2018.3/msys -hls -fno-exceptions -D__llvm__ -E C:/Users/Naimu/workspace/lab_2/src/block_mmult.cpp -IC:/Users/Naimu/workspace/lab_2/src -Wall -O3 -fmessage-length=0 -D__SDSCC__ -m32 -DHLS_NO_XIL_FPO_LIB -IC:/Xilinx/SDx/2018.3/target/aarch32-none/include -IC:/Users/Naimu/workspace/lab_2/src -D__SDSVHLS__ -D__SDSVHLS_SYNTHESIS__ -IC:/Users/Naimu/workspace/lab_2/Release -w -fno-math-errno -c -emit-llvm -O0 -mllvm -disable-llvm-optzns -fno-threadsafe-statics -fno-use-cxa-atexit -fno-threadsafe-statics -fno-use-cxa-atexit -D__CLANG_3_1__ -D__cdecl= -DAESL_SYN -D__SYNTHESIS__ -D__HLS_SYN__ -I C:/Xilinx/Vivado/2018.3/common/technology/autopilot -I C:/Xilinx/Vivado/2018.3/common/technology/autopilot/ap_sysc -include etc/autopilot_ssdm_op.h -D__DSP48E1__ -o C:/Users/Naimu/workspace/lab_2/Release/_sds/vhls/block_mmult/solution/.autopilot/db/block_mmult.pp.0.cpp
Command       clang done; 2.681 sec.
Execute       tidy_31 xilinx-xfmat-array-geometry C:/Users/Naimu/workspace/lab_2/Release/_sds/vhls/block_mmult/solution/.autopilot/db/block_mmult.pp.0.cpp std=gnu++98 
INFO-FLOW: exec C:/Xilinx/Vivado/2018.3/win64/tools/clang-3.9-csynth/bin/tidy-3.1 -header-filter=.* -checks=-*,xilinx-xfmat-array-geometry -quiet -fix C:/Users/Naimu/workspace/lab_2/Release/_sds/vhls/block_mmult/solution/.autopilot/db/block_mmult.pp.0.cpp -- -std=gnu++98 -fhls -ferror-limit=0
Command       tidy_31 done; 0.233 sec.
INFO-FLOW: Syntax Checking before pre-processing...
Execute       clang -syntaxcheck -src C:/Users/Naimu/workspace/lab_2/Release/_sds/vhls/block_mmult/solution/.autopilot/db/block_mmult.pp.0.cpp  -fno-limit-debug-info -gcc-toolchain "C:/Xilinx/Vivado/2018.3/msys" -hls  -IC:/Users/Naimu/workspace/lab_2/src -Wall -O3 -fmessage-length=0 -D__SDSCC__ -m32 -DHLS_NO_XIL_FPO_LIB -IC:/Xilinx/SDx/2018.3/target/aarch32-none/include -IC:/Users/Naimu/workspace/lab_2/src -D__SDSVHLS__ -D__SDSVHLS_SYNTHESIS__ -IC:/Users/Naimu/workspace/lab_2/Release -w  -fno-math-errno -c -emit-llvm -O0  -mllvm -disable-llvm-optzns -fno-threadsafe-statics  -fno-use-cxa-atexit  -fno-threadsafe-statics -fno-use-cxa-atexit -D__CLANG_3_1__ -D__cdecl= -DAESL_SYN -D__SYNTHESIS__ -D__HLS_SYN__ -I "C:/Xilinx/Vivado/2018.3/common/technology/autopilot" -I "C:/Xilinx/Vivado/2018.3/common/technology/autopilot/ap_sysc" -include etc/autopilot_ssdm_op.h -D__DSP48E1__  "C:/Users/Naimu/workspace/lab_2/Release/_sds/vhls/block_mmult/solution/.autopilot/db/block_mmult.pp.0.cpp"  -o "C:/Users/Naimu/workspace/lab_2/Release/_sds/vhls/block_mmult/solution/.autopilot/db/useless.bc"  
INFO-FLOW: exec C:/Xilinx/Vivado/2018.3/win64/tools/clang/bin/clang -fno-limit-debug-info -gcc-toolchain C:/Xilinx/Vivado/2018.3/msys -hls -IC:/Users/Naimu/workspace/lab_2/src -Wall -O3 -fmessage-length=0 -D__SDSCC__ -m32 -DHLS_NO_XIL_FPO_LIB -IC:/Xilinx/SDx/2018.3/target/aarch32-none/include -IC:/Users/Naimu/workspace/lab_2/src -D__SDSVHLS__ -D__SDSVHLS_SYNTHESIS__ -IC:/Users/Naimu/workspace/lab_2/Release -w -fno-math-errno -c -emit-llvm -O0 -mllvm -disable-llvm-optzns -fno-threadsafe-statics -fno-use-cxa-atexit -fno-threadsafe-statics -fno-use-cxa-atexit -D__CLANG_3_1__ -D__cdecl= -DAESL_SYN -D__SYNTHESIS__ -D__HLS_SYN__ -I C:/Xilinx/Vivado/2018.3/common/technology/autopilot -I C:/Xilinx/Vivado/2018.3/common/technology/autopilot/ap_sysc -include etc/autopilot_ssdm_op.h -D__DSP48E1__ C:/Users/Naimu/workspace/lab_2/Release/_sds/vhls/block_mmult/solution/.autopilot/db/block_mmult.pp.0.cpp -o C:/Users/Naimu/workspace/lab_2/Release/_sds/vhls/block_mmult/solution/.autopilot/db/useless.bc
Command       clang done; 1.976 sec.
INFO-FLOW: Done: GCC PP time: 4.9 seconds per iteration
INFO-FLOW: Setting directive 'INTERFACE' m_axi=positionBoolean0mode port=positionBooleanTextRequiredA offset=direct bundle=A 
INFO-FLOW: Setting directive 'INTERFACE' m_axi=positionBoolean0mode port=positionBooleanTextRequiredB offset=direct bundle=B 
INFO-FLOW: Setting directive 'INTERFACE' m_axi=positionBoolean0mode port=positionBooleanTextRequiredC offset=direct bundle=C 
INFO-FLOW: Setting directive 'LATENCY' min=1 
INFO-FLOW: Setting directive 'INTERFACE' m_axi=positionBoolean0mode port=positionBooleanTextRequiredA offset=direct bundle=A 
INFO-FLOW: Setting directive 'INTERFACE' m_axi=positionBoolean0mode port=positionBooleanTextRequiredB offset=direct bundle=B 
INFO-FLOW: Setting directive 'INTERFACE' m_axi=positionBoolean0mode port=positionBooleanTextRequiredC offset=direct bundle=C 
INFO-FLOW: Setting directive 'LATENCY' min=1 
Execute       list_core -type functional_unit 
Execute       tidy_31 xilinx-systemc-detector C:/Users/Naimu/workspace/lab_2/Release/_sds/vhls/block_mmult/solution/.autopilot/db/block_mmult.pp.0.cpp std=gnu++98 -directive=C:/Users/Naimu/workspace/lab_2/Release/_sds/vhls/block_mmult/solution/.autopilot/db/.systemc_flag 
INFO-FLOW: exec C:/Xilinx/Vivado/2018.3/win64/tools/clang-3.9-csynth/bin/tidy-3.1 -header-filter=.* -checks=-*,xilinx-systemc-detector -import-directive=C:/Users/Naimu/workspace/lab_2/Release/_sds/vhls/block_mmult/solution/.autopilot/db/.systemc_flag -quiet -fix-errors C:/Users/Naimu/workspace/lab_2/Release/_sds/vhls/block_mmult/solution/.autopilot/db/block_mmult.pp.0.cpp -- -std=gnu++98 -fhls -ferror-limit=0
Command       tidy_31 done; 0.161 sec.
INFO-FLOW: Running: tidy-3.1 CDT preprocess
Execute       tidy_31 xilinx-directive2pragma C:/Users/Naimu/workspace/lab_2/Release/_sds/vhls/block_mmult/solution/.autopilot/db/block_mmult.pp.0.cpp std=gnu++98 -directive=C:/Users/Naimu/workspace/lab_2/Release/_sds/vhls/block_mmult/solution/.autopilot/db/all.directive.json 
INFO-FLOW: exec C:/Xilinx/Vivado/2018.3/win64/tools/clang-3.9-csynth/bin/tidy-3.1 -header-filter=.* -checks=-*,xilinx-directive2pragma -import-directive=C:/Users/Naimu/workspace/lab_2/Release/_sds/vhls/block_mmult/solution/.autopilot/db/all.directive.json -quiet -fix-errors C:/Users/Naimu/workspace/lab_2/Release/_sds/vhls/block_mmult/solution/.autopilot/db/block_mmult.pp.0.cpp -- -std=gnu++98 -fhls -ferror-limit=0
Command       tidy_31 done; 0.221 sec.
Execute       get_config_dataflow -strict_mode 
Execute       ap_eval exec -ignorestderr C:/Xilinx/Vivado/2018.3/win64/tools/clang-3.9-csynth/bin/xilinx-dataflow-lawyer -export-fixes=C:/Users/Naimu/workspace/lab_2/Release/_sds/vhls/block_mmult/solution/.autopilot/db/xilinx-dataflow-lawyer.block_mmult.pp.0.cpp.diag.yml C:/Users/Naimu/workspace/lab_2/Release/_sds/vhls/block_mmult/solution/.autopilot/db/block_mmult.pp.0.cpp -- -std=gnu++98 -fhls -ferror-limit=0 -fstrict-dataflow > C:/Users/Naimu/workspace/lab_2/Release/_sds/vhls/block_mmult/solution/.autopilot/db/xilinx-dataflow-lawyer.block_mmult.pp.0.cpp.out.log 2> C:/Users/Naimu/workspace/lab_2/Release/_sds/vhls/block_mmult/solution/.autopilot/db/xilinx-dataflow-lawyer.block_mmult.pp.0.cpp.err.log 
Command       ap_eval done; 0.215 sec.
Execute       tidy_31 -errorcheck xilinx-constantarray-param,xilinx-resource-pragma-transformer,xilinx-xfmat-array-geometry C:/Users/Naimu/workspace/lab_2/Release/_sds/vhls/block_mmult/solution/.autopilot/db/block_mmult.pp.0.cpp std=gnu++98 
Execute         ap_eval exec -ignorestderr C:/Xilinx/Vivado/2018.3/win64/tools/clang-3.9-csynth/bin/tidy-3.1 -export-fixes=C:/Users/Naimu/workspace/lab_2/Release/_sds/vhls/block_mmult/solution/.autopilot/db/tidy-3.1.block_mmult.pp.0.cpp.diag.yml -header-filter=.* -checks=-*,xilinx-constantarray-param,xilinx-resource-pragma-transformer,xilinx-xfmat-array-geometry -quiet -fix-errors C:/Users/Naimu/workspace/lab_2/Release/_sds/vhls/block_mmult/solution/.autopilot/db/block_mmult.pp.0.cpp -- -std=gnu++98 -fhls -ferror-limit=0 > C:/Users/Naimu/workspace/lab_2/Release/_sds/vhls/block_mmult/solution/.autopilot/db/tidy-3.1.block_mmult.pp.0.cpp.out.log 2> C:/Users/Naimu/workspace/lab_2/Release/_sds/vhls/block_mmult/solution/.autopilot/db/tidy-3.1.block_mmult.pp.0.cpp.err.log 
Command         ap_eval done; 0.261 sec.
Execute         ap_eval exec -ignorestderr C:/Xilinx/Vivado/2018.3/win64/tools/clang-3.9-csynth/bin/xilinx-legacy-rewriter C:/Users/Naimu/workspace/lab_2/Release/_sds/vhls/block_mmult/solution/.autopilot/db/block_mmult.pp.0.cpp -- -std=gnu++98 -fhls -ferror-limit=0 > C:/Users/Naimu/workspace/lab_2/Release/_sds/vhls/block_mmult/solution/.autopilot/db/xilinx-legacy-rewriter.block_mmult.pp.0.cpp.out.log 2> C:/Users/Naimu/workspace/lab_2/Release/_sds/vhls/block_mmult/solution/.autopilot/db/xilinx-legacy-rewriter.block_mmult.pp.0.cpp.err.log 
Command         ap_eval done; 0.22 sec.
Command       tidy_31 done; 0.55 sec.
INFO-FLOW: Done: tidy-3.1 CDT preprocess time: 1 seconds per iteration
INFO-FLOW: Pragma Handling...
Execute       tidy_31 xilinx-ssdm-intrinsics-arguments C:/Users/Naimu/workspace/lab_2/Release/_sds/vhls/block_mmult/solution/.autopilot/db/block_mmult.pragma.1.cpp std=gnu++98 
INFO-FLOW: exec C:/Xilinx/Vivado/2018.3/win64/tools/clang-3.9-csynth/bin/tidy-3.1 -header-filter=.* -checks=-*,xilinx-ssdm-intrinsics-arguments -quiet -fix-errors C:/Users/Naimu/workspace/lab_2/Release/_sds/vhls/block_mmult/solution/.autopilot/db/block_mmult.pragma.1.cpp -- -std=gnu++98 -fhls -ferror-limit=0
Command       tidy_31 done; 0.231 sec.
Execute       get_default_platform 
INFO-FLOW: Processing labels
Execute       clang -src C:/Users/Naimu/workspace/lab_2/Release/_sds/vhls/block_mmult/solution/.autopilot/db/block_mmult.pragma.2.cpp  -fno-limit-debug-info -gcc-toolchain C:/Xilinx/Vivado/2018.3/msys -hls -hls-analyze-label -hls-analyze-pragma -fno-exceptions  -D__llvm__  -w  "C:/Users/Naimu/workspace/lab_2/Release/_sds/vhls/block_mmult/solution/.autopilot/db/block_mmult.pragma.2.cpp"  -IC:/Users/Naimu/workspace/lab_2/src -Wall -O3 -fmessage-length=0 -D__SDSCC__ -m32 -DHLS_NO_XIL_FPO_LIB -IC:/Xilinx/SDx/2018.3/target/aarch32-none/include -IC:/Users/Naimu/workspace/lab_2/src -D__SDSVHLS__ -D__SDSVHLS_SYNTHESIS__ -IC:/Users/Naimu/workspace/lab_2/Release -w  -fno-math-errno -c -emit-llvm -O0  -mllvm -disable-llvm-optzns -fno-threadsafe-statics  -fno-use-cxa-atexit -DAESL_SYN -D__SYNTHESIS__ -D__HLS_SYN__ -I "C:/Xilinx/Vivado/2018.3/common/technology/autopilot" -I "C:/Xilinx/Vivado/2018.3/common/technology/autopilot/ap_sysc" -include etc/autopilot_ssdm_op.h -D__DSP48E1__ -g -o "C:/Users/Naimu/workspace/lab_2/Release/_sds/vhls/block_mmult/solution/.autopilot/db/block_mmult.bc" 
INFO-FLOW: exec C:/Xilinx/Vivado/2018.3/win64/tools/clang/bin/clang -fno-limit-debug-info -gcc-toolchain C:/Xilinx/Vivado/2018.3/msys -hls -hls-analyze-label -hls-analyze-pragma -fno-exceptions -D__llvm__ -w C:/Users/Naimu/workspace/lab_2/Release/_sds/vhls/block_mmult/solution/.autopilot/db/block_mmult.pragma.2.cpp -IC:/Users/Naimu/workspace/lab_2/src -Wall -O3 -fmessage-length=0 -D__SDSCC__ -m32 -DHLS_NO_XIL_FPO_LIB -IC:/Xilinx/SDx/2018.3/target/aarch32-none/include -IC:/Users/Naimu/workspace/lab_2/src -D__SDSVHLS__ -D__SDSVHLS_SYNTHESIS__ -IC:/Users/Naimu/workspace/lab_2/Release -w -fno-math-errno -c -emit-llvm -O0 -mllvm -disable-llvm-optzns -fno-threadsafe-statics -fno-use-cxa-atexit -DAESL_SYN -D__SYNTHESIS__ -D__HLS_SYN__ -I C:/Xilinx/Vivado/2018.3/common/technology/autopilot -I C:/Xilinx/Vivado/2018.3/common/technology/autopilot/ap_sysc -include etc/autopilot_ssdm_op.h -D__DSP48E1__ -g -o C:/Users/Naimu/workspace/lab_2/Release/_sds/vhls/block_mmult/solution/.autopilot/db/block_mmult.bc
Command       clang done; 1.929 sec.
INFO-FLOW: Linking Debug ...
Execute       llvm-ld C:/Users/Naimu/workspace/lab_2/Release/_sds/vhls/block_mmult/solution/.autopilot/db/block_mmult.g.bc -hls-opt -except-internalize block_mmult -LC:/Xilinx/Vivado/2018.3/win64/lib -lhlsm -lhlsmc++ -o C:/Users/Naimu/workspace/lab_2/Release/_sds/vhls/block_mmult/solution/.autopilot/db/a.g 
Command       llvm-ld done; 3.113 sec.
INFO: [HLS 200-111] Finished Linking Time (s): cpu = 00:00:01 ; elapsed = 00:00:16 . Memory (MB): peak = 104.363 ; gain = 20.598
INFO: [HLS 200-111] Finished Checking Pragmas Time (s): cpu = 00:00:01 ; elapsed = 00:00:16 . Memory (MB): peak = 104.363 ; gain = 20.598
Execute       get_config_sdx -target 
Execute       opt_and_import_c a -opt_level=2 -skip_syncheck=0 -ng=0 -keep_printf=0 
Execute         cleanup_all_models 
INFO: [HLS 200-10] Starting code transformations ...
Execute         transform -promote-dbg-pointer C:/Users/Naimu/workspace/lab_2/Release/_sds/vhls/block_mmult/solution/.autopilot/db/a.pp.bc -o C:/Users/Naimu/workspace/lab_2/Release/_sds/vhls/block_mmult/solution/.autopilot/db/a.pp.0.bc -f 
Execute         llvm-ld C:/Users/Naimu/workspace/lab_2/Release/_sds/vhls/block_mmult/solution/.autopilot/db/a.pp.0.bc -disable-opt -LC:/Xilinx/Vivado/2018.3/win64/lib -lfloatconversion -o C:/Users/Naimu/workspace/lab_2/Release/_sds/vhls/block_mmult/solution/.autopilot/db/a.g.0 
Command         llvm-ld done; 1.027 sec.
INFO-FLOW: Running Standard Transforms...
Execute         transform -hls -share-std-xform -demangle-name -inline-byval-memcpy -always-inline -promote-dbg-pointer -interface-preproc -mem2reg -lower-blackbox -scalarrepl -mem2reg -keep-read-access -instcombine -dce -promote-dbg-pointer -bitop-raise -loop-simplify -indvarspre -indvars -loop-simplify -xunroll -constprop -instcombine -simplifycfg -indvars -simplifycfg -dce -globaldce -basicaa -simplifycfg -mem2reg -globalopt -global-constprop -deadargelim -instcombine -simplifycfg -prune-eh -simplifycfg -scalarrepl -instcombine -reassociate -licm -simplifycfg -loop-simplify -indvars -instcombine -simplifycfg -mem2reg -loop-simplify -indvars -instcombine -gvn -gvn -instcombine -adce -break-crit-edges -simplifycfg -loop-delete -global-array-opt -dce -dse -adce -find-syn-modules -top block_mmult -deadargelim -mem2reg -instcombine -dce -presyn-prepare -auto-rom-infer -interface-preproc -syn-check -check-rec-only -find-region -simplifycfg -func-extr -function-inline -globaldce -mem2reg -instcombine -dce -gvn -globaldce -adce -adse -constprop -instcombine -bit-constprop -instcombine -dce -simplifycfg -bitop-raise -simplifycfg -dce -loop-delete -reassociate -globalopt -global-privatize -mem2reg -dce -global-constprop -pointer-simplify -constprop -dce -func-inst -deadargelim -auto-shift-reg-idiom -promote-dbg-pointer -norm-name C:/Users/Naimu/workspace/lab_2/Release/_sds/vhls/block_mmult/solution/.autopilot/db/a.g.0.bc -o C:/Users/Naimu/workspace/lab_2/Release/_sds/vhls/block_mmult/solution/.autopilot/db/a.g.1.bc -f -phase std-opt 
INFO: [HLS 200-111] Finished Standard Transforms Time (s): cpu = 00:00:02 ; elapsed = 00:00:17 . Memory (MB): peak = 105.477 ; gain = 21.711
INFO: [HLS 200-10] Checking synthesizability ...
INFO-FLOW: Checking Synthesizability 1/2..
Execute         transform -hls -syn-check -check-rec-only -disaggr -scalarrepl -norm-name -dce -mem2reg -instcombine -function-uniquify -directive-preproc -mem2reg -dse -dce -auto-rom-infer -dce -pag -array-normalize -instcombine -dce -warn-fifo-pointer -array-seg-normalize -instcombine -dce -array-flatten -instcombine -dce -array-burst -dce -deadargelim -promote-global-argument -simplifycfg -mem2reg -globaldce -resolve-double-ptr -dce -deadargelim -dce -instcombine -function-inline -globaldce -dce -doublePtrSimplify -doublePtrElim -dce -doublePtrSimplify -promote-dbg-pointer -dce -scalarrepl -dse -adse -instcombine -ptrLegalization -simplifycfg -dce -instcombine -pointer-simplify -ptrArgReplace -dce -instcombine -disaggr -scalarrepl -norm-name -dce -mem2reg -instcombine -ptrLegalization -simplifycfg -deadargelim -instcombine -dce -inst-simplify -function-uniquify -directive-preproc -mem2reg -dse -dce -globaldce -check-dspbuiltin C:/Users/Naimu/workspace/lab_2/Release/_sds/vhls/block_mmult/solution/.autopilot/db/a.g.1.bc -o C:/Users/Naimu/workspace/lab_2/Release/_sds/vhls/block_mmult/solution/.autopilot/db/a.g.2.prechk.bc -f 
Command         transform done; 0.101 sec.
INFO-FLOW: Checking Synthesizability 2/2..
Execute         transform -syn-check C:/Users/Naimu/workspace/lab_2/Release/_sds/vhls/block_mmult/solution/.autopilot/db/a.g.2.prechk.bc -o C:/Users/Naimu/workspace/lab_2/Release/_sds/vhls/block_mmult/solution/.autopilot/db/a.g.2.bc -f -phase syn-check 
INFO: [HLS 200-111] Finished Checking Synthesizability Time (s): cpu = 00:00:02 ; elapsed = 00:00:17 . Memory (MB): peak = 105.496 ; gain = 21.730
INFO-FLOW: Compiler optimizing ...
INFO-FLOW: Share syncheck's 1.bc for syn flow: copy C:/Users/Naimu/workspace/lab_2/Release/_sds/vhls/block_mmult/solution/.autopilot/db/a.g.1.bc to C:/Users/Naimu/workspace/lab_2/Release/_sds/vhls/block_mmult/solution/.autopilot/db/a.o.1.bc
INFO-FLOW: Presyn 1...
Execute         transform -hls -tmp C:/Users/Naimu/workspace/lab_2/Release/_sds/vhls/block_mmult/solution/.autopilot/db -interface-port-rename -type-info -function-uniquify -directive-preproc -mem2reg -dse -dce -disaggr -scalarrepl -norm-name -deadargelim -mem2reg -instcombine -dce -simplifycfg -auto-rom-infer -dce -function-uniquify -resource-proc -simplifycfg -mem2reg -globaldce -resolve-double-ptr -dce -deadargelim -dce -instcombine -clib-intrinsic-prepare -dce -func-buffer -dce -pag -array-normalize -func-legal -instcombine -gvn -constprop -dce -ptrArgReplace -mem2reg -instcombine -dce -array-seg-normalize -deadargelim -instcombine -dce -pointer-simplify -dce -port-alignment -dce -interface-preproc -data-pack -instcombine -dce -basicaa -aggr-aa -aggrmodref-aa -aggr-aa -gvn -gvn -basicaa -aggr-aa -aggrmodref-aa -aggr-aa -dse -adse -adce -loop-simplify -indvars -instcombine -gvn -loop-simplify -mem2reg -dce -find-region -instcombine -auto-loop-pipeline -inst-simplify -interface-preproc -cfgopt -instcombine -indvars -auto-loop-unroll -loop-simplify -loop-bound -xunroll -constprop -instcombine -simplifycfg -indvars -simplifycfg -dce -globaldce -clean-region -attach-range -gvn -inst-simplify -constprop -simplifycfg -dce -pointer-simplify -dce -globalopt -constprop -dce -array-promote -constprop -instcombine -dce -ptrArgReplace -mem2reg -instcombine -simplifycfg -dce -auto-par -instcombine -dce -array-transform-check -array-reshape -instcombine -simplifycfg -dce -ptrArgReplace -deadargelim -mem2reg -instcombine -simplifycfg -dce -indvars -loop-simplify -loop-bound -xunroll -constprop -instcombine -simplifycfg -indvars -simplifycfg -dce -globaldce -basicaa -aggr-aa -aggrmodref-aa -aggr-aa -dse -duplicate-dataflow-processes -globaldce -instcombine -array-partition -instcombine -simplifycfg -dce -ptrArgReplace -global-constprop -deadargelim -mem2reg -func-legal -instcombine -dce -global-constprop -deadargelim -mem2reg -instcombine -simplifycfg -dce -merge-param -deadargelim -globalopt -constprop -dce -array-promote -constprop -instcombine -dce -ptrArgReplace -mem2reg -instcombine -simplifycfg -dce -mem-intrinsic-preproc -dce -global-internalize -global-privatize -mem2reg -globaldce -promote-global-argument -ptrArgReplace -mem2reg -instcombine -dce -globalopt -mergereturn -simplify-global-access -mem2reg -dce -pointer-simplify -dce -functionattrs -basicaa -aggr-aa -aggrmodref-aa -aggr-aa -gvn -gvn -basicaa -aggr-aa -aggrmodref-aa -aggr-aa -dse -adse -adce -inst-simplify -dce -norm-name -function-inline -globaldce -func-inst -constprop -instcombine -simplifycfg -dce -func-legal -dce -loop-bound -arraycheck -bitwidthmin -on-by-dataflow -loop-delete -instcombine -simplifycfg -globaldce -dce -gvn -deadargelim -dce -loop-simplify -clean-region -simplifycfg -propagate-stable-arguments -loop-stream -instcombine -simplifycfg -dce -globaldce -duplicate-dataflow-processes -stream-intrinsic-preproc -dce -check-ap-stream -loop-simplify -eliminate-keepreads -extract-dataflow-in-loop -loop-simplify -dce -gvn -deadargelim -dse -check-dataflow-syntax -legalize-stream-variable -legalize-global -extract-subproc -dce -dead-channel-elimination -canonicalize-gep -globaldce -dce -gvn -deadargelim -annotate-dataflow-channels -scalar-propagation -deadargelim -globaldce -mem2reg -check-dataflow-channels -function-stream -dce -globaldce -prop-fifo-spec -internal-stream-gen -canonicalize-gep -globaldce -dce -gvn -deadargelim -mergereturn -indvars -loop-simplify -instcombine -array-stream -array-seg-normalize -array-partition -func-legal -instcombine -simplifycfg -dce -bundle-memfifo-ops -deadargelim -function-uniquify -directive-preproc -mem2reg -dse -dce -group-axi-access -licm -simplifycfg -dce -loop-delete -norm-name C:/Users/Naimu/workspace/lab_2/Release/_sds/vhls/block_mmult/solution/.autopilot/db/a.o.1.bc -o C:/Users/Naimu/workspace/lab_2/Release/_sds/vhls/block_mmult/solution/.autopilot/db/a.o.1.tmp.bc -f 
INFO: [HLS 200-489] Unrolling loop 'Loop-2' (C:/Users/Naimu/workspace/lab_2/src/block_mmult.cpp:55) in function 'matxvec' completely with a factor of 64.
INFO: [HLS 200-489] Unrolling loop 'Loop-3.1' (C:/Users/Naimu/workspace/lab_2/src/block_mmult.cpp:63) in function 'matxvec' completely with a factor of 64.
WARNING: [XFORM 203-505] Pipeline directive for loop 'Loop-3.1' (C:/Users/Naimu/workspace/lab_2/src/block_mmult.cpp:63) in function 'matxvec' has been removed because the loop is unrolled completely.
INFO: [XFORM 203-101] Partitioning array 'b' (C:/Users/Naimu/workspace/lab_2/src/block_mmult.cpp:78) in dimension 2 with a block factor 16.
INFO: [XFORM 203-101] Partitioning array 'c' (C:/Users/Naimu/workspace/lab_2/src/block_mmult.cpp:50) in dimension 1 with a block factor 16.
INFO: [XFORM 203-102] Automatically partitioning small array 'c.0' (C:/Users/Naimu/workspace/lab_2/src/block_mmult.cpp:50) completely based on array size.
INFO: [XFORM 203-102] Automatically partitioning small array 'c.1' (C:/Users/Naimu/workspace/lab_2/src/block_mmult.cpp:50) completely based on array size.
INFO: [XFORM 203-102] Automatically partitioning small array 'c.2' (C:/Users/Naimu/workspace/lab_2/src/block_mmult.cpp:50) completely based on array size.
INFO: [XFORM 203-102] Automatically partitioning small array 'c.3' (C:/Users/Naimu/workspace/lab_2/src/block_mmult.cpp:50) completely based on array size.
INFO: [XFORM 203-102] Automatically partitioning small array 'c.4' (C:/Users/Naimu/workspace/lab_2/src/block_mmult.cpp:50) completely based on array size.
INFO: [XFORM 203-102] Automatically partitioning small array 'c.5' (C:/Users/Naimu/workspace/lab_2/src/block_mmult.cpp:50) completely based on array size.
INFO: [XFORM 203-102] Automatically partitioning small array 'c.6' (C:/Users/Naimu/workspace/lab_2/src/block_mmult.cpp:50) completely based on array size.
INFO: [XFORM 203-102] Automatically partitioning small array 'c.7' (C:/Users/Naimu/workspace/lab_2/src/block_mmult.cpp:50) completely based on array size.
INFO: [XFORM 203-102] Automatically partitioning small array 'c.8' (C:/Users/Naimu/workspace/lab_2/src/block_mmult.cpp:50) completely based on array size.
INFO: [XFORM 203-102] Automatically partitioning small array 'c.9' (C:/Users/Naimu/workspace/lab_2/src/block_mmult.cpp:50) completely based on array size.
INFO: [XFORM 203-102] Automatically partitioning small array 'c.10' (C:/Users/Naimu/workspace/lab_2/src/block_mmult.cpp:50) completely based on array size.
INFO: [XFORM 203-102] Automatically partitioning small array 'c.11' (C:/Users/Naimu/workspace/lab_2/src/block_mmult.cpp:50) completely based on array size.
INFO: [XFORM 203-102] Automatically partitioning small array 'c.12' (C:/Users/Naimu/workspace/lab_2/src/block_mmult.cpp:50) completely based on array size.
INFO: [XFORM 203-102] Automatically partitioning small array 'c.13' (C:/Users/Naimu/workspace/lab_2/src/block_mmult.cpp:50) completely based on array size.
INFO: [XFORM 203-102] Automatically partitioning small array 'c.14' (C:/Users/Naimu/workspace/lab_2/src/block_mmult.cpp:50) completely based on array size.
INFO: [XFORM 203-102] Automatically partitioning small array 'c.15' (C:/Users/Naimu/workspace/lab_2/src/block_mmult.cpp:50) completely based on array size.
INFO: [XFORM 203-101] Partitioning array 'c.0' (C:/Users/Naimu/workspace/lab_2/src/block_mmult.cpp:50) in dimension 1 completely.
INFO: [XFORM 203-101] Partitioning array 'c.1' (C:/Users/Naimu/workspace/lab_2/src/block_mmult.cpp:50) in dimension 1 completely.
INFO: [XFORM 203-101] Partitioning array 'c.2' (C:/Users/Naimu/workspace/lab_2/src/block_mmult.cpp:50) in dimension 1 completely.
INFO: [XFORM 203-101] Partitioning array 'c.3' (C:/Users/Naimu/workspace/lab_2/src/block_mmult.cpp:50) in dimension 1 completely.
INFO: [XFORM 203-101] Partitioning array 'c.4' (C:/Users/Naimu/workspace/lab_2/src/block_mmult.cpp:50) in dimension 1 completely.
INFO: [XFORM 203-101] Partitioning array 'c.5' (C:/Users/Naimu/workspace/lab_2/src/block_mmult.cpp:50) in dimension 1 completely.
INFO: [XFORM 203-101] Partitioning array 'c.6' (C:/Users/Naimu/workspace/lab_2/src/block_mmult.cpp:50) in dimension 1 completely.
INFO: [XFORM 203-101] Partitioning array 'c.7' (C:/Users/Naimu/workspace/lab_2/src/block_mmult.cpp:50) in dimension 1 completely.
INFO: [XFORM 203-101] Partitioning array 'c.8' (C:/Users/Naimu/workspace/lab_2/src/block_mmult.cpp:50) in dimension 1 completely.
INFO: [XFORM 203-101] Partitioning array 'c.9' (C:/Users/Naimu/workspace/lab_2/src/block_mmult.cpp:50) in dimension 1 completely.
INFO: [XFORM 203-101] Partitioning array 'c.10' (C:/Users/Naimu/workspace/lab_2/src/block_mmult.cpp:50) in dimension 1 completely.
INFO: [XFORM 203-101] Partitioning array 'c.11' (C:/Users/Naimu/workspace/lab_2/src/block_mmult.cpp:50) in dimension 1 completely.
INFO: [XFORM 203-101] Partitioning array 'c.12' (C:/Users/Naimu/workspace/lab_2/src/block_mmult.cpp:50) in dimension 1 completely.
INFO: [XFORM 203-101] Partitioning array 'c.13' (C:/Users/Naimu/workspace/lab_2/src/block_mmult.cpp:50) in dimension 1 completely.
INFO: [XFORM 203-101] Partitioning array 'c.14' (C:/Users/Naimu/workspace/lab_2/src/block_mmult.cpp:50) in dimension 1 completely.
INFO: [XFORM 203-101] Partitioning array 'c.15' (C:/Users/Naimu/workspace/lab_2/src/block_mmult.cpp:50) in dimension 1 completely.
Command         transform done; 1.26 sec.
INFO-FLOW: Presyn 2...
Execute         transform -hls -keep-callgraph -scalarrepl -mem2reg -port-alignment -attach-range -dce -pipe-mux-gen -indvars -loop-bound -inst-simplify -instcombine -dce -merge-array-access -mem2reg -dce -clean-region -mergereturn -if-conv -instcombine -dce -constprop -basicaa -aggr-aa -aggrmodref-aa -aggr-aa -gvn -gvn -basicaa -aggr-aa -aggrmodref-aa -aggr-aa -dse -adse -adce -scalarrepl -mem2reg -global-constprop -deadargelim -deadargelim -instcombine -dce -simplifycfg -ptrArgReplace -mem2reg -function-inline -globaldce -mem2reg -instcombine -dce -expr-balance -instcombine -dce -bitwidthmin -interface-preproc -directive-preproc -inst-rectify -instcombine -dce -functionattrs -constprop -instcombine -bit-constprop -simplify-global-access -globalopt -globaldce -inst-simplify -instcombine -elimdeaddata -dce -loop-delete -simplifycfg -loop-simplify -auto-burst -norm-name C:/Users/Naimu/workspace/lab_2/Release/_sds/vhls/block_mmult/solution/.autopilot/db/a.o.1.tmp.bc -o C:/Users/Naimu/workspace/lab_2/Release/_sds/vhls/block_mmult/solution/.autopilot/db/a.o.2.bc -f -phase presyn 
Command         transform done; 0.345 sec.
INFO: [HLS 200-111] Finished Pre-synthesis Time (s): cpu = 00:00:03 ; elapsed = 00:00:19 . Memory (MB): peak = 129.176 ; gain = 45.410
INFO-FLOW: Building ssdm...
Execute         transform -hls -function-uniquify -auto-function-inline -globaldce -ptrArgReplace -mem2reg -instcombine -dce -reset-lda -loop-simplify -indvars -licm -loop-dep -loop-bound -licm -loop-simplify -flattenloopnest -array-flatten -gvn -instcombine -dce -array-map -dce -func-legal -gvn -adce -instcombine -cfgopt -simplifycfg -loop-simplify -array-burst -promote-global-argument -dce -axi4-lower -array-seg-normalize -basicaa -aggrmodref-aa -globalsmodref-aa -aggr-aa -gvn -gvn -basicaa -aggrmodref-aa -globalsmodref-aa -aggr-aa -dse -adse -adce -licm -inst-simplify -dce -globaldce -instcombine -array-stream -eliminate-keepreads -instcombine -dce -deadargelim -doublePtrSimplify -doublePtrElim -dce -doublePtrSimplify -promote-dbg-pointer -dce -scalarrepl -mem2reg -disaggr -norm-name -mem2reg -instcombine -dse -adse -adce -ptrLegalization -dce -auto-rom-infer -array-flatten -dce -instcombine -check-doubleptr -loop-rot -constprop -cfgopt -simplifycfg -loop-simplify -indvars -pointer-simplify -dce -loop-bound -loop-simplify -loop-preproc -constprop -global-constprop -gvn -mem2reg -instcombine -dce -loop-bound -loop-merge -dce -bitwidthmin -deadargelim -dce -canonicalize-dataflow -dce -scalar-propagation -deadargelim -globaldce -mem2reg -read-loop-dep -licm -interface-preproc -directive-preproc -interface-gen -bram-byte-enable -deadargelim -inst-simplify -dce -gvn -mem2reg -instcombine -dce -adse -loop-bound -instcombine -cfgopt -simplifycfg -loop-simplify -clean-region -io-protocol -find-region -mem2reg -bitop-raise -inst-simplify -inst-rectify -instcombine -adce -deadargelim -loop-simplify -phi-opt -bitop-raise -cfgopt -simplifycfg -strip-dead-prototypes -interface-lower -bitop-lower -intrinsic-lower -auto-function-inline -basicaa -aggrmodref-aa -globalsmodref-aa -aggr-aa -inst-simplify -simplifycfg -loop-simplify -mergereturn -inst-simplify -inst-rectify -dce -load-elim -bitop-lower -loop-rewind -pointer-simplify -dce -cfgopt -dce -bitwidth -loop-bound -loop-dep -read-loop-dep -dce -check-stream -norm-name -legalize -validate-dataflow -inst-clarity -cdfg-build C:/Users/Naimu/workspace/lab_2/Release/_sds/vhls/block_mmult/solution/.autopilot/db/a.o.2.bc -o C:/Users/Naimu/workspace/lab_2/Release/_sds/vhls/block_mmult/solution/.autopilot/db/a.o.3.bc -f -phase build-ssdm 
INFO: [XFORM 203-541] Flattening a loop nest 'Loop-1.1' (C:/Users/Naimu/workspace/lab_2/src/block_mmult.cpp:87:20) in function 'block_mmult'.
WARNING: [XFORM 203-542] Cannot flatten a loop nest 'Loop-1' (C:/Users/Naimu/workspace/lab_2/src/block_mmult.cpp:84:19) in function 'block_mmult' : 

more than one sub loop.
INFO: [HLS 200-444] Inferring multiple bus burst read of a total cumulative length 64 on port 'B' (C:/Users/Naimu/workspace/lab_2/src/block_mmult.cpp:94:2). These data requests might be further partitioned to multiple requests during RTL generation, based on max_read_burst_length or max_write_burst_length settings.
INFO: [HLS 200-444] Inferring multiple bus burst read of a total cumulative length 1024 on port 'A' (C:/Users/Naimu/workspace/lab_2/src/block_mmult.cpp:53:2). These data requests might be further partitioned to multiple requests during RTL generation, based on max_read_burst_length or max_write_burst_length settings.
INFO: [HLS 200-444] Inferring multiple bus burst write of a total cumulative length 64 on port 'C' (C:/Users/Naimu/workspace/lab_2/src/block_mmult.cpp:71:2). These data requests might be further partitioned to multiple requests during RTL generation, based on max_read_burst_length or max_write_burst_length settings.
Command         transform done; 0.96 sec.
INFO: [HLS 200-111] Finished Architecture Synthesis Time (s): cpu = 00:00:03 ; elapsed = 00:00:20 . Memory (MB): peak = 132.344 ; gain = 48.578
INFO-FLOW: Finish building internal data model.
Command       opt_and_import_c done; 4.035 sec.
Command     elaborate done; 15.568 sec.
Execute     autosyn -from_csynth_design=1 
INFO: [HLS 200-10] Starting hardware synthesis ...
INFO-FLOW: Synthesizing C/C++ design ...
INFO: [HLS 200-10] Synthesizing 'block_mmult' ...
Execute       ap_set_top_model block_mmult 
Execute       get_model_list block_mmult -filter all-wo-channel -topdown 
Execute       preproc_iomode -model block_mmult 
Execute       preproc_iomode -model matxvec 
Execute       get_model_list block_mmult -filter all-wo-channel 
INFO-FLOW: Model list for configure: matxvec block_mmult
INFO-FLOW: Configuring Module : matxvec ...
Execute       set_default_model matxvec 
Execute       apply_spec_resource_limit matxvec 
INFO-FLOW: Configuring Module : block_mmult ...
Execute       set_default_model block_mmult 
Execute       apply_spec_resource_limit block_mmult 
INFO-FLOW: Model list for preprocess: matxvec block_mmult
INFO-FLOW: Preprocessing Module: matxvec ...
Execute       set_default_model matxvec 
Execute       cdfg_preprocess -model matxvec 
Execute       rtl_gen_preprocess matxvec 
INFO-FLOW: Preprocessing Module: block_mmult ...
Execute       set_default_model block_mmult 
Execute       cdfg_preprocess -model block_mmult 
Execute       rtl_gen_preprocess block_mmult 
INFO-FLOW: Model list for synthesis: matxvec block_mmult
INFO: [HLS 200-10] ----------------------------------------------------------------
INFO: [HLS 200-42] -- Implementing module 'matxvec' 
INFO: [HLS 200-10] ----------------------------------------------------------------
Execute       set_default_model matxvec 
Execute       schedule -model matxvec 
INFO: [SCHED 204-11] Starting scheduling ...
INFO: [SCHED 204-61] Pipelining loop 'memcpy.a.gep.A'.
INFO: [SCHED 204-61] Pipelining result : Target II = 1, Final II = 1, Depth = 3.
INFO: [SCHED 204-61] Pipelining loop 'memcpy.C.c.gep'.
INFO: [SCHED 204-61] Pipelining result : Target II = 1, Final II = 1, Depth = 2.
INFO: [SCHED 204-11] Finished scheduling.
Command       schedule done; 1.495 sec.
INFO: [HLS 200-111]  Elapsed time: 21.519 seconds; current allocated memory: 91.287 MB.
Execute       report -o C:/Users/Naimu/workspace/lab_2/Release/_sds/vhls/block_mmult/solution/.autopilot/db/matxvec.verbose.sched.rpt -verbose -f 
INFO: [HLS 200-434] Only 2 loops out of a total 3 loops have been pipelined in this design.
Command       report done; 1.07 sec.
Execute       db_write -o C:/Users/Naimu/workspace/lab_2/Release/_sds/vhls/block_mmult/solution/.autopilot/db/matxvec.sched.adb -f 
Command       db_write done; 0.243 sec.
INFO-FLOW: Finish scheduling matxvec.
Execute       set_default_model matxvec 
Execute       bind -model matxvec 
BIND OPTION: effort=medium
BIND OPTION: fu_weight=[ 0.0 -- 1.0 ]
BIND OPTION: model=matxvec
BIND OPTION: reg_weight=[ 0.0 -- 1.0 ]
INFO: [BIND 205-100] Starting micro-architecture generation ...
INFO: [BIND 205-101] Performing variable lifetime analysis.
INFO: [BIND 205-101] Exploring resource sharing.
INFO: [BIND 205-101] Binding ...
INFO: [BIND 205-100] Finished micro-architecture generation.
Command       bind done; 0.768 sec.
INFO: [HLS 200-111]  Elapsed time: 2.113 seconds; current allocated memory: 93.916 MB.
Execute       report -o C:/Users/Naimu/workspace/lab_2/Release/_sds/vhls/block_mmult/solution/.autopilot/db/matxvec.verbose.bind.rpt -verbose -f 
Command       report done; 1.663 sec.
Execute       db_write -o C:/Users/Naimu/workspace/lab_2/Release/_sds/vhls/block_mmult/solution/.autopilot/db/matxvec.bind.adb -f 
Command       db_write done; 0.351 sec.
INFO-FLOW: Finish binding matxvec.
INFO: [HLS 200-10] ----------------------------------------------------------------
INFO: [HLS 200-42] -- Implementing module 'block_mmult' 
INFO: [HLS 200-10] ----------------------------------------------------------------
Execute       set_default_model block_mmult 
Execute       schedule -model block_mmult 
INFO: [SCHED 204-11] Starting scheduling ...
INFO: [SCHED 204-61] Pipelining loop 'Loop 1.1'.
INFO: [SCHED 204-61] Pipelining result : Target II = 1, Final II = 1, Depth = 10.
WARNING: [SCHED 204-71] Latency directive discarded for region block_mmult since it contains subloops.
INFO: [SCHED 204-11] Finished scheduling.
Command       schedule done; 0.491 sec.
INFO: [HLS 200-111]  Elapsed time: 2.597 seconds; current allocated memory: 94.323 MB.
Execute       report -o C:/Users/Naimu/workspace/lab_2/Release/_sds/vhls/block_mmult/solution/.autopilot/db/block_mmult.verbose.sched.rpt -verbose -f 
Command       report done; 0.204 sec.
Execute       db_write -o C:/Users/Naimu/workspace/lab_2/Release/_sds/vhls/block_mmult/solution/.autopilot/db/block_mmult.sched.adb -f 
INFO-FLOW: Finish scheduling block_mmult.
Execute       set_default_model block_mmult 
Execute       bind -model block_mmult 
BIND OPTION: effort=medium
BIND OPTION: fu_weight=[ 0.0 -- 1.0 ]
BIND OPTION: model=block_mmult
BIND OPTION: reg_weight=[ 0.0 -- 1.0 ]
INFO: [BIND 205-100] Starting micro-architecture generation ...
INFO: [BIND 205-101] Performing variable lifetime analysis.
INFO: [BIND 205-101] Exploring resource sharing.
INFO: [BIND 205-101] Binding ...
INFO: [BIND 205-100] Finished micro-architecture generation.
Command       bind done; 0.443 sec.
INFO: [HLS 200-111]  Elapsed time: 0.771 seconds; current allocated memory: 94.963 MB.
Execute       report -o C:/Users/Naimu/workspace/lab_2/Release/_sds/vhls/block_mmult/solution/.autopilot/db/block_mmult.verbose.bind.rpt -verbose -f 
Command       report done; 0.936 sec.
Execute       db_write -o C:/Users/Naimu/workspace/lab_2/Release/_sds/vhls/block_mmult/solution/.autopilot/db/block_mmult.bind.adb -f 
Command       db_write done; 0.108 sec.
INFO-FLOW: Finish binding block_mmult.
Execute       get_model_list block_mmult -filter all-wo-channel 
INFO-FLOW: Preprocessing for RTLGen ...
Execute       rtl_gen_preprocess matxvec 
Execute       rtl_gen_preprocess block_mmult 
INFO-FLOW: Model list for RTL generation: matxvec block_mmult
INFO: [HLS 200-10] ----------------------------------------------------------------
INFO: [HLS 200-10] -- Generating RTL for module 'matxvec' 
INFO: [HLS 200-10] ----------------------------------------------------------------
Execute       get_config_rtl -prefix 
Execute       create_rtl_model matxvec -vendor xilinx -mg_file C:/Users/Naimu/workspace/lab_2/Release/_sds/vhls/block_mmult/solution/.autopilot/db/matxvec.compgen.tcl 
INFO: [SYN 201-210] Renamed object name 'block_mmult_fadd_32ns_32ns_32_5_full_dsp_1' to 'block_mmult_fadd_bkb' due to the length limit 20
INFO: [SYN 201-210] Renamed object name 'block_mmult_fmul_32ns_32ns_32_4_max_dsp_1' to 'block_mmult_fmul_cud' due to the length limit 20
INFO: [SYN 201-210] Renamed object name 'block_mmult_mux_647_32_1_1' to 'block_mmult_mux_6dEe' due to the length limit 20
INFO: [RTGEN 206-100] Generating core module 'block_mmult_fadd_bkb': 32 instance(s).
INFO: [RTGEN 206-100] Generating core module 'block_mmult_fmul_cud': 32 instance(s).
INFO: [RTGEN 206-100] Generating core module 'block_mmult_mux_6dEe': 1 instance(s).
INFO: [RTGEN 206-100] Finished creating RTL model for 'matxvec'.
Command       create_rtl_model done; 0.573 sec.
INFO: [HLS 200-111]  Elapsed time: 1.729 seconds; current allocated memory: 98.081 MB.
Execute       source C:/Users/Naimu/workspace/lab_2/Release/_sds/vhls/block_mmult/solution/.autopilot/db/block_mmult.rtl_wrap.cfg.tcl 
Execute       gen_rtl matxvec -style xilinx -tracefl mytrace -tracefmt vcd -traceopt all -f -lang sc -o C:/Users/Naimu/workspace/lab_2/Release/_sds/vhls/block_mmult/solution/syn/systemc/a0_matxvec -synmodules matxvec block_mmult 
Execute       gen_rtl matxvec -style xilinx -f -lang vhdl -o C:/Users/Naimu/workspace/lab_2/Release/_sds/vhls/block_mmult/solution/syn/vhdl/a0_matxvec 
Execute       gen_rtl matxvec -style xilinx -f -lang vlog -o C:/Users/Naimu/workspace/lab_2/Release/_sds/vhls/block_mmult/solution/syn/verilog/a0_matxvec 
Execute       gen_tb_info matxvec -o C:/Users/Naimu/workspace/lab_2/Release/_sds/vhls/block_mmult/solution/.autopilot/db/matxvec -p C:/Users/Naimu/workspace/lab_2/Release/_sds/vhls/block_mmult/solution/.autopilot/db 
Command       gen_tb_info done; 0.303 sec.
Execute       report -model matxvec -o C:/Users/Naimu/workspace/lab_2/Release/_sds/vhls/block_mmult/solution/syn/report/matxvec_csynth.rpt -f 
Command       report done; 0.339 sec.
Execute       report -model matxvec -o C:/Users/Naimu/workspace/lab_2/Release/_sds/vhls/block_mmult/solution/syn/report/matxvec_csynth.xml -f -x 
Command       report done; 0.355 sec.
Execute       report -model matxvec -o C:/Users/Naimu/workspace/lab_2/Release/_sds/vhls/block_mmult/solution/.autopilot/db/matxvec.verbose.rpt -verbose -f 
Command       report done; 2.114 sec.
Execute       db_write -model matxvec -o C:/Users/Naimu/workspace/lab_2/Release/_sds/vhls/block_mmult/solution/.autopilot/db/matxvec.adb -f 
Command       db_write done; 0.737 sec.
INFO: [HLS 200-10] ----------------------------------------------------------------
INFO: [HLS 200-10] -- Generating RTL for module 'block_mmult' 
INFO: [HLS 200-10] ----------------------------------------------------------------
Execute       get_config_rtl -prefix 
Execute       create_rtl_model block_mmult -vendor xilinx -mg_file C:/Users/Naimu/workspace/lab_2/Release/_sds/vhls/block_mmult/solution/.autopilot/db/block_mmult.compgen.tcl 
INFO: [RTGEN 206-500] Setting interface mode on port 'block_mmult/A' to 'm_axi'.
INFO: [RTGEN 206-500] Setting interface mode on port 'block_mmult/B' to 'm_axi'.
INFO: [RTGEN 206-500] Setting interface mode on port 'block_mmult/C' to 'm_axi'.
INFO: [RTGEN 206-500] Setting interface mode on port 'block_mmult/A_offset' to 'ap_none'.
INFO: [RTGEN 206-500] Setting interface mode on port 'block_mmult/B_offset' to 'ap_none'.
INFO: [RTGEN 206-500] Setting interface mode on port 'block_mmult/C_offset' to 'ap_none'.
INFO: [RTGEN 206-500] Setting interface mode on function 'block_mmult' to 'ap_ctrl_hs'.
INFO: [RTGEN 206-100] Finished creating RTL model for 'block_mmult'.
Command       create_rtl_model done; 0.492 sec.
INFO: [HLS 200-111]  Elapsed time: 7.489 seconds; current allocated memory: 101.326 MB.
Execute       source C:/Users/Naimu/workspace/lab_2/Release/_sds/vhls/block_mmult/solution/.autopilot/db/block_mmult.rtl_wrap.cfg.tcl 
Execute       gen_rtl block_mmult -istop -style xilinx -tracefl mytrace -tracefmt vcd -traceopt all -f -lang sc -o C:/Users/Naimu/workspace/lab_2/Release/_sds/vhls/block_mmult/solution/syn/systemc/a0_block_mmult -synmodules matxvec block_mmult 
Execute       gen_rtl block_mmult -istop -style xilinx -f -lang vhdl -o C:/Users/Naimu/workspace/lab_2/Release/_sds/vhls/block_mmult/solution/syn/vhdl/a0_block_mmult 
Command       gen_rtl done; 0.215 sec.
Execute       gen_rtl block_mmult -istop -style xilinx -f -lang vlog -o C:/Users/Naimu/workspace/lab_2/Release/_sds/vhls/block_mmult/solution/syn/verilog/a0_block_mmult 
Command       gen_rtl done; 0.186 sec.
Execute       export_constraint_db -o C:/Users/Naimu/workspace/lab_2/Release/_sds/vhls/block_mmult/solution/.autopilot/db/block_mmult.constraint.tcl -f -tool general 
Execute       report -model block_mmult -o C:/Users/Naimu/workspace/lab_2/Release/_sds/vhls/block_mmult/solution/.autopilot/db/block_mmult.design.xml -verbose -f -dv 
Command       report done; 0.844 sec.
Execute       report -model block_mmult -o C:/Users/Naimu/workspace/lab_2/Release/_sds/vhls/block_mmult/solution/.autopilot/db/block_mmult.sdaccel.xml -verbose -f -sdaccel 
Command       report done; 0.439 sec.
Execute       gen_tb_info block_mmult -o C:/Users/Naimu/workspace/lab_2/Release/_sds/vhls/block_mmult/solution/.autopilot/db/block_mmult -p C:/Users/Naimu/workspace/lab_2/Release/_sds/vhls/block_mmult/solution/.autopilot/db 
Execute       report -model block_mmult -o C:/Users/Naimu/workspace/lab_2/Release/_sds/vhls/block_mmult/solution/syn/report/block_mmult_csynth.rpt -f 
Command       report done; 0.119 sec.
Execute       report -model block_mmult -o C:/Users/Naimu/workspace/lab_2/Release/_sds/vhls/block_mmult/solution/syn/report/block_mmult_csynth.xml -f -x 
Command       report done; 0.121 sec.
Execute       report -model block_mmult -o C:/Users/Naimu/workspace/lab_2/Release/_sds/vhls/block_mmult/solution/.autopilot/db/block_mmult.verbose.rpt -verbose -f 
Command       report done; 1.227 sec.
Execute       db_write -model block_mmult -o C:/Users/Naimu/workspace/lab_2/Release/_sds/vhls/block_mmult/solution/.autopilot/db/block_mmult.adb -f 
Command       db_write done; 0.275 sec.
Execute       sc_get_clocks block_mmult 
Execute       get_config_export -vivado_clock 
Execute       sc_get_portdomain block_mmult 
INFO-FLOW: Model list for RTL component generation: matxvec block_mmult
INFO-FLOW: Handling components in module [matxvec] ... 
Execute       source C:/Users/Naimu/workspace/lab_2/Release/_sds/vhls/block_mmult/solution/.autopilot/db/matxvec.compgen.tcl 
INFO-FLOW: Found component a0_block_mmult_fadd_bkb.
INFO-FLOW: Append model a0_block_mmult_fadd_bkb
INFO-FLOW: Found component a0_block_mmult_fmul_cud.
INFO-FLOW: Append model a0_block_mmult_fmul_cud
INFO-FLOW: Found component a0_block_mmult_mux_6dEe.
INFO-FLOW: Append model a0_block_mmult_mux_6dEe
INFO-FLOW: Found component a0_matxvec_a.
INFO-FLOW: Append model a0_matxvec_a
INFO-FLOW: Handling components in module [block_mmult] ... 
Execute       source C:/Users/Naimu/workspace/lab_2/Release/_sds/vhls/block_mmult/solution/.autopilot/db/block_mmult.compgen.tcl 
INFO-FLOW: Found component a0_block_mmult_b_0.
INFO-FLOW: Append model a0_block_mmult_b_0
INFO-FLOW: Found component a0_block_mmult_A_m_axi.
INFO-FLOW: Append model a0_block_mmult_A_m_axi
INFO-FLOW: Found component a0_block_mmult_B_m_axi.
INFO-FLOW: Append model a0_block_mmult_B_m_axi
INFO-FLOW: Found component a0_block_mmult_C_m_axi.
INFO-FLOW: Append model a0_block_mmult_C_m_axi
INFO-FLOW: Append model matxvec
INFO-FLOW: Append model block_mmult
INFO-FLOW: Generating RTL model list ...
INFO-FLOW: All models in this session: a0_block_mmult_fadd_bkb a0_block_mmult_fmul_cud a0_block_mmult_mux_6dEe a0_matxvec_a a0_block_mmult_b_0 a0_block_mmult_A_m_axi a0_block_mmult_B_m_axi a0_block_mmult_C_m_axi matxvec block_mmult
INFO-FLOW: To file: write model a0_block_mmult_fadd_bkb
INFO-FLOW: To file: write model a0_block_mmult_fmul_cud
INFO-FLOW: To file: write model a0_block_mmult_mux_6dEe
INFO-FLOW: To file: write model a0_matxvec_a
INFO-FLOW: To file: write model a0_block_mmult_b_0
INFO-FLOW: To file: write model a0_block_mmult_A_m_axi
INFO-FLOW: To file: write model a0_block_mmult_B_m_axi
INFO-FLOW: To file: write model a0_block_mmult_C_m_axi
INFO-FLOW: To file: write model matxvec
INFO-FLOW: To file: write model block_mmult
INFO-FLOW: Finished generating RTL model list.


INFO-FLOW: RTL Generation done.
INFO-FLOW: CAS Generation done.
INFO-FLOW: CBC Generation done.
INFO-FLOW: DBG:CMD: auto_generate_csynth_design
INFO-FLOW: DBG:CMD:     auto_generate --sim-model -phase csynth_design -d C:/Users/Naimu/workspace/lab_2/Release/_sds/vhls/block_mmult/solution
Execute       source C:/Users/Naimu/workspace/lab_2/Release/_sds/vhls/block_mmult/solution/.autopilot/db/global.setting.tcl 
INFO-FLOW: DBG:CMD: read_platform_lib C:/Users/Naimu/workspace/lab_2/Release/_sds/vhls/block_mmult/solution/.autopilot/db/global.setting.tcl
Execute       source C:/Xilinx/Vivado/2018.3/common/technology/generic/autopilot/common.gen 
Execute         source C:/Xilinx/Vivado/2018.3/common/technology/generic/autopilot/APCoreGen.gen 
Execute       source C:/Xilinx/Vivado/2018.3/common/technology/generic/autopilot/op.gen 
Execute       source C:/Xilinx/Vivado/2018.3/common/technology/generic/autopilot/op_simcore.gen 
Execute       source C:/Xilinx/Vivado/2018.3/common/technology/generic/autopilot/interface.gen 
Execute       source C:/Users/Naimu/workspace/lab_2/Release/_sds/vhls/block_mmult/solution/.autopilot/db/global.setting.tcl 
Execute       source C:/Xilinx/Vivado/2018.3/common/technology/xilinx/zynq/zynq.gen 
Execute         source C:/Xilinx/Vivado/2018.3/common/technology/xilinx/common/virtex.gen 
Execute           source C:/Xilinx/Vivado/2018.3/common/technology/xilinx/common/xilinx.gen 
Execute             source C:/Xilinx/Vivado/2018.3/common/technology/xilinx/interface/plb46.gen 
Execute             source C:/Xilinx/Vivado/2018.3/common/technology/xilinx/interface/fsl.gen 
Execute             source C:/Xilinx/Vivado/2018.3/common/technology/xilinx/interface/axi4.gen 
Execute             source C:/Xilinx/Vivado/2018.3/common/technology/xilinx/interface/nativeAXI4.gen 
Execute               source C:/Xilinx/Vivado/2018.3/common/technology/xilinx/interface/saxilite.gen 
Execute               source C:/Xilinx/Vivado/2018.3/common/technology/xilinx/interface/maxi.gen 
Execute             source C:/Xilinx/Vivado/2018.3/common/technology/xilinx/scripts/xilinxcoregen.gen 
Execute             source C:/Xilinx/Vivado/2018.3/common/technology/xilinx/interface/XilEDKCoreGen.gen 
Execute             source C:/Xilinx/Vivado/2018.3/common/technology/xilinx/ip/dds_compiler.gen 
Execute             source C:/Xilinx/Vivado/2018.3/common/technology/xilinx/ip/util.gen 
Execute             source C:/Xilinx/Vivado/2018.3/common/technology/xilinx/ip/xfft.gen 
Command             ap_source done; 0.248 sec.
Execute             source C:/Xilinx/Vivado/2018.3/common/technology/xilinx/ip/xfir.gen 
Command           ap_source done; 0.353 sec.
Execute           source C:/Xilinx/Vivado/2018.3/common/technology/xilinx/common/dsp48.gen 
Command         ap_source done; 0.36 sec.
Command       ap_source done; 0.36 sec.
Execute       source C:/Xilinx/Vivado/2018.3/common/technology/xilinx/zynq/zynq_fpv6.gen 
Execute         source C:/Xilinx/Vivado/2018.3/common/technology/xilinx/common/xilinx_fpv6.gen 
INFO-FLOW: DBG:CMD:   using AESL_AUTOCG::g_clock_period=10.000 (was NA)
INFO-FLOW: DBG:CMD:       generate_ip_cores sim=1 export=0 expOnly=0 dstVlogDir=syn/verilog
Execute       source C:/Users/Naimu/workspace/lab_2/Release/_sds/vhls/block_mmult/solution/.autopilot/db/global.setting.tcl 
Execute       source C:/Users/Naimu/workspace/lab_2/Release/_sds/vhls/block_mmult/solution/.autopilot/db/global.setting.tcl 
Execute       source C:/Users/Naimu/workspace/lab_2/Release/_sds/vhls/block_mmult/solution/.autopilot/db/global.setting.tcl 
Execute       source C:/Users/Naimu/workspace/lab_2/Release/_sds/vhls/block_mmult/solution/.autopilot/db/matxvec.compgen.tcl 
INFO: [RTMG 210-278] Implementing memory 'a0_matxvec_a_ram (RAM)' using block RAMs.
Command       ap_source done; 0.561 sec.
Execute       source C:/Users/Naimu/workspace/lab_2/Release/_sds/vhls/block_mmult/solution/.autopilot/db/block_mmult.compgen.tcl 
INFO: [RTMG 210-278] Implementing memory 'a0_block_mmult_b_0_ram (RAM)' using block RAMs.
Command       ap_source done; 0.49 sec.
INFO-FLOW: DBG:CMD:     auto_generate -export -impltomg_flag -rtl both -tool Vivado -pcore_version 1.00.a -phase csynth_design -d C:/Users/Naimu/workspace/lab_2/Release/_sds/vhls/block_mmult/solution
Execute       source C:/Users/Naimu/workspace/lab_2/Release/_sds/vhls/block_mmult/solution/.autopilot/db/global.setting.tcl 
INFO-FLOW: DBG:CMD: read_platform_lib C:/Users/Naimu/workspace/lab_2/Release/_sds/vhls/block_mmult/solution/.autopilot/db/global.setting.tcl
Execute       source C:/Xilinx/Vivado/2018.3/common/technology/generic/autopilot/common.gen 
Execute         source C:/Xilinx/Vivado/2018.3/common/technology/generic/autopilot/APCoreGen.gen 
Execute       source C:/Xilinx/Vivado/2018.3/common/technology/generic/autopilot/op.gen 
Execute       source C:/Xilinx/Vivado/2018.3/common/technology/generic/autopilot/op_simcore.gen 
Execute       source C:/Xilinx/Vivado/2018.3/common/technology/generic/autopilot/interface.gen 
Execute       source C:/Users/Naimu/workspace/lab_2/Release/_sds/vhls/block_mmult/solution/.autopilot/db/global.setting.tcl 
Execute       source C:/Xilinx/Vivado/2018.3/common/technology/xilinx/zynq/zynq.gen 
Execute         source C:/Xilinx/Vivado/2018.3/common/technology/xilinx/common/virtex.gen 
Execute           source C:/Xilinx/Vivado/2018.3/common/technology/xilinx/common/xilinx.gen 
Execute             source C:/Xilinx/Vivado/2018.3/common/technology/xilinx/interface/plb46.gen 
Execute             source C:/Xilinx/Vivado/2018.3/common/technology/xilinx/interface/fsl.gen 
Execute             source C:/Xilinx/Vivado/2018.3/common/technology/xilinx/interface/axi4.gen 
Execute             source C:/Xilinx/Vivado/2018.3/common/technology/xilinx/interface/nativeAXI4.gen 
Execute               source C:/Xilinx/Vivado/2018.3/common/technology/xilinx/interface/saxilite.gen 
Execute               source C:/Xilinx/Vivado/2018.3/common/technology/xilinx/interface/maxi.gen 
Execute             source C:/Xilinx/Vivado/2018.3/common/technology/xilinx/scripts/xilinxcoregen.gen 
Execute             source C:/Xilinx/Vivado/2018.3/common/technology/xilinx/interface/XilEDKCoreGen.gen 
Execute             source C:/Xilinx/Vivado/2018.3/common/technology/xilinx/ip/dds_compiler.gen 
Execute             source C:/Xilinx/Vivado/2018.3/common/technology/xilinx/ip/util.gen 
Execute             source C:/Xilinx/Vivado/2018.3/common/technology/xilinx/ip/xfft.gen 
Command             ap_source done; 0.217 sec.
Execute             source C:/Xilinx/Vivado/2018.3/common/technology/xilinx/ip/xfir.gen 
Command           ap_source done; 0.331 sec.
Execute           source C:/Xilinx/Vivado/2018.3/common/technology/xilinx/common/dsp48.gen 
Command         ap_source done; 0.34 sec.
Command       ap_source done; 0.341 sec.
Execute       source C:/Xilinx/Vivado/2018.3/common/technology/xilinx/zynq/zynq_fpv6.gen 
Execute         source C:/Xilinx/Vivado/2018.3/common/technology/xilinx/common/xilinx_fpv6.gen 
INFO-FLOW: DBG:CMD:       initCTypeInfo top_module=block_mmult xml_exists=0
Execute       source C:/Users/Naimu/workspace/lab_2/Release/_sds/vhls/block_mmult/solution/.autopilot/db/block_mmult.rtl_wrap.cfg.tcl 
Execute       source C:/Users/Naimu/workspace/lab_2/Release/_sds/vhls/block_mmult/solution/.autopilot/db/block_mmult.rtl_wrap.cfg.tcl 
Execute       source C:/Users/Naimu/workspace/lab_2/Release/_sds/vhls/block_mmult/solution/.autopilot/db/block_mmult.rtl_wrap.cfg.tcl 
Execute       source C:/Users/Naimu/workspace/lab_2/Release/_sds/vhls/block_mmult/solution/.autopilot/db/block_mmult.tbgen.tcl 
Execute       source C:/Users/Naimu/workspace/lab_2/Release/_sds/vhls/block_mmult/solution/.autopilot/db/block_mmult.tbgen.tcl 
INFO-FLOW: DBG:CMD:       export_impl_rtl
INFO-FLOW: DBG:CMD:       generate_ip_cores sim=0 export=0 expOnly=0 dstVlogDir=impl/.verilog
Execute       source C:/Users/Naimu/workspace/lab_2/Release/_sds/vhls/block_mmult/solution/.autopilot/db/global.setting.tcl 
Execute       source C:/Users/Naimu/workspace/lab_2/Release/_sds/vhls/block_mmult/solution/.autopilot/db/matxvec.compgen.tcl 
Command       ap_source done; 0.18 sec.
Execute       source C:/Users/Naimu/workspace/lab_2/Release/_sds/vhls/block_mmult/solution/.autopilot/db/block_mmult.compgen.tcl 
INFO-FLOW: DBG:CMD:       generate_ip_cores sim=0 export=1 expOnly=1 dstVlogDir=impl/.pcores/verilog
Execute       source C:/Users/Naimu/workspace/lab_2/Release/_sds/vhls/block_mmult/solution/.autopilot/db/global.setting.tcl 
Execute       source C:/Users/Naimu/workspace/lab_2/Release/_sds/vhls/block_mmult/solution/.autopilot/db/matxvec.compgen.tcl 
Execute       source C:/Users/Naimu/workspace/lab_2/Release/_sds/vhls/block_mmult/solution/.autopilot/db/block_mmult.compgen.tcl 
INFO-FLOW: DBG:CMD:       generate_ip_cores sim=0 export=0 expOnly=0 dstVlogDir=impl/.pcores/verilog_sim
Execute       source C:/Users/Naimu/workspace/lab_2/Release/_sds/vhls/block_mmult/solution/.autopilot/db/global.setting.tcl 
Execute       source C:/Users/Naimu/workspace/lab_2/Release/_sds/vhls/block_mmult/solution/.autopilot/db/matxvec.compgen.tcl 
Execute       source C:/Users/Naimu/workspace/lab_2/Release/_sds/vhls/block_mmult/solution/.autopilot/db/block_mmult.compgen.tcl 
Execute       source C:/Users/Naimu/workspace/lab_2/Release/_sds/vhls/block_mmult/solution/.autopilot/db/global.setting.tcl 
Execute       source C:/Users/Naimu/workspace/lab_2/Release/_sds/vhls/block_mmult/solution/.autopilot/db/block_mmult.constraint.tcl 
Execute       source C:/Users/Naimu/workspace/lab_2/Release/_sds/vhls/block_mmult/solution/.autopilot/db/block_mmult.tbgen.tcl 
INFO-FLOW: DBG:CMD:       hasPcoreIpAdapter=false #gSsdmPorts=8
INFO-FLOW: DBG:CMD: Skipping loadAnalyze_DB, #g_database=6
INFO-FLOW: DBG:CMD:       generate_json is_phase_csynth=1 g_has_adaptors=false generate_bd_files=0 #modelList=10 #gSsdmPorts=8
Execute       source C:/Users/Naimu/workspace/lab_2/Release/_sds/vhls/block_mmult/solution/.autopilot/db/global.setting.tcl 
Execute       source C:/Users/Naimu/workspace/lab_2/Release/_sds/vhls/block_mmult/solution/.autopilot/db/global.setting.tcl 
Execute       source C:/Users/Naimu/workspace/lab_2/Release/_sds/vhls/block_mmult/solution/.autopilot/db/block_mmult.tbgen.tcl 
Execute       source C:/Users/Naimu/workspace/lab_2/Release/_sds/vhls/block_mmult/solution/.autopilot/db/block_mmult.tbgen.tcl 
Execute       source C:/Users/Naimu/workspace/lab_2/Release/_sds/vhls/block_mmult/solution/.autopilot/db/block_mmult.tbgen.tcl 
Execute       source C:/Users/Naimu/workspace/lab_2/Release/_sds/vhls/block_mmult/solution/.autopilot/db/block_mmult.tbgen.tcl 
Execute       source C:/Users/Naimu/workspace/lab_2/Release/_sds/vhls/block_mmult/solution/.autopilot/db/global.setting.tcl 
Execute       get_config_sdx -target 
Execute       get_config_export -xo 
Execute       source C:/Users/Naimu/workspace/lab_2/Release/_sds/vhls/block_mmult/solution/.autopilot/db/global.setting.tcl 
Execute       source C:/Users/Naimu/workspace/lab_2/Release/_sds/vhls/block_mmult/solution/.autopilot/db/block_mmult.constraint.tcl 
Execute       sc_get_clocks block_mmult 
Execute       source C:/Users/Naimu/workspace/lab_2/Release/_sds/vhls/block_mmult/solution/.autopilot/db/global.setting.tcl 
Execute       source C:/Users/Naimu/workspace/lab_2/Release/_sds/vhls/block_mmult/solution/impl/misc/a0_block_mmult_ap_fadd_3_full_dsp_32_ip.tcl 
Execute       source C:/Users/Naimu/workspace/lab_2/Release/_sds/vhls/block_mmult/solution/impl/misc/a0_block_mmult_ap_fmul_2_max_dsp_32_ip.tcl 
Execute       get_config_sdx -target 
Execute       get_config_sdx -profile 
Execute       ::config_rtl 
INFO-FLOW: DBG:CMD: add_json_sdx_info kernel file does not exist: C:/Users/Naimu/workspace/lab_2/Release/_sds/vhls/block_mmult/solution/.autopilot/db/kernel.internal.xml
INFO-FLOW: DBG:CMD:       delete-temp-dirs (skipped for debug)
INFO: [HLS 200-111] Finished generating all RTL models Time (s): cpu = 00:00:19 ; elapsed = 00:00:46 . Memory (MB): peak = 164.754 ; gain = 80.988
INFO: [SYSC 207-301] Generating SystemC RTL for block_mmult with prefix a0_.
INFO: [VHDL 208-304] Generating VHDL RTL for block_mmult with prefix a0_.
INFO: [VLOG 209-307] Generating Verilog RTL for block_mmult with prefix a0_.
Command     autosyn done; 26.381 sec.
Execute     get_part 
Execute     get_config_export -sdx_tcl 
Command   csynth_design done; 42.022 sec.
Execute   export_design -ipname block_mmult 
Execute     get_config_export -acc 
Execute     get_config_export -clock_margin 
Execute     get_config_export -custom_script 
Execute     get_config_export -description 
Execute     get_config_export -display_name 
Execute     get_config_export -driver_input_dir 
Execute     get_config_export -format 
Execute     get_config_export -kernel_drc 
Execute     get_config_export -library 
Execute     get_config_export -qor_test 
Execute     get_config_export -rtl 
Execute     get_config_export -sdaccel 
Execute     get_config_export -sim 
Execute     get_config_export -taxonomy 
Execute     get_config_export -use_ip 
Execute     get_config_export -use_netlist 
Execute     get_config_export -vendor 
Execute     get_config_export -version 
Execute     get_config_export -xo 
Execute     config_export -ipname=block_mmult 
INFO-FLOW: DBG:CMD: export_design_wrap: -ipname block_mmult
Execute     source C:/Users/Naimu/workspace/lab_2/Release/_sds/vhls/block_mmult/solution/.autopilot/db/global.setting.tcl 
Execute     get_config_export -vivado_clock 
Execute     get_top 
Execute     get_config_sdx -target 
INFO-FLOW: DBG:CMD:   auto_impl: pack: -export -sdx-target sds
Execute     source C:/Users/Naimu/workspace/lab_2/Release/_sds/vhls/block_mmult/solution/.autopilot/db/global.setting.tcl 
INFO-FLOW: DBG:CMD: read_platform_lib C:/Users/Naimu/workspace/lab_2/Release/_sds/vhls/block_mmult/solution/.autopilot/db/global.setting.tcl
Execute     source C:/Xilinx/Vivado/2018.3/common/technology/generic/autopilot/common.gen 
Execute       source C:/Xilinx/Vivado/2018.3/common/technology/generic/autopilot/APCoreGen.gen 
Execute     source C:/Xilinx/Vivado/2018.3/common/technology/generic/autopilot/op.gen 
Execute     source C:/Xilinx/Vivado/2018.3/common/technology/generic/autopilot/op_simcore.gen 
Execute     source C:/Xilinx/Vivado/2018.3/common/technology/generic/autopilot/interface.gen 
Execute     source C:/Users/Naimu/workspace/lab_2/Release/_sds/vhls/block_mmult/solution/.autopilot/db/global.setting.tcl 
Execute     source C:/Xilinx/Vivado/2018.3/common/technology/xilinx/zynq/zynq.gen 
Execute       source C:/Xilinx/Vivado/2018.3/common/technology/xilinx/common/virtex.gen 
Execute         source C:/Xilinx/Vivado/2018.3/common/technology/xilinx/common/xilinx.gen 
Execute           source C:/Xilinx/Vivado/2018.3/common/technology/xilinx/interface/plb46.gen 
Execute           source C:/Xilinx/Vivado/2018.3/common/technology/xilinx/interface/fsl.gen 
Execute           source C:/Xilinx/Vivado/2018.3/common/technology/xilinx/interface/axi4.gen 
Execute           source C:/Xilinx/Vivado/2018.3/common/technology/xilinx/interface/nativeAXI4.gen 
Execute             source C:/Xilinx/Vivado/2018.3/common/technology/xilinx/interface/saxilite.gen 
Execute             source C:/Xilinx/Vivado/2018.3/common/technology/xilinx/interface/maxi.gen 
Execute           source C:/Xilinx/Vivado/2018.3/common/technology/xilinx/scripts/xilinxcoregen.gen 
Execute           source C:/Xilinx/Vivado/2018.3/common/technology/xilinx/interface/XilEDKCoreGen.gen 
Execute           source C:/Xilinx/Vivado/2018.3/common/technology/xilinx/ip/dds_compiler.gen 
Execute           source C:/Xilinx/Vivado/2018.3/common/technology/xilinx/ip/util.gen 
Execute           source C:/Xilinx/Vivado/2018.3/common/technology/xilinx/ip/xfft.gen 
Command           ap_source done; 0.279 sec.
Execute           source C:/Xilinx/Vivado/2018.3/common/technology/xilinx/ip/xfir.gen 
Command         ap_source done; 0.406 sec.
Execute         source C:/Xilinx/Vivado/2018.3/common/technology/xilinx/common/dsp48.gen 
Command       ap_source done; 0.414 sec.
Command     ap_source done; 0.415 sec.
Execute     source C:/Xilinx/Vivado/2018.3/common/technology/xilinx/zynq/zynq_fpv6.gen 
Execute       source C:/Xilinx/Vivado/2018.3/common/technology/xilinx/common/xilinx_fpv6.gen 
Execute     source C:/Users/Naimu/workspace/lab_2/Release/_sds/vhls/block_mmult/solution/.autopilot/db/global.setting.tcl 
INFO: [IMPL 213-8] Exporting RTL as a Vivado IP.
Execute     source C:/Users/Naimu/workspace/lab_2/Release/_sds/vhls/block_mmult/solution/.autopilot/db/global.setting.tcl 
INFO-FLOW: DBG:CMD: automg_wrap -export -pcore_version 1.00.a -rtl both -sdx-target sds -tool Vivado -impltomg_flag
INFO-FLOW: DBG:CMD:     auto_generate -export -pcore_version 1.00.a -rtl both -sdx-target sds -tool Vivado -impltomg_flag
Execute     source C:/Users/Naimu/workspace/lab_2/Release/_sds/vhls/block_mmult/solution/.autopilot/db/global.setting.tcl 
INFO-FLOW: DBG:CMD: read_platform_lib C:/Users/Naimu/workspace/lab_2/Release/_sds/vhls/block_mmult/solution/.autopilot/db/global.setting.tcl
Execute     source C:/Xilinx/Vivado/2018.3/common/technology/generic/autopilot/common.gen 
Execute       source C:/Xilinx/Vivado/2018.3/common/technology/generic/autopilot/APCoreGen.gen 
Execute     source C:/Xilinx/Vivado/2018.3/common/technology/generic/autopilot/op.gen 
Execute     source C:/Xilinx/Vivado/2018.3/common/technology/generic/autopilot/op_simcore.gen 
Execute     source C:/Xilinx/Vivado/2018.3/common/technology/generic/autopilot/interface.gen 
Execute     source C:/Users/Naimu/workspace/lab_2/Release/_sds/vhls/block_mmult/solution/.autopilot/db/global.setting.tcl 
Execute     source C:/Xilinx/Vivado/2018.3/common/technology/xilinx/zynq/zynq.gen 
Execute       source C:/Xilinx/Vivado/2018.3/common/technology/xilinx/common/virtex.gen 
Execute         source C:/Xilinx/Vivado/2018.3/common/technology/xilinx/common/xilinx.gen 
Execute           source C:/Xilinx/Vivado/2018.3/common/technology/xilinx/interface/plb46.gen 
Execute           source C:/Xilinx/Vivado/2018.3/common/technology/xilinx/interface/fsl.gen 
Execute           source C:/Xilinx/Vivado/2018.3/common/technology/xilinx/interface/axi4.gen 
Execute           source C:/Xilinx/Vivado/2018.3/common/technology/xilinx/interface/nativeAXI4.gen 
Execute             source C:/Xilinx/Vivado/2018.3/common/technology/xilinx/interface/saxilite.gen 
Execute             source C:/Xilinx/Vivado/2018.3/common/technology/xilinx/interface/maxi.gen 
Execute           source C:/Xilinx/Vivado/2018.3/common/technology/xilinx/scripts/xilinxcoregen.gen 
Execute           source C:/Xilinx/Vivado/2018.3/common/technology/xilinx/interface/XilEDKCoreGen.gen 
Execute           source C:/Xilinx/Vivado/2018.3/common/technology/xilinx/ip/dds_compiler.gen 
Execute           source C:/Xilinx/Vivado/2018.3/common/technology/xilinx/ip/util.gen 
Execute           source C:/Xilinx/Vivado/2018.3/common/technology/xilinx/ip/xfft.gen 
Command           ap_source done; 0.271 sec.
Execute           source C:/Xilinx/Vivado/2018.3/common/technology/xilinx/ip/xfir.gen 
Command         ap_source done; 0.401 sec.
Execute         source C:/Xilinx/Vivado/2018.3/common/technology/xilinx/common/dsp48.gen 
Command       ap_source done; 0.409 sec.
Command     ap_source done; 0.409 sec.
Execute     source C:/Xilinx/Vivado/2018.3/common/technology/xilinx/zynq/zynq_fpv6.gen 
Execute       source C:/Xilinx/Vivado/2018.3/common/technology/xilinx/common/xilinx_fpv6.gen 
INFO-FLOW: DBG:CMD:       export_impl_rtl
INFO-FLOW: DBG:CMD:       generate_ip_cores sim=0 export=0 expOnly=0 dstVlogDir=impl/.verilog
Execute     source C:/Users/Naimu/workspace/lab_2/Release/_sds/vhls/block_mmult/solution/.autopilot/db/global.setting.tcl 
Execute     source C:/Users/Naimu/workspace/lab_2/Release/_sds/vhls/block_mmult/solution/.autopilot/db/matxvec.compgen.tcl 
Command     ap_source done; 0.196 sec.
Execute     source C:/Users/Naimu/workspace/lab_2/Release/_sds/vhls/block_mmult/solution/.autopilot/db/block_mmult.compgen.tcl 
INFO-FLOW: DBG:CMD:       generate_ip_cores sim=0 export=1 expOnly=1 dstVlogDir=impl/.pcores/verilog
Execute     source C:/Users/Naimu/workspace/lab_2/Release/_sds/vhls/block_mmult/solution/.autopilot/db/global.setting.tcl 
Execute     source C:/Users/Naimu/workspace/lab_2/Release/_sds/vhls/block_mmult/solution/.autopilot/db/matxvec.compgen.tcl 
Execute     source C:/Users/Naimu/workspace/lab_2/Release/_sds/vhls/block_mmult/solution/.autopilot/db/block_mmult.compgen.tcl 
INFO-FLOW: DBG:CMD:       generate_ip_cores sim=0 export=0 expOnly=0 dstVlogDir=impl/.pcores/verilog_sim
Execute     source C:/Users/Naimu/workspace/lab_2/Release/_sds/vhls/block_mmult/solution/.autopilot/db/global.setting.tcl 
Execute     source C:/Users/Naimu/workspace/lab_2/Release/_sds/vhls/block_mmult/solution/.autopilot/db/matxvec.compgen.tcl 
Execute     source C:/Users/Naimu/workspace/lab_2/Release/_sds/vhls/block_mmult/solution/.autopilot/db/block_mmult.compgen.tcl 
Execute     source C:/Users/Naimu/workspace/lab_2/Release/_sds/vhls/block_mmult/solution/.autopilot/db/global.setting.tcl 
Execute     source C:/Users/Naimu/workspace/lab_2/Release/_sds/vhls/block_mmult/solution/.autopilot/db/block_mmult.constraint.tcl 
Execute     source C:/Users/Naimu/workspace/lab_2/Release/_sds/vhls/block_mmult/solution/.autopilot/db/block_mmult.tbgen.tcl 
INFO-FLOW: DBG:CMD:       hasPcoreIpAdapter=false #gSsdmPorts=8
INFO-FLOW: DBG:CMD: Skipping loadAnalyze_DB, #g_database=6
INFO-FLOW: DBG:CMD:       generate_json is_phase_csynth=0 g_has_adaptors=false generate_bd_files=0 #modelList=10 #gSsdmPorts=8
Execute     source C:/Users/Naimu/workspace/lab_2/Release/_sds/vhls/block_mmult/solution/.autopilot/db/global.setting.tcl 
Execute     source C:/Users/Naimu/workspace/lab_2/Release/_sds/vhls/block_mmult/solution/.autopilot/db/global.setting.tcl 
Execute     source C:/Users/Naimu/workspace/lab_2/Release/_sds/vhls/block_mmult/solution/.autopilot/db/block_mmult.tbgen.tcl 
Execute     source C:/Users/Naimu/workspace/lab_2/Release/_sds/vhls/block_mmult/solution/.autopilot/db/block_mmult.tbgen.tcl 
Execute     source C:/Users/Naimu/workspace/lab_2/Release/_sds/vhls/block_mmult/solution/.autopilot/db/block_mmult.tbgen.tcl 
Execute     source C:/Users/Naimu/workspace/lab_2/Release/_sds/vhls/block_mmult/solution/.autopilot/db/block_mmult.tbgen.tcl 
Execute     source C:/Users/Naimu/workspace/lab_2/Release/_sds/vhls/block_mmult/solution/.autopilot/db/global.setting.tcl 
Execute     get_config_sdx -target 
Execute     get_config_export -xo 
Execute     source C:/Users/Naimu/workspace/lab_2/Release/_sds/vhls/block_mmult/solution/.autopilot/db/global.setting.tcl 
Execute     source C:/Users/Naimu/workspace/lab_2/Release/_sds/vhls/block_mmult/solution/.autopilot/db/block_mmult.constraint.tcl 
Execute     sc_get_clocks block_mmult 
Execute     source C:/Users/Naimu/workspace/lab_2/Release/_sds/vhls/block_mmult/solution/.autopilot/db/global.setting.tcl 
Execute     source C:/Users/Naimu/workspace/lab_2/Release/_sds/vhls/block_mmult/solution/impl/misc/a0_block_mmult_ap_fadd_3_full_dsp_32_ip.tcl 
Execute     source C:/Users/Naimu/workspace/lab_2/Release/_sds/vhls/block_mmult/solution/impl/misc/a0_block_mmult_ap_fmul_2_max_dsp_32_ip.tcl 
Execute     get_config_sdx -target 
Execute     get_config_sdx -profile 
Execute     ::config_rtl 
INFO-FLOW: DBG:CMD: add_json_sdx_info kernel file does not exist: C:/Users/Naimu/workspace/lab_2/Release/_sds/vhls/block_mmult/solution/.autopilot/db/kernel.internal.xml
INFO-FLOW: DBG:CMD:       generate_ip_script #gSsdmPorts=8
Execute     source C:/Users/Naimu/workspace/lab_2/Release/_sds/vhls/block_mmult/solution/.autopilot/db/block_mmult.tbgen.tcl 
Execute     source C:/Users/Naimu/workspace/lab_2/Release/_sds/vhls/block_mmult/solution/.autopilot/db/block_mmult.tbgen.tcl 
Execute     source C:/Users/Naimu/workspace/lab_2/Release/_sds/vhls/block_mmult/solution/.autopilot/db/block_mmult.tbgen.tcl 
Execute     source C:/Users/Naimu/workspace/lab_2/Release/_sds/vhls/block_mmult/solution/.autopilot/db/block_mmult.tbgen.tcl 
Execute     source C:/Users/Naimu/workspace/lab_2/Release/_sds/vhls/block_mmult/solution/.autopilot/db/global.setting.tcl 
Execute     get_config_sdx -target 
Execute     source C:/Users/Naimu/workspace/lab_2/Release/_sds/vhls/block_mmult/solution/.autopilot/db/global.setting.tcl 
INFO-FLOW: DBG:CMD:       generate_ip_auxiliary
Execute     source C:/Users/Naimu/workspace/lab_2/Release/_sds/vhls/block_mmult/solution/.autopilot/db/global.setting.tcl 
INFO-FLOW: DBG:CMD:       prepArgInfo -> loadAnalyze_DB top_module=block_mmult
Execute     source C:/Users/Naimu/workspace/lab_2/Release/_sds/vhls/block_mmult/solution/.autopilot/db/block_mmult.rtl_wrap.cfg.tcl 
Execute     source C:/Users/Naimu/workspace/lab_2/Release/_sds/vhls/block_mmult/solution/.autopilot/db/block_mmult.rtl_wrap.cfg.tcl 
Execute     source C:/Users/Naimu/workspace/lab_2/Release/_sds/vhls/block_mmult/solution/.autopilot/db/block_mmult.rtl_wrap.cfg.tcl 
Execute     source C:/Users/Naimu/workspace/lab_2/Release/_sds/vhls/block_mmult/solution/.autopilot/db/block_mmult.tbgen.tcl 
Execute     source C:/Users/Naimu/workspace/lab_2/Release/_sds/vhls/block_mmult/solution/.autopilot/db/block_mmult.tbgen.tcl 
Execute     source C:/Users/Naimu/workspace/lab_2/Release/_sds/vhls/block_mmult/solution/.autopilot/db/block_mmult.tbgen.tcl 
INFO-FLOW: DBG:CMD:       generate_top_info
INFO-FLOW: DBG:CMD:       prepArgInfo -> loadAnalyze_DB top_module=block_mmult
Execute     source C:/Users/Naimu/workspace/lab_2/Release/_sds/vhls/block_mmult/solution/.autopilot/db/block_mmult.rtl_wrap.cfg.tcl 
Execute     source C:/Users/Naimu/workspace/lab_2/Release/_sds/vhls/block_mmult/solution/.autopilot/db/block_mmult.rtl_wrap.cfg.tcl 
Execute     source C:/Users/Naimu/workspace/lab_2/Release/_sds/vhls/block_mmult/solution/.autopilot/db/block_mmult.rtl_wrap.cfg.tcl 
Execute     source C:/Users/Naimu/workspace/lab_2/Release/_sds/vhls/block_mmult/solution/.autopilot/db/block_mmult.tbgen.tcl 
Execute     source C:/Users/Naimu/workspace/lab_2/Release/_sds/vhls/block_mmult/solution/.autopilot/db/block_mmult.tbgen.tcl 
Execute     source C:/Users/Naimu/workspace/lab_2/Release/_sds/vhls/block_mmult/solution/.autopilot/db/global.setting.tcl 
Execute     source C:/Users/Naimu/workspace/lab_2/Release/_sds/vhls/block_mmult/solution/.autopilot/db/block_mmult.tbgen.tcl 
Execute     source C:/Users/Naimu/workspace/lab_2/Release/_sds/vhls/block_mmult/solution/.autopilot/db/global.setting.tcl 
Execute     source C:/Users/Naimu/workspace/lab_2/Release/_sds/vhls/block_mmult/solution/.autopilot/db/block_mmult.constraint.tcl 
INFO-FLOW: DBG:CMD:       generate_ipi_example_script
INFO-FLOW: DBG:CMD:       generate_syn_sh
Execute     source C:/Users/Naimu/workspace/lab_2/Release/_sds/vhls/block_mmult/solution/.autopilot/db/global.setting.tcl 
Execute     source C:/Users/Naimu/workspace/lab_2/Release/_sds/vhls/block_mmult/solution/.autopilot/db/global.setting.tcl 
INFO-FLOW: DBG:CMD:       generate_imp_constraints
Execute     source C:/Users/Naimu/workspace/lab_2/Release/_sds/vhls/block_mmult/solution/.autopilot/db/block_mmult.constraint.tcl 
Execute     source C:/Users/Naimu/workspace/lab_2/Release/_sds/vhls/block_mmult/solution/.autopilot/db/block_mmult.tbgen.tcl 
Execute     source C:/Users/Naimu/workspace/lab_2/Release/_sds/vhls/block_mmult/solution/.autopilot/db/block_mmult.constraint.tcl 
Execute     source C:/Users/Naimu/workspace/lab_2/Release/_sds/vhls/block_mmult/solution/.autopilot/db/block_mmult.tbgen.tcl 
INFO-FLOW: DBG:CMD:       copy-tb-rtl-files
INFO-FLOW: DBG:CMD:       copy-tb-data-files
INFO-FLOW: DBG:CMD:       delete-temp-dirs (skipped for debug)
INFO-FLOW: DBG:CMD: read_platform_lib C:/Users/Naimu/workspace/lab_2/Release/_sds/vhls/block_mmult/solution/.autopilot/db/global.setting.tcl
Execute     source C:/Xilinx/Vivado/2018.3/common/technology/generic/autopilot/common.gen 
Execute       source C:/Xilinx/Vivado/2018.3/common/technology/generic/autopilot/APCoreGen.gen 
Execute     source C:/Xilinx/Vivado/2018.3/common/technology/generic/autopilot/op.gen 
Execute     source C:/Xilinx/Vivado/2018.3/common/technology/generic/autopilot/op_simcore.gen 
Execute     source C:/Xilinx/Vivado/2018.3/common/technology/generic/autopilot/interface.gen 
Execute     source C:/Users/Naimu/workspace/lab_2/Release/_sds/vhls/block_mmult/solution/.autopilot/db/global.setting.tcl 
Execute     source C:/Xilinx/Vivado/2018.3/common/technology/xilinx/zynq/zynq.gen 
Execute       source C:/Xilinx/Vivado/2018.3/common/technology/xilinx/common/virtex.gen 
Execute         source C:/Xilinx/Vivado/2018.3/common/technology/xilinx/common/xilinx.gen 
Execute           source C:/Xilinx/Vivado/2018.3/common/technology/xilinx/interface/plb46.gen 
Execute           source C:/Xilinx/Vivado/2018.3/common/technology/xilinx/interface/fsl.gen 
Execute           source C:/Xilinx/Vivado/2018.3/common/technology/xilinx/interface/axi4.gen 
Execute           source C:/Xilinx/Vivado/2018.3/common/technology/xilinx/interface/nativeAXI4.gen 
Execute             source C:/Xilinx/Vivado/2018.3/common/technology/xilinx/interface/saxilite.gen 
Execute             source C:/Xilinx/Vivado/2018.3/common/technology/xilinx/interface/maxi.gen 
Execute           source C:/Xilinx/Vivado/2018.3/common/technology/xilinx/scripts/xilinxcoregen.gen 
Execute           source C:/Xilinx/Vivado/2018.3/common/technology/xilinx/interface/XilEDKCoreGen.gen 
Execute           source C:/Xilinx/Vivado/2018.3/common/technology/xilinx/ip/dds_compiler.gen 
Execute           source C:/Xilinx/Vivado/2018.3/common/technology/xilinx/ip/util.gen 
Execute           source C:/Xilinx/Vivado/2018.3/common/technology/xilinx/ip/xfft.gen 
Command           ap_source done; 0.266 sec.
Execute           source C:/Xilinx/Vivado/2018.3/common/technology/xilinx/ip/xfir.gen 
Command         ap_source done; 0.376 sec.
Execute         source C:/Xilinx/Vivado/2018.3/common/technology/xilinx/common/dsp48.gen 
Command       ap_source done; 0.383 sec.
Command     ap_source done; 0.384 sec.
Execute     source C:/Xilinx/Vivado/2018.3/common/technology/xilinx/zynq/zynq_fpv6.gen 
Execute       source C:/Xilinx/Vivado/2018.3/common/technology/xilinx/common/xilinx_fpv6.gen 
INFO-FLOW: DBG:CMD:     exec C:/Users/Naimu/workspace/lab_2/Release/_sds/vhls/block_mmult/solution/impl/ip/pack.bat
Command   export_design done; 45.418 sec.
Execute   cleanup_all 
