
****** Vivado(TM) HLS - High-Level Synthesis from C, C++ and SystemC v2018.2 (64-bit)
  **** SW Build 2258646 on Thu Jun 14 20:03:12 MDT 2018
  **** IP Build 2256618 on Thu Jun 14 22:10:49 MDT 2018
    ** Copyright 1986-2018 Xilinx, Inc. All Rights Reserved.

source C:/Xilinx/Vivado/2018.2/scripts/vivado_hls/hls.tcl -notrace
INFO: [HLS 200-10] Running 'C:/Xilinx/Vivado/2018.2/bin/unwrapped/win64.o/vivado_hls.exe'
INFO: [HLS 200-10] For user 'gd14470' on host 'it063575' (Windows NT_amd64 version 6.2) on Tue Feb 12 11:04:21 +0000 2019
INFO: [HLS 200-10] In directory 'C:/Users/gd14470/sdsoc_workspace/lab1/Release/_sds/vhls'
INFO: [HLS 200-10] Creating and opening project 'C:/Users/gd14470/sdsoc_workspace/lab1/Release/_sds/vhls/madd'.
INFO: [HLS 200-10] Adding design file 'C:/Users/gd14470/sdsoc_workspace/lab1/src/madd.cpp' to the project
INFO: [HLS 200-10] Creating and opening solution 'C:/Users/gd14470/sdsoc_workspace/lab1/Release/_sds/vhls/madd/solution'.
INFO: [HLS 200-10] Cleaning up the solution database.
INFO: [HLS 200-10] Setting target device to ' xc7z020clg484-1 '
INFO: [SYN 201-201] Setting up clock 'default' with a period of 10ns.
INFO: [SYN 201-201] Setting up clock 'default' with an uncertainty of 2.7ns.
INFO: [HLS 200-10] Analyzing design file 'C:/Users/gd14470/sdsoc_workspace/lab1/src/madd.cpp' ... 
INFO: [HLS 200-111] Finished Linking Time (s): cpu = 00:00:01 ; elapsed = 00:00:06 . Memory (MB): peak = 103.285 ; gain = 45.570
INFO: [HLS 200-111] Finished Checking Pragmas Time (s): cpu = 00:00:01 ; elapsed = 00:00:06 . Memory (MB): peak = 103.285 ; gain = 45.570
INFO: [HLS 200-10] Starting code transformations ...
INFO: [HLS 200-111] Finished Standard Transforms Time (s): cpu = 00:00:01 ; elapsed = 00:00:06 . Memory (MB): peak = 104.285 ; gain = 46.570
INFO: [HLS 200-10] Checking synthesizability ...
INFO: [HLS 200-111] Finished Checking Synthesizability Time (s): cpu = 00:00:01 ; elapsed = 00:00:07 . Memory (MB): peak = 104.543 ; gain = 46.828
INFO: [HLS 200-111] Finished Pre-synthesis Time (s): cpu = 00:00:01 ; elapsed = 00:00:07 . Memory (MB): peak = 126.004 ; gain = 68.289
INFO: [HLS 200-111] Finished Architecture Synthesis Time (s): cpu = 00:00:01 ; elapsed = 00:00:07 . Memory (MB): peak = 126.004 ; gain = 68.289
INFO: [HLS 200-10] Starting hardware synthesis ...
INFO: [HLS 200-10] Synthesizing 'madd' ...
INFO: [HLS 200-10] ----------------------------------------------------------------
INFO: [HLS 200-42] -- Implementing module 'madd' 
INFO: [HLS 200-10] ----------------------------------------------------------------
INFO: [SCHED 204-11] Starting scheduling ...
WARNING: [SCHED 204-71] Latency directive discarded for region madd since it contains subloops.
INFO: [SCHED 204-11] Finished scheduling.
INFO: [HLS 200-111]  Elapsed time: 6.764 seconds; current allocated memory: 75.621 MB.
INFO: [HLS 200-434] Only 0 loops out of a total 2 loops have been pipelined in this design.
INFO: [BIND 205-100] Starting micro-architecture generation ...
INFO: [BIND 205-101] Performing variable lifetime analysis.
INFO: [BIND 205-101] Exploring resource sharing.
INFO: [BIND 205-101] Binding ...
INFO: [BIND 205-100] Finished micro-architecture generation.
INFO: [HLS 200-111]  Elapsed time: 0.069 seconds; current allocated memory: 75.817 MB.
INFO: [HLS 200-10] ----------------------------------------------------------------
INFO: [HLS 200-10] -- Generating RTL for module 'madd' 
INFO: [HLS 200-10] ----------------------------------------------------------------
INFO: [RTGEN 206-500] Setting interface mode on port 'madd/A' to 'bram'.
INFO: [RTGEN 206-500] Setting interface mode on port 'madd/B' to 'bram'.
INFO: [RTGEN 206-500] Setting interface mode on port 'madd/C' to 'bram'.
INFO: [RTGEN 206-500] Setting interface mode on function 'madd' to 'ap_ctrl_hs'.
INFO: [SYN 201-210] Renamed object name 'madd_fadd_32ns_32ns_32_5_full_dsp_1' to 'madd_fadd_32ns_32bkb' due to the length limit 20
WARNING: [RTGEN 206-101] Setting dangling out port 'madd/A_WEN_A' to 0.
WARNING: [RTGEN 206-101] Setting dangling out port 'madd/A_Din_A' to 0.
WARNING: [RTGEN 206-101] Setting dangling out port 'madd/B_WEN_A' to 0.
WARNING: [RTGEN 206-101] Setting dangling out port 'madd/B_Din_A' to 0.
INFO: [RTGEN 206-100] Generating core module 'madd_fadd_32ns_32bkb': 1 instance(s).
INFO: [RTGEN 206-100] Finished creating RTL model for 'madd'.
INFO: [HLS 200-111]  Elapsed time: 0.112 seconds; current allocated memory: 76.142 MB.
INFO: [HLS 200-111] Finished generating all RTL models Time (s): cpu = 00:00:02 ; elapsed = 00:00:08 . Memory (MB): peak = 126.004 ; gain = 68.289
INFO: [SYSC 207-301] Generating SystemC RTL for madd with prefix a0_.
INFO: [VHDL 208-304] Generating VHDL RTL for madd with prefix a0_.
INFO: [VLOG 209-307] Generating Verilog RTL for madd with prefix a0_.
INFO: [IMPL 213-8] Exporting RTL as a Vivado IP.

****** Vivado v2018.2 (64-bit)
  **** SW Build 2258646 on Thu Jun 14 20:03:12 MDT 2018
  **** IP Build 2256618 on Thu Jun 14 22:10:49 MDT 2018
    ** Copyright 1986-2018 Xilinx, Inc. All Rights Reserved.

source run_ippack.tcl -notrace
INFO: [IP_Flow 19-234] Refreshing IP repositories
INFO: [IP_Flow 19-1704] No user IP repositories specified
INFO: [IP_Flow 19-2313] Loaded Vivado IP repository 'C:/Xilinx/Vivado/2018.2/data/ip'.
WARNING: [IP_Flow 19-4832] The IP name 'a0_madd_ap_fadd_3_full_dsp_32' you have specified is long. The Windows operating system has path length limitations. It is recommended you use shorter names to reduce the likelihood of issues.
INFO: [IP_Flow 19-1686] Generating 'Synthesis' target for IP 'a0_madd_ap_fadd_3_full_dsp_32'...
INFO: [IP_Flow 19-1686] Generating 'Simulation' target for IP 'a0_madd_ap_fadd_3_full_dsp_32'...
INFO: [IP_Flow 19-234] Refreshing IP repositories
INFO: [IP_Flow 19-1704] No user IP repositories specified
INFO: [IP_Flow 19-2313] Loaded Vivado IP repository 'C:/Xilinx/Vivado/2018.2/data/ip'.
INFO: [Common 17-206] Exiting Vivado at Tue Feb 12 11:04:43 2019...
INFO: [HLS 200-112] Total elapsed time: 23.199 seconds; peak allocated memory: 76.142 MB.
INFO: [Common 17-206] Exiting vivado_hls at Tue Feb 12 11:04:43 2019...
