
****** Vivado(TM) HLS - High-Level Synthesis from C, C++ and SystemC v2018.2 (64-bit)
  **** SW Build 2258646 on Thu Jun 14 20:03:12 MDT 2018
  **** IP Build 2256618 on Thu Jun 14 22:10:49 MDT 2018
    ** Copyright 1986-2018 Xilinx, Inc. All Rights Reserved.

source C:/Xilinx/Vivado/2018.2/scripts/vivado_hls/hls.tcl -notrace
INFO: [HLS 200-10] Running 'C:/Xilinx/Vivado/2018.2/bin/unwrapped/win64.o/vivado_hls.exe'
INFO: [HLS 200-10] For user 'gd14470' on host 'it063575' (Windows NT_amd64 version 6.2) on Tue Feb 12 11:05:26 +0000 2019
INFO: [HLS 200-10] In directory 'C:/Users/gd14470/sdsoc_workspace/lab1/Release/_sds/vhls'
INFO: [HLS 200-10] Creating and opening project 'C:/Users/gd14470/sdsoc_workspace/lab1/Release/_sds/vhls/mmult'.
INFO: [HLS 200-10] Adding design file 'C:/Users/gd14470/sdsoc_workspace/lab1/src/mmult.cpp' to the project
INFO: [HLS 200-10] Creating and opening solution 'C:/Users/gd14470/sdsoc_workspace/lab1/Release/_sds/vhls/mmult/solution'.
INFO: [HLS 200-10] Cleaning up the solution database.
INFO: [HLS 200-10] Setting target device to ' xc7z020clg484-1 '
INFO: [SYN 201-201] Setting up clock 'default' with a period of 10ns.
INFO: [SYN 201-201] Setting up clock 'default' with an uncertainty of 2.7ns.
INFO: [HLS 200-10] Analyzing design file 'C:/Users/gd14470/sdsoc_workspace/lab1/src/mmult.cpp' ... 
INFO: [HLS 200-111] Finished Linking Time (s): cpu = 00:00:01 ; elapsed = 00:00:06 . Memory (MB): peak = 103.340 ; gain = 46.277
INFO: [HLS 200-111] Finished Checking Pragmas Time (s): cpu = 00:00:01 ; elapsed = 00:00:06 . Memory (MB): peak = 103.340 ; gain = 46.277
INFO: [HLS 200-10] Starting code transformations ...
INFO: [HLS 200-111] Finished Standard Transforms Time (s): cpu = 00:00:01 ; elapsed = 00:00:07 . Memory (MB): peak = 104.332 ; gain = 47.270
INFO: [HLS 200-10] Checking synthesizability ...
INFO: [HLS 200-111] Finished Checking Synthesizability Time (s): cpu = 00:00:01 ; elapsed = 00:00:07 . Memory (MB): peak = 104.852 ; gain = 47.789
INFO: [HLS 200-111] Finished Pre-synthesis Time (s): cpu = 00:00:01 ; elapsed = 00:00:07 . Memory (MB): peak = 125.043 ; gain = 67.980
INFO: [HLS 200-111] Finished Architecture Synthesis Time (s): cpu = 00:00:01 ; elapsed = 00:00:07 . Memory (MB): peak = 125.047 ; gain = 67.984
INFO: [HLS 200-10] Starting hardware synthesis ...
INFO: [HLS 200-10] Synthesizing 'mmult' ...
INFO: [HLS 200-10] ----------------------------------------------------------------
INFO: [HLS 200-42] -- Implementing module 'mmult' 
INFO: [HLS 200-10] ----------------------------------------------------------------
INFO: [SCHED 204-11] Starting scheduling ...
WARNING: [SCHED 204-71] Latency directive discarded for region mmult since it contains subloops.
INFO: [SCHED 204-11] Finished scheduling.
INFO: [HLS 200-111]  Elapsed time: 6.874 seconds; current allocated memory: 76.255 MB.
INFO: [HLS 200-434] Only 0 loops out of a total 5 loops have been pipelined in this design.
INFO: [BIND 205-100] Starting micro-architecture generation ...
INFO: [BIND 205-101] Performing variable lifetime analysis.
INFO: [BIND 205-101] Exploring resource sharing.
INFO: [BIND 205-101] Binding ...
INFO: [BIND 205-100] Finished micro-architecture generation.
INFO: [HLS 200-111]  Elapsed time: 0.095 seconds; current allocated memory: 76.629 MB.
INFO: [HLS 200-10] ----------------------------------------------------------------
INFO: [HLS 200-10] -- Generating RTL for module 'mmult' 
INFO: [HLS 200-10] ----------------------------------------------------------------
INFO: [RTGEN 206-500] Setting interface mode on port 'mmult/A' to 'bram'.
INFO: [RTGEN 206-500] Setting interface mode on port 'mmult/B' to 'bram'.
INFO: [RTGEN 206-500] Setting interface mode on port 'mmult/C' to 'bram'.
INFO: [RTGEN 206-500] Setting interface mode on function 'mmult' to 'ap_ctrl_hs'.
INFO: [SYN 201-210] Renamed object name 'mmult_fadd_32ns_32ns_32_5_full_dsp_1' to 'mmult_fadd_32ns_3bkb' due to the length limit 20
INFO: [SYN 201-210] Renamed object name 'mmult_fmul_32ns_32ns_32_4_max_dsp_1' to 'mmult_fmul_32ns_3cud' due to the length limit 20
WARNING: [RTGEN 206-101] Setting dangling out port 'mmult/A_WEN_A' to 0.
WARNING: [RTGEN 206-101] Setting dangling out port 'mmult/A_Din_A' to 0.
WARNING: [RTGEN 206-101] Setting dangling out port 'mmult/B_WEN_A' to 0.
WARNING: [RTGEN 206-101] Setting dangling out port 'mmult/B_Din_A' to 0.
INFO: [RTGEN 206-100] Generating core module 'mmult_fadd_32ns_3bkb': 1 instance(s).
INFO: [RTGEN 206-100] Generating core module 'mmult_fmul_32ns_3cud': 1 instance(s).
INFO: [RTGEN 206-100] Finished creating RTL model for 'mmult'.
INFO: [HLS 200-111]  Elapsed time: 0.167 seconds; current allocated memory: 77.232 MB.
INFO: [RTMG 210-278] Implementing memory 'a1_mmult_Abuf_ram (RAM)' using block RAMs.
INFO: [HLS 200-111] Finished generating all RTL models Time (s): cpu = 00:00:02 ; elapsed = 00:00:09 . Memory (MB): peak = 127.242 ; gain = 70.180
INFO: [SYSC 207-301] Generating SystemC RTL for mmult with prefix a1_.
INFO: [VHDL 208-304] Generating VHDL RTL for mmult with prefix a1_.
INFO: [VLOG 209-307] Generating Verilog RTL for mmult with prefix a1_.
INFO: [IMPL 213-8] Exporting RTL as a Vivado IP.

****** Vivado v2018.2 (64-bit)
  **** SW Build 2258646 on Thu Jun 14 20:03:12 MDT 2018
  **** IP Build 2256618 on Thu Jun 14 22:10:49 MDT 2018
    ** Copyright 1986-2018 Xilinx, Inc. All Rights Reserved.

source run_ippack.tcl -notrace
INFO: [IP_Flow 19-234] Refreshing IP repositories
INFO: [IP_Flow 19-1704] No user IP repositories specified
INFO: [IP_Flow 19-2313] Loaded Vivado IP repository 'C:/Xilinx/Vivado/2018.2/data/ip'.
WARNING: [IP_Flow 19-4832] The IP name 'a1_mmult_ap_fadd_3_full_dsp_32' you have specified is long. The Windows operating system has path length limitations. It is recommended you use shorter names to reduce the likelihood of issues.
INFO: [IP_Flow 19-1686] Generating 'Synthesis' target for IP 'a1_mmult_ap_fadd_3_full_dsp_32'...
INFO: [IP_Flow 19-1686] Generating 'Simulation' target for IP 'a1_mmult_ap_fadd_3_full_dsp_32'...
WARNING: [IP_Flow 19-4832] The IP name 'a1_mmult_ap_fmul_2_max_dsp_32' you have specified is long. The Windows operating system has path length limitations. It is recommended you use shorter names to reduce the likelihood of issues.
INFO: [IP_Flow 19-1686] Generating 'Synthesis' target for IP 'a1_mmult_ap_fmul_2_max_dsp_32'...
INFO: [IP_Flow 19-1686] Generating 'Simulation' target for IP 'a1_mmult_ap_fmul_2_max_dsp_32'...
INFO: [IP_Flow 19-234] Refreshing IP repositories
INFO: [IP_Flow 19-1704] No user IP repositories specified
INFO: [IP_Flow 19-2313] Loaded Vivado IP repository 'C:/Xilinx/Vivado/2018.2/data/ip'.
INFO: [Common 17-206] Exiting Vivado at Tue Feb 12 11:05:51 2019...
INFO: [HLS 200-112] Total elapsed time: 25.531 seconds; peak allocated memory: 77.232 MB.
INFO: [Common 17-206] Exiting vivado_hls at Tue Feb 12 11:05:51 2019...
