# 
# Steps log generated by SDx
# This log file contains a collection of steps that describe the kernel compilation flow
# Note: Some steps are tagged as internal, these steps are for debugging purposes and 
#       are not expected to be able to run independently.
# 

# The following environment variables are set when running xocc
Environment variables :
------------------------------------------
HDI_PROCESSOR=i686
HOME=C:\Users\gd14470
RDI_ARGS= --iprepo C:/Users/gd14470/sdsoc_workspace/lab1/Release/_sds/iprepo/repo --iprepo C:/Xilinx/SDx/2018.2/data/ip/xilinx --platform C:/Xilinx/SDx/2018.2/platforms/zed/zed.xpfm --temp_dir C:/Users/gd14470/sdsoc_workspace/lab1/Release/_sds/p0 --output_dir C:/Users/gd14470/sdsoc_workspace/lab1/Release/_sds/p0/vpl --input_file C:/Users/gd14470/sdsoc_workspace/lab1/Release/_sds/p0/.xsd/top.bd.tcl --target hw --save_temps --kernels madd:mmult:adapter --webtalk_flag SDSoC --remote_ip_cache C:/Users/gd14470/sdsoc_workspace/ip_cache --xp \"param:compiler.deleteDefaultReportConfigs=false\"
RDI_ARGS_FUNCTION=RDI_EXEC_DEFAULT
XILINX_OPENCL=C:/Xilinx/SDx/2018.2
XILINX_XD=C:/Xilinx/SDx/2018.2
_RDI_BINROOT=C:\Xilinx\SDx\2018.2\bin
_RDI_CWD=C:\Users\gd14470\sdsoc_workspace\lab1\Release
_RDI_DONT_SET_XILINX_AS_PATH=True
_RDI_VERSION_PROG=vpl
_valid=False
ADSK_CLM_WPAD_PROXY_CHECK=FALSE
AGSDESKTOPJAVA=C:\Program Files (x86)\ArcGIS\Desktop10.6\
ALLUSERSPROFILE=C:\ProgramData
APPDATA=C:\Users\gd14470\AppData\Roaming
AWRD_LICENSE_FILE=27007@ze-ls0.fen.bris.ac.uk
CDLMD_LICENSE_FILE=1999@IT-QKA3IJTN5PR3
CHARPOP=1
CommonProgramFiles(x86)=C:\Program Files (x86)\Common Files
CommonProgramFiles=C:\Program Files\Common Files
CommonProgramW6432=C:\Program Files\Common Files
COMPUTERNAME=IT063575
ComSpec=C:\WINDOWS\system32\cmd.exe
CWD=C:\Users\gd14470\sdsoc_workspace\lab1\Release
DriverData=C:\Windows\System32\Drivers\DriverData
F_IA32_REDIST12=C:\Program Files (x86)\Common Files\Intel\Shared Libraries\
FPS_BROWSER_APP_PROFILE_STRING=Internet Explorer
FPS_BROWSER_USER_PROFILE_STRING=Default
GH_BATCH_BIN_DIR_V1_2=C:\Program Files (x86)\DNV GL\Batch 1.2
HDI_APPROOT=C:/Xilinx/SDx/2018.2
HOMEDRIVE=C:
HOMEPATH=\Users\gd14470
INT_VARIABLE_NAME=XILINX_PATH
ISL_IOSTREAMS_RSA=C:/Xilinx/SDx/2018.2/tps/isl
KICAD_PTEMPLATES=C:\Program Files\KiCad\share\kicad\template
KISYS3DMOD=C:\Program Files\KiCad\share\kicad\modules\packages3d
KISYSMOD=C:\Program Files\KiCad\share\kicad\modules
KMP_DUPLICATE_LIB_OK=TRUE
LOCALAPPDATA=C:\Users\gd14470\AppData\Local
LOGONSERVER=\\INF-AD1
LSTC_LICENSE_SERVER='(ze-ls0.fen.bris.ac.uk ze-ls1.fen.bris.ac.uk ze-ls2.fen.bris.ac.uk)'
LSTC_LICENSE=network
MAKEFLAGS=
MAKELEVEL=1
MFLAGS=
MGLS_LICENSE_FILE=1717@ze-ls0.fen.bris.ac.uk,1717@ze-ls1.fen.bris.ac.uk,1717@ze-ls2.fen.bris.ac.uk
MPI_ROOT=C:\Program Files\CD-adapco\12.04.011\STAR-CCM+12.04.011\mpi\platform\9.1.4.3\windows
MSMPI_BIN=C:\Program Files\Microsoft MPI\Bin\
NOSPLASH=false
NUMBER_OF_PROCESSORS=8
OASYS_LICENSE_FILE=28528@ze-ls0.fen.bris.ac.uk,28528@ze-ls1.fen.bris.ac.uk,28528@ze-ls2.fen.bris.ac.uk
OMP_NUM_THREADS=2
OMP_WAIT_POLICY=PASSIVE
OneDriveSync=C:\Users\gd14470\OneDrive - University of Bristol
OS=Windows_NT
Path_backup=C:\Program Files\ImageMagick-6.9.2-Q16-HDRI;C:\Program Files (x86)\Common Files\Oracle\Java\javapath;C:\Program Files (x86)\PerkinElmerInformatics\ChemOffice2016\ChemScript\Lib;C:\WINDOWS\system32;C:\WINDOWS;C:\WINDOWS\System32\Wbem;C:\WINDOWS\System32\WindowsPowerShell\v1.0\;C:\WINDOWS\System32\OpenSSH\;C:\Program Files (x86)\ESRIUK\ProductivitySuite\bin\;C:\Program Files\IBM\SPSS\Statistics\24\JRE\bin;C:\Program Files\MATLAB\R2018a\runtime\win64;C:\Program Files\MATLAB\R2018a\bin;C:\Program Files\Microsoft SQL Server\120\Tools\Binn\;C:\Program Files (x86)\PuTTY\;C:\PROGRAM FILES\OPENOFFICE.ORG 3\URE\BIN; C:\PROGRAM FILES (X86)\OPENOFFICE.ORG 3\URE\BIN;C:\Program Files\TortoiseSVN\bin;C:\Program Files\MiKTeX 2.9\miktex\bin\x64\;C:\Program Files\Tcl\bin
PATH=C:/Xilinx/SDx/2018.2/bin/../gnu/binutils/bin;C:/Xilinx/SDK/2018.2/gnu/aarch64/nt/aarch64-linux/bin;C:/Xilinx/SDx/2018.2/bin/../gnu/ppc64le/4.9.3/win64/bin;C:/Xilinx/SDK/2018.2/gnu/aarch32/nt/gcc-arm-linux-gnueabi/bin;C:/Xilinx/Vivado/2018.2/tps/mingw/6.2.0/win64.o/nt/bin;C:/Xilinx/SDx/2018.2/bin;C:/Xilinx/SDx/2018.2/lib/win64.o;C:/Xilinx/SDx/2018.2/tps/win64/jre/bin/server;C:/Xilinx/SDx/2018.2/tps/win64/jre/bin;C:/Xilinx/SDK/2018.2/bin;C:/Xilinx/SDx/2018.2\tps\win64\libxslt\bin;C:/Xilinx/SDK/2018.2\gnuwin\bin;C:/Xilinx/SDK/2018.2\gnu\arm\nt\bin;C:/Xilinx/Vivado/2018.2\bin;C:/Xilinx/SDK/2018.2/tps/win64/jre/bin/server;C:/Xilinx/SDK/2018.2/tps/win64/jre/bin;C:/Xilinx/SDK/2018.2/tps/win64/jre/lib/amd64;C:\Xilinx\SDK\2018.2\gnu\microblaze\nt\bin;C:\Xilinx\SDK\2018.2\gnu\microblaze\linux_toolchain\nt64_le\bin;C:\Xilinx\SDK\2018.2\gnu\microblaze\linux_toolchain\nt64_be\bin;C:\Xilinx\SDK\2018.2\gnu\aarch64\nt\aarch64-none\bin;C:\Xilinx\SDK\2018.2\gnu\aarch64\nt\aarch64-linux\bin;C:\Xilinx\SDK\2018.2\gnu\armr5\nt\gcc-arm-none-eabi\bin;C:\Xilinx\SDK\2018.2\gnu\aarch32\nt\gcc-arm-none-eabi\bin;C:\Xilinx\SDK\2018.2\gnu\aarch32\nt\gcc-arm-linux-gnueabi\bin;C:\Xilinx\SDK\2018.2\tps\win64\cmake-3.3.2\bin;;C:\Xilinx\SDK\2018.2\lib\win64.o;C:\ti\xdctools_3_23_04_60;C:\Program Files\Microsoft MPI\Bin\;C:\Program Files (x86)\Measurement Computing\DAQ\;C:\Program Files (x86)\Common Files\Intel\Shared Libraries\redist\ia32\mpirt;C:\Program Files (x86)\Common Files\Intel\Shared Libraries\redist\ia32\compiler;C:\MSC.Software\Patran_x64\20180\bin;C:\Program Files\ImageMagick-6.9.2-Q16-HDRI;C:\Program Files (x86)\Common Files\Oracle\Java\javapath;C:\Program Files (x86)\PerkinElmerInformatics\ChemOffice2016\ChemScript\Lib;C:\WINDOWS\system32;C:\WINDOWS;C:\WINDOWS\System32\Wbem;C:\WINDOWS\System32\WindowsPowerShell\v1.0\;C:\WINDOWS\System32\OpenSSH\;C:\Program Files (x86)\ESRIUK\ProductivitySuite\bin\;C:\Program Files\IBM\SPSS\Statistics\24\JRE\bin;C:\Program Files\MATLAB\R2018a\runtime\win64;C:\Program Files\MATLAB\R2018a\bin;C:\Program Files\Microsoft SQL Server\120\Tools\Binn\;C:\Program Files (x86)\PuTTY\;C:\PROGRAM FILES\OPENOFFICE.ORG 3\URE\BIN; C;\PROGRAM FILES (X86)\OPENOFFICE.ORG 3\URE\BIN;C:\Program Files\TortoiseSVN\bin;C:\Program Files\MiKTeX 2.9\miktex\bin\x64\;C:\Program Files\Tcl\bin;C:\Program Files\Common Files\Autodesk Shared\;C:\Program Files\Git\cmd;C:\RSoft\bin;C:\Program Files\Plaxis\PLAXIS 2D\python\plxpy;C:\Users\gd14470\AppData\Local\Microsoft\WindowsApps;C:\Xilinx\SDK\2018.2\tps\mingw\6.2.0\win64.o\nt\bin;C:\Xilinx\SDK\2018.2\tps\mingw\6.2.0\win64.o\nt\libexec\gcc\x86_64-w64-mingw32\6.2.0;C:/Xilinx/SDx/2018.2\tps\mingw\6.2.0\win64.o\nt\bin;C:/Xilinx/SDx/2018.2\tps\mingw\6.2.0\win64.o\nt\libexec\gcc\x86_64-w64-mingw32\6.2.0
PATHEXT=.COM;.EXE;.BAT;.CMD;.VBS;.VBE;.JS;.JSE;.WSF;.WSH;.MSC;.tcl
PROCESSOR_ARCHITECTURE=AMD64
PROCESSOR_IDENTIFIER=Intel64 Family 6 Model 94 Stepping 3, GenuineIntel
PROCESSOR_LEVEL=6
PROCESSOR_REVISION=5e03
PRODVERSION_EXE=C:/Xilinx/SDx/2018.2/bin/unwrapped/win64.o/prodversion.exe
ProgramData=C:\ProgramData
ProgramFiles(x86)=C:\Program Files (x86)
ProgramFiles=C:\Program Files
ProgramW6432=C:\Program Files
PROMPT=$P$G
PSModulePath=C:\Program Files\WindowsPowerShell\Modules;C:\WINDOWS\system32\WindowsPowerShell\v1.0\Modules
PUBLIC=C:\Users\Public
PWD=C:\Users\gd14470\sdsoc_workspace\lab1\Release
PYTHONPATH=C:\Program Files (x86)\PerkinElmerInformatics\ChemOffice2016\ChemScript\Lib
QMLSCENE_DEVICE=softwarecontext
QSG_RENDER_LOOP=basic
QT_QUICK_BACKEND=softwarecontext
QT_SCALE_FACTOR=1
RDI_APPROOT=C:/Xilinx/SDx/2018.2
RDI_BASEROOT=C:/Xilinx/SDx
RDI_BINDIR=C:/Xilinx/SDx/2018.2/bin
RDI_BINROOT=C:/Xilinx/SDx/2018.2/bin
RDI_BUILD=yes
RDI_CHECK_PROG=True
RDI_DATADIR=C:/Xilinx/SDx/2018.2/data
RDI_INSTALLROOT=C:/Xilinx
RDI_INSTALLVER=2018.2
RDI_INSTALLVERSION=2018.2
RDI_JAVAROOT=C:/Xilinx/SDx/2018.2/tps/win64/jre
RDI_LIBDIR=C:/Xilinx/SDx/2018.2/lib/win64.o
RDI_MINGW_LIB=C:/Xilinx/SDx/2018.2\tps\mingw\6.2.0\win64.o\nt\bin;C:/Xilinx/SDx/2018.2\tps\mingw\6.2.0\win64.o\nt\libexec\gcc\x86_64-w64-mingw32\6.2.0
RDI_OPT_EXT=.o
RDI_OS_ARCH=64
RDI_PLATFORM=win64
RDI_PREPEND_PATH=C:/Xilinx/SDK/2018.2/bin;C:/Xilinx/SDK/2018.2/bin;C:/Xilinx/SDK/2018.2/bin
RDI_PROG=C:/Xilinx/SDx/2018.2/bin/unwrapped/win64.o/vpl.exe
RDI_PROGNAME=vpl.exe
RDI_TPS_ROOT=C:/Xilinx/Vivado/2018.2/tps/win64
RDI_VERBOSE=False
RSLM_SERVER=ls-rsoft.fen.bris.ac.uk
RT_LIBPATH=C:/Xilinx/SDx/2018.2/scripts/rt/data
RT_TCL_PATH=C:/Xilinx/SDx/2018.2/scripts/rt/base_tcl/tcl
SESSIONNAME=Console
snow_agent=C:\Program Files\Snow Software\Inventory\Agent
SPLM_LICENSE_SERVER=28000@ze-ls0.fen.bris.ac.uk,28000@ze-ls1.fen.bris.ac.uk,28000@ze-ls2.fen.bris.ac.uk
SYNTH_COMMON=C:/Xilinx/SDx/2018.2/scripts/rt/data
SystemDrive=C:
SystemRoot=C:\WINDOWS
TCL_LIBRARY=C:/Xilinx/SDx/2018.2/tps/tcl/tcl8.5
TEMP=C:\Users\gd14470\AppData\Local\Temp
TMP=C:\Users\gd14470\AppData\Local\Temp
UATDATA=C:\WINDOWS\CCM\UATData\D9F8C395-CAB8-491d-B8AC-179A1FE1BE77
UGII_BASE_DIR=C:\Program Files\Siemens\NX 11.0
UGII_LANG=english
UGII_UGDOC_BASE=https://docs.plm.automation.siemens.com/tdoc/nx/11/nx_help/#uid:index
UGS_LICENSE_BUNDLE=ACD30,ACD31
USERDNSDOMAIN=ADS.BRIS.AC.UK
USERDOMAIN_ROAMINGPROFILE=UOB
USERDOMAIN=UOB
USERNAME=gd14470
USERPROFILE=C:\Users\gd14470
windir=C:\WINDOWS
XDCROOT=C:/ti/xdctools_3_23_04_60
XIL_CHECK_TCL_DEBUG=False
XIL_NO_OVERRIDE=0
XIL_SUPPRESS_OVERRIDE_WARNINGS=1
XILINX_PLANAHEAD=C:/Xilinx/SDx/2018.2
XILINX_SDK=C:/Xilinx/SDK/2018.2
XILINX_SDX_VERSION=SDx v2018.2 (64-bit)
XILINX_SDX=C:/Xilinx/SDx/2018.2
XILINX_VERSION_DEFAULT=2018.2
XILINX_VERSION_SDX=2018.2
XILINX_VIVADO_HLS=C:/Xilinx/Vivado/2018.2
XILINX_VIVADO=C:/Xilinx/Vivado/2018.2
XILINXD_LICENSE_FILE=2100@ze-ls0.fen.bris.ac.uk;2100@ze-ls1.fen.bris.ac.uk;2100@ze-ls2.fen.bris.ac.uk
XSDK_BATCH=0
XVREDIST=C:/Xilinx/SDx/2018.2\tps\win64\xvcredist.exe


------------------------------------------
internal step: generating ipirun.tcl for vivado
timestamp: 12 Feb 2019 11:07:43
------------------------------------------
step: running vivado to generate bitstream
timestamp: 12 Feb 2019 11:07:43
launch dir: C:/Users/gd14470/sdsoc_workspace/lab1/Release/_sds/p0/vivado
cmd: C:/Xilinx/Vivado/2018.2/bin/vivado -mode batch -notrace -source C:/Users/gd14470/sdsoc_workspace/lab1/Release/_sds/p0/vivado/ipirun.tcl -messageDb C:/Users/gd14470/sdsoc_workspace/lab1/Release/_sds/p0/vivado/vivado.pb
   -----------------------
   internal step: creating sdx tcl hooks for implementation run
   timestamp: 12 February 2019 11:07:50
   -----------------------
   internal step: source .local/dsa/prj/rebuild.tcl
   timestamp: 12 February 2019 11:07:50
   -----------------------
   internal step: open_bd_design -auto_upgrade [get_files zed.bd]
   timestamp: 12 February 2019 11:08:00
   -----------------------
   internal step: source .local/top.bd.tcl
   timestamp: 12 February 2019 11:08:01
   -----------------------
   internal step: inserting profiling and debug cores
   timestamp: 12 February 2019 11:10:58
   -----------------------
   internal step: assign_bd_address
   timestamp: 12 February 2019 11:10:58
   -----------------------
   internal step: writing address_map.xml
   timestamp: 12 February 2019 11:11:22
   -----------------------
   internal step: generate_target all [get_files zed.bd]
   timestamp: 12 February 2019 11:11:22
   -----------------------
   internal step: write_hwdef -force -file output/system.hdf
   timestamp: 12 February 2019 11:12:08
   -----------------------
   internal step: add_files -norecurse [make_wrapper -top -files [get_files zed.bd]]
   timestamp: 12 February 2019 11:12:10
   -----------------------
   internal step: source scripts/_vivado_report_commands.tcl
   timestamp: 12 February 2019 11:12:10
   -----------------------
   internal step: source scripts/_vivado_synth_props.tcl
   timestamp: 12 February 2019 11:12:10
   -----------------------
   internal step: source scripts/_vivado_impl_props.tcl
   timestamp: 12 February 2019 11:12:41
   -----------------------
   internal step: launch_runs synth_1 -jobs 4  
   timestamp: 12 February 2019 11:12:41
   -----------------------
   internal step: generating resource usage report 'output/resource.json'
   timestamp: 12 February 2019 11:25:47
   -----------------------
   internal step: log_generated_reports for synthesis 'output/generated_reports.log'
   timestamp: 12 February 2019 11:25:47
   -----------------------
   internal step: launched run synth_1
   timestamp: 12 February 2019 11:25:48
   -----------------------
   internal step: launched run zed_axis_dwc_dm_2_tx_0_0_synth_1
   timestamp: 12 February 2019 11:25:48
   -----------------------
   internal step: launched run zed_dm_0_0_synth_1
   timestamp: 12 February 2019 11:25:48
   -----------------------
   internal step: launched run zed_dm_3_0_synth_1
   timestamp: 12 February 2019 11:25:48
   -----------------------
   internal step: launched run zed_madd_1_0_synth_1
   timestamp: 12 February 2019 11:25:48
   -----------------------
   internal step: launched run zed_axis_dwc_dm_1_tx_0_0_synth_1
   timestamp: 12 February 2019 11:25:48
   -----------------------
   internal step: launched run zed_axis_dwc_dm_0_tx_0_0_synth_1
   timestamp: 12 February 2019 11:25:48
   -----------------------
   internal step: launched run zed_axis_dwc_dm_3_rx_0_0_synth_1
   timestamp: 12 February 2019 11:25:48
   -----------------------
   internal step: launched run zed_madd_1_if_0_synth_1
   timestamp: 12 February 2019 11:25:48
   -----------------------
   internal step: launched run zed_mmult_1_if_0_synth_1
   timestamp: 12 February 2019 11:25:48
   -----------------------
   internal step: launched run zed_dm_2_0_synth_1
   timestamp: 12 February 2019 11:25:48
   -----------------------
   internal step: launched run zed_mmult_1_0_synth_1
   timestamp: 12 February 2019 11:25:48
   -----------------------
   internal step: launched run zed_dm_1_0_synth_1
   timestamp: 12 February 2019 11:25:48
   -----------------------
   internal step: launched run zed_xbar_1_synth_1
   timestamp: 12 February 2019 11:25:48
   -----------------------
   internal step: launched run zed_xbar_0_synth_1
   timestamp: 12 February 2019 11:25:48
   -----------------------
   internal step: launched run zed_auto_pc_1_synth_1
   timestamp: 12 February 2019 11:25:48
   -----------------------
   internal step: launched run zed_s02_regslice_0_synth_1
   timestamp: 12 February 2019 11:25:48
   -----------------------
   internal step: launched run zed_s01_data_fifo_0_synth_1
   timestamp: 12 February 2019 11:25:48
   -----------------------
   internal step: launched run zed_s00_regslice_0_synth_1
   timestamp: 12 February 2019 11:25:48
   -----------------------
   internal step: launched run zed_s02_data_fifo_0_synth_1
   timestamp: 12 February 2019 11:25:48
   -----------------------
   internal step: launched run zed_s00_regslice_1_synth_1
   timestamp: 12 February 2019 11:25:48
   -----------------------
   internal step: launched run zed_m00_regslice_0_synth_1
   timestamp: 12 February 2019 11:25:48
   -----------------------
   internal step: launched run zed_m00_regslice_1_synth_1
   timestamp: 12 February 2019 11:25:48
   -----------------------
   internal step: launched run zed_s03_data_fifo_0_synth_1
   timestamp: 12 February 2019 11:25:48
   -----------------------
   internal step: launched run zed_auto_pc_0_synth_1
   timestamp: 12 February 2019 11:25:48
   -----------------------
   internal step: launched run zed_s03_regslice_0_synth_1
   timestamp: 12 February 2019 11:25:48
   -----------------------
   internal step: launched run zed_s01_regslice_0_synth_1
   timestamp: 12 February 2019 11:25:48
   -----------------------
   internal step: launched run zed_s00_data_fifo_1_synth_1
   timestamp: 12 February 2019 11:25:48
   -----------------------
   internal step: launched run zed_m00_data_fifo_0_synth_1
   timestamp: 12 February 2019 11:25:48
   -----------------------
   internal step: launched run zed_s00_data_fifo_0_synth_1
   timestamp: 12 February 2019 11:25:48
   -----------------------
   internal step: launched run zed_m01_regslice_0_synth_1
   timestamp: 12 February 2019 11:25:48
   -----------------------
   internal step: launched run zed_ps7_0_synth_1
   timestamp: 12 February 2019 11:25:48
   -----------------------
   internal step: launch_runs impl_1 -to_step write_bitstream 
   timestamp: 12 February 2019 11:25:48
   -----------------------
   internal step: log_generated_reports for implementation 'output/generated_reports.log'
   timestamp: 12 February 2019 11:30:01
status: success
