#-----------------------------------------------------------
# hsi v2018.2 (64-bit)
# SW Build 2258646 on Thu Jun 14 20:03:12 MDT 2018
# 
# Start of session at: Tue Feb 19 11:50:59 2019
# Process ID: 11668
# Current directory: C:/Users/nh15775/workspace/lab_2/Release/_sds/swstubs/standalone_bsp
# Command line: hsi.exe -mode batch -notrace -quiet -source C:/Users/nh15775/workspace/lab_2/Release/_sds/swstubs/standalone_bsp/create_bsp_post.tcl
# Log file: C:/Users/nh15775/workspace/lab_2/Release/_sds/swstubs/standalone_bsp/hsi.log
# Journal file: C:/Users/nh15775/workspace/lab_2/Release/_sds/swstubs/standalone_bsp\hsi.jou
#-----------------------------------------------------------
INFO: [Hsi 55-1698] elapsed time for repository loading 1 seconds
"Running Make include in ps7_cortexa9_0/libsrc/coresightps_dcc_v1_4/src"
"Running Make include in ps7_cortexa9_0/libsrc/cpu_cortexa9_v2_6/src"
"Running Make include in ps7_cortexa9_0/libsrc/ddrps_v1_0/src"
"Running Make include in ps7_cortexa9_0/libsrc/devcfg_v3_5/src"
"Running Make include in ps7_cortexa9_0/libsrc/dmaps_v2_3/src"
"Running Make include in ps7_cortexa9_0/libsrc/emacps_v3_7/src"
"Running Make include in ps7_cortexa9_0/libsrc/gpiops_v3_3/src"
"Running Make include in ps7_cortexa9_0/libsrc/qspips_v3_4/src"
"Running Make include in ps7_cortexa9_0/libsrc/scugic_v3_9/src"
"Running Make include in ps7_cortexa9_0/libsrc/scutimer_v2_1/src"
"Running Make include in ps7_cortexa9_0/libsrc/scuwdt_v2_1/src"
"Running Make include in ps7_cortexa9_0/libsrc/sdps_v3_5/src"
"Running Make include in ps7_cortexa9_0/libsrc/standalone_v6_7/src"
"Running Make include in ps7_cortexa9_0/libsrc/ttcps_v3_6/src"
"Running Make include in ps7_cortexa9_0/libsrc/uartps_v3_6/src"
"Running Make include in ps7_cortexa9_0/libsrc/usbps_v2_4/src"
"Running Make include in ps7_cortexa9_0/libsrc/xadcps_v2_2/src"
"Running Make include in ps7_cortexa9_0/libsrc/xilffs_v3_7/src"
"Running Make libs in ps7_cortexa9_0/libsrc/coresightps_dcc_v1_4/src"
"Compiling coresightps_dcc"
arm-none-eabi-ar: creating ../../../lib/libxil.a
"Running Make libs in ps7_cortexa9_0/libsrc/cpu_cortexa9_v2_6/src"
"Compiling cpu_cortexa9"
"Running Make libs in ps7_cortexa9_0/libsrc/ddrps_v1_0/src"
"Compiling ddrps"
"Running Make libs in ps7_cortexa9_0/libsrc/devcfg_v3_5/src"
"Compiling devcfg"
"Running Make libs in ps7_cortexa9_0/libsrc/dmaps_v2_3/src"
"Compiling dmaps"
"Running Make libs in ps7_cortexa9_0/libsrc/emacps_v3_7/src"
"Compiling emacps"
"Running Make libs in ps7_cortexa9_0/libsrc/gpiops_v3_3/src"
"Compiling gpiops"
"Running Make libs in ps7_cortexa9_0/libsrc/qspips_v3_4/src"
"Compiling qspips"
"Running Make libs in ps7_cortexa9_0/libsrc/scugic_v3_9/src"
"Compiling scugic"
"Running Make libs in ps7_cortexa9_0/libsrc/scutimer_v2_1/src"
"Compiling scutimer"
"Running Make libs in ps7_cortexa9_0/libsrc/scuwdt_v2_1/src"
"Compiling scuwdt"
"Running Make libs in ps7_cortexa9_0/libsrc/sdps_v3_5/src"
"Compiling sdps"
"Running Make libs in ps7_cortexa9_0/libsrc/standalone_v6_7/src"
"Compiling standalone"
In file included from sleep.c:57:0:
xtime_l.h:89:9: note: #pragma message: For the sleep routines, Global timer is being used
 #pragma message ("For the sleep routines, Global timer is being used")
         ^~~~~~~
In file included from usleep.c:60:0:
xtime_l.h:89:9: note: #pragma message: For the sleep routines, Global timer is being used
 #pragma message ("For the sleep routines, Global timer is being used")
         ^~~~~~~
In file included from xil_sleeptimer.c:55:0:
xtime_l.h:89:9: note: #pragma message: For the sleep routines, Global timer is being used
 #pragma message ("For the sleep routines, Global timer is being used")
         ^~~~~~~
In file included from xtime_l.c:53:0:
xtime_l.h:89:9: note: #pragma message: For the sleep routines, Global timer is being used
 #pragma message ("For the sleep routines, Global timer is being used")
         ^~~~~~~
"Running Make libs in ps7_cortexa9_0/libsrc/ttcps_v3_6/src"
"Compiling ttcps"
"Running Make libs in ps7_cortexa9_0/libsrc/uartps_v3_6/src"
"Compiling uartps"
"Running Make libs in ps7_cortexa9_0/libsrc/usbps_v2_4/src"
"Compiling usbps"
"Running Make libs in ps7_cortexa9_0/libsrc/xadcps_v2_2/src"
"Compiling xadcps"
"Running Make libs in ps7_cortexa9_0/libsrc/xilffs_v3_7/src"
"Compiling XilFFs Library"
diskio.c:135:11: warning: 'ExtCsd' defined but not used [-Wunused-variable]
 static u8 ExtCsd[512] __attribute__ ((aligned(32)));
           ^~~~~~
'Finished building libraries'
generate_bsp: Time (s): cpu = 00:00:00 ; elapsed = 00:00:43 . Memory (MB): peak = 171.945 ; gain = 2.348
