(c) Copyright 2012-2018 Xilinx, Inc. All Rights Reserved.
#-----------------------------------------------------------
# Tool version  : sds++ 2018.2 SW Build 2258646 on Thu Jun 14 20:04:27 MDT 2018
# Start time    : Tue Feb 12 11:05:54 +0000 2019
# Command line  : sds++ --remote_ip_cache C:/Users/gd14470/sdsoc_workspace/ip_cache -o lab1.elf ./src/madd.o ./src/main.o ./src/mmult.o -dmclkid 2 -mno-boot-files -sds-sys-config standalone -sds-proc standalone -sds-pf zed
# Log file      : C:/Users/gd14470/sdsoc_workspace/lab1/Release/_sds/reports/sds.log
# Journal file  : C:/Users/gd14470/sdsoc_workspace/lab1/Release/_sds/reports/sds.jou
# Report file   : C:/Users/gd14470/sdsoc_workspace/lab1/Release/_sds/reports/sds.rpt
#-----------------------------------------------------------

Libraries: 
Library Paths {}
Analyzing object files
arm-none-eabi-objcopy -O binary --set-section-flags .xdinfo=alloc --only-section=.xdinfo C:/Users/gd14470/sdsoc_workspace/lab1/Release/src/madd.o C:/Users/gd14470/sdsoc_workspace/lab1/Release/_sds/.data/xdinfo.xml
arm-none-eabi-objcopy -O binary --set-section-flags .xddata=alloc --only-section=.xddata C:/Users/gd14470/sdsoc_workspace/lab1/Release/src/madd.o C:/Users/gd14470/sdsoc_workspace/lab1/Release/_sds/.data/madd.xml
arm-none-eabi-objcopy -O binary --set-section-flags .xdpp=alloc --only-section=.xdpp C:/Users/gd14470/sdsoc_workspace/lab1/Release/src/madd.o C:/Users/gd14470/sdsoc_workspace/lab1/Release/_sds/.pp/madd.ii
arm-none-eabi-objcopy -O binary --set-section-flags .xdfcnmap=alloc --only-section=.xdfcnmap C:/Users/gd14470/sdsoc_workspace/lab1/Release/src/madd.o C:/Users/gd14470/sdsoc_workspace/lab1/Release/_sds/.cdb/madd.madd.fcnmap.xml
arm-none-eabi-objcopy -O binary --set-section-flags .xdhlscore=alloc --only-section=.xdhlscore C:/Users/gd14470/sdsoc_workspace/lab1/Release/src/madd.o C:/Users/gd14470/sdsoc_workspace/lab1/Release/_sds/iprepo/repo/xilinx_com_hls_madd_1_0/xilinx_com_hls_madd_1_0.zip
C:/Xilinx/SDx/2018.2/bin/unzip.bat -u -o C:/Users/gd14470/sdsoc_workspace/lab1/Release/_sds/iprepo/repo/xilinx_com_hls_madd_1_0/xilinx_com_hls_madd_1_0.zip -d C:/Users/gd14470/sdsoc_workspace/lab1/Release/_sds/iprepo/repo/xilinx_com_hls_madd_1_0
Archive:  C:/Users/gd14470/sdsoc_workspace/lab1/Release/_sds/iprepo/repo/xilinx_com_hls_madd_1_0/xilinx_com_hls_madd_1_0.zip
  inflating: C:/Users/gd14470/sdsoc_workspace/lab1/Release/_sds/iprepo/repo/xilinx_com_hls_madd_1_0/component.xml  
  inflating: C:/Users/gd14470/sdsoc_workspace/lab1/Release/_sds/iprepo/repo/xilinx_com_hls_madd_1_0/hdl/ip/a0_madd_ap_fadd_3_full_dsp_32.vhd  
  inflating: C:/Users/gd14470/sdsoc_workspace/lab1/Release/_sds/iprepo/repo/xilinx_com_hls_madd_1_0/constraints/a0_madd_ooc.xdc  
  inflating: C:/Users/gd14470/sdsoc_workspace/lab1/Release/_sds/iprepo/repo/xilinx_com_hls_madd_1_0/hdl/verilog/a0_madd_fadd_32ns_32bkb.v  
  inflating: C:/Users/gd14470/sdsoc_workspace/lab1/Release/_sds/iprepo/repo/xilinx_com_hls_madd_1_0/hdl/verilog/a0_madd.v  
  inflating: C:/Users/gd14470/sdsoc_workspace/lab1/Release/_sds/iprepo/repo/xilinx_com_hls_madd_1_0/hdl/vhdl/a0_madd_fadd_32ns_32bkb.vhd  
  inflating: C:/Users/gd14470/sdsoc_workspace/lab1/Release/_sds/iprepo/repo/xilinx_com_hls_madd_1_0/hdl/vhdl/a0_madd.vhd  
  inflating: C:/Users/gd14470/sdsoc_workspace/lab1/Release/_sds/iprepo/repo/xilinx_com_hls_madd_1_0/doc/ReleaseNotes.txt  
  inflating: C:/Users/gd14470/sdsoc_workspace/lab1/Release/_sds/iprepo/repo/xilinx_com_hls_madd_1_0/misc/logo.png  
  inflating: C:/Users/gd14470/sdsoc_workspace/lab1/Release/_sds/iprepo/repo/xilinx_com_hls_madd_1_0/xgui/madd_v1_0.tcl  
arm-none-eabi-objcopy -O binary --set-section-flags .xdif=alloc --only-section=.xdif C:/Users/gd14470/sdsoc_workspace/lab1/Release/src/madd.o C:/Users/gd14470/sdsoc_workspace/lab1/Release/_sds/.cdb/madd_if.xml
arm-none-eabi-objcopy -O binary --set-section-flags .xdinfo=alloc --only-section=.xdinfo C:/Users/gd14470/sdsoc_workspace/lab1/Release/src/main.o C:/Users/gd14470/sdsoc_workspace/lab1/Release/_sds/.data/xdinfo.xml
arm-none-eabi-objcopy -O binary --set-section-flags .xddata=alloc --only-section=.xddata C:/Users/gd14470/sdsoc_workspace/lab1/Release/src/main.o C:/Users/gd14470/sdsoc_workspace/lab1/Release/_sds/.data/xddata.xml
arm-none-eabi-objcopy -O binary --set-section-flags .xdsdata=alloc --only-section=.xdsdata C:/Users/gd14470/sdsoc_workspace/lab1/Release/src/main.o C:/Users/gd14470/sdsoc_workspace/lab1/Release/_sds/.data/main.o.xml
arm-none-eabi-objcopy -O binary --set-section-flags .xdinfo=alloc --only-section=.xdinfo C:/Users/gd14470/sdsoc_workspace/lab1/Release/src/mmult.o C:/Users/gd14470/sdsoc_workspace/lab1/Release/_sds/.data/xdinfo.xml
arm-none-eabi-objcopy -O binary --set-section-flags .xddata=alloc --only-section=.xddata C:/Users/gd14470/sdsoc_workspace/lab1/Release/src/mmult.o C:/Users/gd14470/sdsoc_workspace/lab1/Release/_sds/.data/mmult.xml
arm-none-eabi-objcopy -O binary --set-section-flags .xdpp=alloc --only-section=.xdpp C:/Users/gd14470/sdsoc_workspace/lab1/Release/src/mmult.o C:/Users/gd14470/sdsoc_workspace/lab1/Release/_sds/.pp/mmult.ii
arm-none-eabi-objcopy -O binary --set-section-flags .xdfcnmap=alloc --only-section=.xdfcnmap C:/Users/gd14470/sdsoc_workspace/lab1/Release/src/mmult.o C:/Users/gd14470/sdsoc_workspace/lab1/Release/_sds/.cdb/mmult.mmult.fcnmap.xml
arm-none-eabi-objcopy -O binary --set-section-flags .xdhlscore=alloc --only-section=.xdhlscore C:/Users/gd14470/sdsoc_workspace/lab1/Release/src/mmult.o C:/Users/gd14470/sdsoc_workspace/lab1/Release/_sds/iprepo/repo/xilinx_com_hls_mmult_1_0/xilinx_com_hls_mmult_1_0.zip
C:/Xilinx/SDx/2018.2/bin/unzip.bat -u -o C:/Users/gd14470/sdsoc_workspace/lab1/Release/_sds/iprepo/repo/xilinx_com_hls_mmult_1_0/xilinx_com_hls_mmult_1_0.zip -d C:/Users/gd14470/sdsoc_workspace/lab1/Release/_sds/iprepo/repo/xilinx_com_hls_mmult_1_0
Archive:  C:/Users/gd14470/sdsoc_workspace/lab1/Release/_sds/iprepo/repo/xilinx_com_hls_mmult_1_0/xilinx_com_hls_mmult_1_0.zip
  inflating: C:/Users/gd14470/sdsoc_workspace/lab1/Release/_sds/iprepo/repo/xilinx_com_hls_mmult_1_0/component.xml  
  inflating: C:/Users/gd14470/sdsoc_workspace/lab1/Release/_sds/iprepo/repo/xilinx_com_hls_mmult_1_0/hdl/ip/a1_mmult_ap_fadd_3_full_dsp_32.vhd  
  inflating: C:/Users/gd14470/sdsoc_workspace/lab1/Release/_sds/iprepo/repo/xilinx_com_hls_mmult_1_0/hdl/ip/a1_mmult_ap_fmul_2_max_dsp_32.vhd  
  inflating: C:/Users/gd14470/sdsoc_workspace/lab1/Release/_sds/iprepo/repo/xilinx_com_hls_mmult_1_0/constraints/a1_mmult_ooc.xdc  
  inflating: C:/Users/gd14470/sdsoc_workspace/lab1/Release/_sds/iprepo/repo/xilinx_com_hls_mmult_1_0/hdl/verilog/a1_mmult_Abuf.v  
  inflating: C:/Users/gd14470/sdsoc_workspace/lab1/Release/_sds/iprepo/repo/xilinx_com_hls_mmult_1_0/hdl/verilog/a1_mmult_fadd_32ns_3bkb.v  
  inflating: C:/Users/gd14470/sdsoc_workspace/lab1/Release/_sds/iprepo/repo/xilinx_com_hls_mmult_1_0/hdl/verilog/a1_mmult_fmul_32ns_3cud.v  
  inflating: C:/Users/gd14470/sdsoc_workspace/lab1/Release/_sds/iprepo/repo/xilinx_com_hls_mmult_1_0/hdl/verilog/a1_mmult.v  
  inflating: C:/Users/gd14470/sdsoc_workspace/lab1/Release/_sds/iprepo/repo/xilinx_com_hls_mmult_1_0/hdl/vhdl/a1_mmult_Abuf.vhd  
  inflating: C:/Users/gd14470/sdsoc_workspace/lab1/Release/_sds/iprepo/repo/xilinx_com_hls_mmult_1_0/hdl/vhdl/a1_mmult_fadd_32ns_3bkb.vhd  
  inflating: C:/Users/gd14470/sdsoc_workspace/lab1/Release/_sds/iprepo/repo/xilinx_com_hls_mmult_1_0/hdl/vhdl/a1_mmult_fmul_32ns_3cud.vhd  
  inflating: C:/Users/gd14470/sdsoc_workspace/lab1/Release/_sds/iprepo/repo/xilinx_com_hls_mmult_1_0/hdl/vhdl/a1_mmult.vhd  
  inflating: C:/Users/gd14470/sdsoc_workspace/lab1/Release/_sds/iprepo/repo/xilinx_com_hls_mmult_1_0/doc/ReleaseNotes.txt  
  inflating: C:/Users/gd14470/sdsoc_workspace/lab1/Release/_sds/iprepo/repo/xilinx_com_hls_mmult_1_0/misc/logo.png  
  inflating: C:/Users/gd14470/sdsoc_workspace/lab1/Release/_sds/iprepo/repo/xilinx_com_hls_mmult_1_0/xgui/mmult_v1_0.tcl  
arm-none-eabi-objcopy -O binary --set-section-flags .xdif=alloc --only-section=.xdif C:/Users/gd14470/sdsoc_workspace/lab1/Release/src/mmult.o C:/Users/gd14470/sdsoc_workspace/lab1/Release/_sds/.cdb/mmult_if.xml
C:/Xilinx/SDx/2018.2/bin/build_xd_ip_db -ip_search 0  -sds-pf C:/Users/gd14470/sdsoc_workspace/lab1/Release/.Xil/zed.hpfm  -ip C:/Users/gd14470/sdsoc_workspace/lab1/Release/_sds/iprepo/repo/xilinx_com_hls_madd_1_0 -ip C:/Users/gd14470/sdsoc_workspace/lab1/Release/_sds/iprepo/repo/xilinx_com_hls_mmult_1_0  -o C:/Users/gd14470/sdsoc_workspace/lab1/Release/_sds/.cdb/xd_ip_db.xml  
INFO: Using user-defined path for XILINX_XD environment variable C:/Xilinx/SDx/2018.2
processing accelerators: C:/Users/gd14470/sdsoc_workspace/lab1/Release/_sds/iprepo/repo/xilinx_com_hls_madd_1_0
ip_dir: C:/Users/gd14470/sdsoc_workspace/lab1/Release/_sds/iprepo/repo/xilinx_com_hls_madd_1_0
C:/Xilinx/SDx/2018.2/bin/xsltproc --stringparam xpath "spirit:component/spirit:name/text()" C:/Xilinx/SDx/2018.2/scripts/xdcc/xpathValueOf.xsl C:/Users/gd14470/sdsoc_workspace/lab1/Release/_sds/iprepo/repo/xilinx_com_hls_madd_1_0/component.xml
ip_name: madd
processing accelerators: C:/Users/gd14470/sdsoc_workspace/lab1/Release/_sds/iprepo/repo/xilinx_com_hls_mmult_1_0
ip_dir: C:/Users/gd14470/sdsoc_workspace/lab1/Release/_sds/iprepo/repo/xilinx_com_hls_mmult_1_0
C:/Xilinx/SDx/2018.2/bin/xsltproc --stringparam xpath "spirit:component/spirit:name/text()" C:/Xilinx/SDx/2018.2/scripts/xdcc/xpathValueOf.xsl C:/Users/gd14470/sdsoc_workspace/lab1/Release/_sds/iprepo/repo/xilinx_com_hls_mmult_1_0/component.xml
ip_name: mmult
Generating data motion network
C:/Xilinx/SDx/2018.2/bin/llvm-link -o C:/Users/gd14470/sdsoc_workspace/lab1/Release/_sds/.llvm/sds_all.o C:/Users/gd14470/sdsoc_workspace/lab1/Release/_sds/.llvm/./src/madd.s C:/Users/gd14470/sdsoc_workspace/lab1/Release/_sds/.llvm/./src/main.s C:/Users/gd14470/sdsoc_workspace/lab1/Release/_sds/.llvm/./src/mmult.s

C:\Users\gd14470\sdsoc_workspace\lab1\Release>C:\Xilinx\SDx\2018.2\llvm-clang\win64\llvm\bin\llvm-link.exe -o C:/Users/gd14470/sdsoc_workspace/lab1/Release/_sds/.llvm/sds_all.o C:/Users/gd14470/sdsoc_workspace/lab1/Release/_sds/.llvm/./src/madd.s C:/Users/gd14470/sdsoc_workspace/lab1/Release/_sds/.llvm/./src/main.s C:/Users/gd14470/sdsoc_workspace/lab1/Release/_sds/.llvm/./src/mmult.s 

C:\Users\gd14470\sdsoc_workspace\lab1\Release>exit /b 0 
C:/Xilinx/SDx/2018.2/bin/XidanePass  --platform zed  --dmclkid 2  --repo C:/Users/gd14470/sdsoc_workspace/lab1/Release/_sds/.cdb/xd_ip_db.xml  --dmdb C:/Xilinx/SDx/2018.2/data/DM.db   -os standalone -processor cortex-a9 -partition 0  

C:\Users\gd14470\sdsoc_workspace\lab1\Release\_sds\.llvm>opt -disable-output -mem2reg -basicaa -XidanePass --platform zed --dmclkid 2 --repo C:/Users/gd14470/sdsoc_workspace/lab1/Release/_sds/.cdb/xd_ip_db.xml --dmdb C:/Xilinx/SDx/2018.2/data/DM.db -os standalone -processor cortex-a9 -partition 0  0<sds_all.o 
INFO: [DMAnalysis 83-4494] Analyzing hardware accelerators...
INFO: [DMAnalysis 83-4497] Analyzing callers to hardware accelerators...
INFO: [DMAnalysis 83-4444] Scheduling data transfer graph for partition 0
INFO: [DMAnalysis 83-4446] Creating data motion network hardware for partition 0
INFO: [DMAnalysis 83-4448] Creating software stub functions for partition 0
INFO: [DMAnalysis 83-4450] Generating data motion network report for partition 0
INFO: [DMAnalysis 83-4454] Rewriting caller code
Creating block diagram (BD)
C:/Xilinx/SDx/2018.2/bin/sdx_link  -cf-system C:/Users/gd14470/sdsoc_workspace/lab1/Release/_sds/.llvm/apsys_0.xml  -cf-db  C:/Users/gd14470/sdsoc_workspace/lab1/Release/_sds/.cdb/xd_ip_db.xml  -xpfm C:/Xilinx/SDx/2018.2/platforms/zed/zed.xpfm   -multi-clks -trace-buffer 1024 -quiet
Creating top.bd.tcl
C:/Xilinx/SDx/2018.2/bin/cf2sw  -i C:/Users/gd14470/sdsoc_workspace/lab1/Release/_sds/.llvm/apsys_0.xml  -r C:/Users/gd14470/sdsoc_workspace/lab1/Release/_sds/.cdb/xd_ip_db.xml  -pollMode 0 -mc
INFO: [CF2SW 83-2203] Adding accelerator adapters...
INFO: [CF2SW 83-2200] Adding axi_interconnects...
INFO: [CF2SW 83-2201] Adding axi_stream_router for scatter-gather DMAs...
INFO: [CF2SW 83-2202] Adding axi_dwidth_converters...
INFO: [CF2SW 83-2208] Adding bus connections for logical connections...
INFO: [CF2SW 83-2205] Adding clock connections...
INFO: [CF2SW 83-2206] Adding reset connections...
INFO: [CF2SW 83-0] Adding axcache connections...
INFO: [CF2SW 83-0] Adding dma axcache connections...
INFO: [CF2SW 83-2213] Adding acc_axcache_connections...
Rewrite caller functions
arm-none-eabi-objcopy -O binary --set-section-flags .xdinfo=alloc --only-section=.xdinfo C:/Users/gd14470/sdsoc_workspace/lab1/Release/src/main.o C:/Users/gd14470/sdsoc_workspace/lab1/Release/_sds/.data/xdinfo.xml
arm-none-eabi-objcopy -O binary --set-section-flags .xddata=alloc --only-section=.xddata C:/Users/gd14470/sdsoc_workspace/lab1/Release/src/main.o C:/Users/gd14470/sdsoc_workspace/lab1/Release/_sds/.data/xddata.xml
arm-none-eabi-objcopy -O binary --set-section-flags .xdsdata=alloc --only-section=.xdsdata C:/Users/gd14470/sdsoc_workspace/lab1/Release/src/main.o C:/Users/gd14470/sdsoc_workspace/lab1/Release/_sds/.data/main.o.xml
C:/Xilinx/SDx/2018.2/bin/caller_rewrite  -rewrite C:/Users/gd14470/sdsoc_workspace/lab1/Release/_sds/.llvm/caller0.cfrewrite  -o C:/Users/gd14470/sdsoc_workspace/lab1/Release/_sds/swstubs/main.cpp  C:/Users/gd14470/sdsoc_workspace/lab1/Release/_sds/swstubs/unix_main.cpp  --  -c  -IC:/Users/gd14470/sdsoc_workspace/lab1/src -IC:/Users/gd14470/sdsoc_workspace/lab1/src -Wall -O3 -fmessage-length=0 -MMD -MP -D __SDSCC__  -target arm-none-eabi -mcpu=cortex-a9 -mfpu=vfpv3 -O0 -g -w    -I C:/Xilinx/SDx/2018.2/target/aarch32-none/include  -D HLS_NO_XIL_FPO_LIB  -I C:/Xilinx/Vivado/2018.2/include   -IC:/Xilinx/SDK/2018.2/gnu/aarch32/nt/gcc-arm-none-eabi/arm-none-eabi/include/c++/7.2.1 -IC:/Xilinx/SDK/2018.2/gnu/aarch32/nt/gcc-arm-none-eabi/arm-none-eabi/include/c++/7.2.1/arm-none-eabi -IC:/Xilinx/SDK/2018.2/gnu/aarch32/nt/gcc-arm-none-eabi/arm-none-eabi/include/c++/7.2.1/backward -IC:/Xilinx/SDK/2018.2/gnu/aarch32/nt/gcc-arm-none-eabi/lib/gcc/arm-none-eabi/7.2.1/include -IC:/Xilinx/SDK/2018.2/gnu/aarch32/nt/gcc-arm-none-eabi/lib/gcc/arm-none-eabi/7.2.1/include-fixed -IC:/Xilinx/SDK/2018.2/gnu/aarch32/nt/gcc-arm-none-eabi/arm-none-eabi/include -IC:/Xilinx/SDK/2018.2/gnu/aarch32/nt/gcc-arm-none-eabi/arm-none-eabi/libc/usr/include  -std=c++11
Compile caller rewrite file C:/Users/gd14470/sdsoc_workspace/lab1/Release/_sds/swstubs/main.cpp
arm-none-eabi-g++  -c C:/Users/gd14470/sdsoc_workspace/lab1/Release/_sds/swstubs/main.cpp  -IC:/Users/gd14470/sdsoc_workspace/lab1/src -IC:/Users/gd14470/sdsoc_workspace/lab1/src -Wall -O3 -fmessage-length=0 -MMD -MP -D __SDSCC__  -mcpu=cortex-a9 -mfpu=vfpv3 -mfloat-abi=hard    -I C:/Xilinx/SDx/2018.2/target/aarch32-none/include  -D HLS_NO_XIL_FPO_LIB  -I C:/Xilinx/Vivado/2018.2/include  -o C:/Users/gd14470/sdsoc_workspace/lab1/Release/_sds/swstubs/main.o
Prepare hardware access API functions
Create accelerator stub functions
C:/Xilinx/SDx/2018.2/bin/stub_gen  -func "madd" -stub C:/Users/gd14470/sdsoc_workspace/lab1/Release/_sds/.llvm/madd.cfrewrite  -o C:/Users/gd14470/sdsoc_workspace/lab1/Release/_sds/swstubs/madd.cpp  C:/Users/gd14470/sdsoc_workspace/lab1/Release/_sds/swstubs/unix_madd.cpp  --  -c  -IC:/Users/gd14470/sdsoc_workspace/lab1/src -IC:/Users/gd14470/sdsoc_workspace/lab1/src -Wall -O3 -fmessage-length=0 -MMD -MP -D __SDSCC__  -target arm-none-eabi -mcpu=cortex-a9 -mfpu=vfpv3 -O0 -g -w    -I C:/Xilinx/SDx/2018.2/target/aarch32-none/include  -D HLS_NO_XIL_FPO_LIB  -I C:/Xilinx/Vivado/2018.2/include   -IC:/Xilinx/SDK/2018.2/gnu/aarch32/nt/gcc-arm-none-eabi/arm-none-eabi/include/c++/7.2.1 -IC:/Xilinx/SDK/2018.2/gnu/aarch32/nt/gcc-arm-none-eabi/arm-none-eabi/include/c++/7.2.1/arm-none-eabi -IC:/Xilinx/SDK/2018.2/gnu/aarch32/nt/gcc-arm-none-eabi/arm-none-eabi/include/c++/7.2.1/backward -IC:/Xilinx/SDK/2018.2/gnu/aarch32/nt/gcc-arm-none-eabi/lib/gcc/arm-none-eabi/7.2.1/include -IC:/Xilinx/SDK/2018.2/gnu/aarch32/nt/gcc-arm-none-eabi/lib/gcc/arm-none-eabi/7.2.1/include-fixed -IC:/Xilinx/SDK/2018.2/gnu/aarch32/nt/gcc-arm-none-eabi/arm-none-eabi/include -IC:/Xilinx/SDK/2018.2/gnu/aarch32/nt/gcc-arm-none-eabi/arm-none-eabi/libc/usr/include  -std=c++11
C:/Xilinx/SDx/2018.2/bin/stub_gen  -func "mmult" -stub C:/Users/gd14470/sdsoc_workspace/lab1/Release/_sds/.llvm/mmult.cfrewrite  -o C:/Users/gd14470/sdsoc_workspace/lab1/Release/_sds/swstubs/mmult.cpp  C:/Users/gd14470/sdsoc_workspace/lab1/Release/_sds/swstubs/unix_mmult.cpp  --  -c  -IC:/Users/gd14470/sdsoc_workspace/lab1/src -IC:/Users/gd14470/sdsoc_workspace/lab1/src -Wall -O3 -fmessage-length=0 -MMD -MP -D __SDSCC__  -target arm-none-eabi -mcpu=cortex-a9 -mfpu=vfpv3 -O0 -g -w    -I C:/Xilinx/SDx/2018.2/target/aarch32-none/include  -D HLS_NO_XIL_FPO_LIB  -I C:/Xilinx/Vivado/2018.2/include   -IC:/Xilinx/SDK/2018.2/gnu/aarch32/nt/gcc-arm-none-eabi/arm-none-eabi/include/c++/7.2.1 -IC:/Xilinx/SDK/2018.2/gnu/aarch32/nt/gcc-arm-none-eabi/arm-none-eabi/include/c++/7.2.1/arm-none-eabi -IC:/Xilinx/SDK/2018.2/gnu/aarch32/nt/gcc-arm-none-eabi/arm-none-eabi/include/c++/7.2.1/backward -IC:/Xilinx/SDK/2018.2/gnu/aarch32/nt/gcc-arm-none-eabi/lib/gcc/arm-none-eabi/7.2.1/include -IC:/Xilinx/SDK/2018.2/gnu/aarch32/nt/gcc-arm-none-eabi/lib/gcc/arm-none-eabi/7.2.1/include-fixed -IC:/Xilinx/SDK/2018.2/gnu/aarch32/nt/gcc-arm-none-eabi/arm-none-eabi/include -IC:/Xilinx/SDK/2018.2/gnu/aarch32/nt/gcc-arm-none-eabi/arm-none-eabi/libc/usr/include  -std=c++11
Compile hardware access API functions
arm-none-eabi-gcc   -mcpu=cortex-a9 -mfpu=vfpv3 -mfloat-abi=hard    -I C:/Xilinx/SDx/2018.2/target/aarch32-none/include  -D HLS_NO_XIL_FPO_LIB  -I C:/Xilinx/Vivado/2018.2/include -c  C:/Users/gd14470/sdsoc_workspace/lab1/Release/_sds/swstubs/portinfo.c
arm-none-eabi-g++  -mcpu=cortex-a9 -mfpu=vfpv3 -mfloat-abi=hard    -I C:/Xilinx/SDx/2018.2/target/aarch32-none/include  -D HLS_NO_XIL_FPO_LIB  -I C:/Xilinx/Vivado/2018.2/include -c  C:/Users/gd14470/sdsoc_workspace/lab1/Release/_sds/swstubs/cf_stub.c
arm-none-eabi-ar crs C:/Users/gd14470/sdsoc_workspace/lab1/Release/_sds/swstubs/libxlnk_stub.a C:/Users/gd14470/sdsoc_workspace/lab1/Release/_sds/swstubs/portinfo.o C:/Users/gd14470/sdsoc_workspace/lab1/Release/_sds/swstubs/cf_stub.o
Compile accelerator stub functions
arm-none-eabi-g++ -c madd.cpp  -IC:/Users/gd14470/sdsoc_workspace/lab1/src -IC:/Users/gd14470/sdsoc_workspace/lab1/src -Wall -O3 -fmessage-length=0 -MMD -MP -D __SDSCC__  -mcpu=cortex-a9 -mfpu=vfpv3 -mfloat-abi=hard    -I C:/Xilinx/SDx/2018.2/target/aarch32-none/include  -D HLS_NO_XIL_FPO_LIB  -I C:/Xilinx/Vivado/2018.2/include -o madd.o
arm-none-eabi-g++ -c mmult.cpp  -IC:/Users/gd14470/sdsoc_workspace/lab1/src -IC:/Users/gd14470/sdsoc_workspace/lab1/src -Wall -O3 -fmessage-length=0 -MMD -MP -D __SDSCC__  -mcpu=cortex-a9 -mfpu=vfpv3 -mfloat-abi=hard    -I C:/Xilinx/SDx/2018.2/target/aarch32-none/include  -D HLS_NO_XIL_FPO_LIB  -I C:/Xilinx/Vivado/2018.2/include -o mmult.o
arm-none-eabi-ar crs C:/Users/gd14470/sdsoc_workspace/lab1/Release/_sds/swstubs/liblab1.a C:/Users/gd14470/sdsoc_workspace/lab1/Release/_sds/swstubs/portinfo.o C:/Users/gd14470/sdsoc_workspace/lab1/Release/_sds/swstubs/cf_stub.o C:/Users/gd14470/sdsoc_workspace/lab1/Release/_sds/swstubs/madd.o C:/Users/gd14470/sdsoc_workspace/lab1/Release/_sds/swstubs/mmult.o
C:/Xilinx/SDK/2018.2/bin/hsi  -mode batch -notrace -quiet -source C:/Users/gd14470/sdsoc_workspace/lab1/Release/_sds/swstubs/standalone_bsp/create_bsp.tcl
INFO: [Hsi 55-1698] elapsed time for repository loading 1 seconds
Create board support package library
C:/Xilinx/SDK/2018.2/bin/hsi  -mode batch -notrace -quiet -source C:/Users/gd14470/sdsoc_workspace/lab1/Release/_sds/swstubs/standalone_bsp/create_bsp_post.tcl
INFO: [Hsi 55-1698] elapsed time for repository loading 0 seconds
"Running Make include in ps7_cortexa9_0/libsrc/coresightps_dcc_v1_4/src"

"Running Make include in ps7_cortexa9_0/libsrc/cpu_cortexa9_v2_6/src"

"Running Make include in ps7_cortexa9_0/libsrc/ddrps_v1_0/src"

"Running Make include in ps7_cortexa9_0/libsrc/devcfg_v3_5/src"

"Running Make include in ps7_cortexa9_0/libsrc/dmaps_v2_3/src"

"Running Make include in ps7_cortexa9_0/libsrc/emacps_v3_7/src"

"Running Make include in ps7_cortexa9_0/libsrc/gpiops_v3_3/src"

"Running Make include in ps7_cortexa9_0/libsrc/qspips_v3_4/src"

"Running Make include in ps7_cortexa9_0/libsrc/scugic_v3_9/src"

"Running Make include in ps7_cortexa9_0/libsrc/scutimer_v2_1/src"

"Running Make include in ps7_cortexa9_0/libsrc/scuwdt_v2_1/src"

"Running Make include in ps7_cortexa9_0/libsrc/sdps_v3_5/src"

"Running Make include in ps7_cortexa9_0/libsrc/standalone_v6_7/src"

"Running Make include in ps7_cortexa9_0/libsrc/ttcps_v3_6/src"

"Running Make include in ps7_cortexa9_0/libsrc/uartps_v3_6/src"

"Running Make include in ps7_cortexa9_0/libsrc/usbps_v2_4/src"

"Running Make include in ps7_cortexa9_0/libsrc/xadcps_v2_2/src"

"Running Make include in ps7_cortexa9_0/libsrc/xilffs_v3_7/src"

"Running Make libs in ps7_cortexa9_0/libsrc/coresightps_dcc_v1_4/src"

"Compiling coresightps_dcc"

arm-none-eabi-ar: creating ../../../lib/libxil.a

"Running Make libs in ps7_cortexa9_0/libsrc/cpu_cortexa9_v2_6/src"

"Compiling cpu_cortexa9"

"Running Make libs in ps7_cortexa9_0/libsrc/ddrps_v1_0/src"

"Compiling ddrps"

"Running Make libs in ps7_cortexa9_0/libsrc/devcfg_v3_5/src"

"Compiling devcfg"

"Running Make libs in ps7_cortexa9_0/libsrc/dmaps_v2_3/src"

"Compiling dmaps"

"Running Make libs in ps7_cortexa9_0/libsrc/emacps_v3_7/src"

"Compiling emacps"

"Running Make libs in ps7_cortexa9_0/libsrc/gpiops_v3_3/src"

"Compiling gpiops"

"Running Make libs in ps7_cortexa9_0/libsrc/qspips_v3_4/src"

"Compiling qspips"

"Running Make libs in ps7_cortexa9_0/libsrc/scugic_v3_9/src"

"Compiling scugic"

"Running Make libs in ps7_cortexa9_0/libsrc/scutimer_v2_1/src"

"Compiling scutimer"

"Running Make libs in ps7_cortexa9_0/libsrc/scuwdt_v2_1/src"

"Compiling scuwdt"

"Running Make libs in ps7_cortexa9_0/libsrc/sdps_v3_5/src"

"Compiling sdps"

"Running Make libs in ps7_cortexa9_0/libsrc/standalone_v6_7/src"

"Compiling standalone"

In file included from sleep.c:57:0:

xtime_l.h:89:9: note: #pragma message: For the sleep routines, Global timer is being used

 #pragma message ("For the sleep routines, Global timer is being used")

         ^~~~~~~

In file included from usleep.c:60:0:

xtime_l.h:89:9: note: #pragma message: For the sleep routines, Global timer is being used

 #pragma message ("For the sleep routines, Global timer is being used")

         ^~~~~~~

In file included from xil_sleeptimer.c:55:0:

xtime_l.h:89:9: note: #pragma message: For the sleep routines, Global timer is being used

 #pragma message ("For the sleep routines, Global timer is being used")

         ^~~~~~~

In file included from xtime_l.c:53:0:

xtime_l.h:89:9: note: #pragma message: For the sleep routines, Global timer is being used

 #pragma message ("For the sleep routines, Global timer is being used")

         ^~~~~~~

"Running Make libs in ps7_cortexa9_0/libsrc/ttcps_v3_6/src"

"Compiling ttcps"

"Running Make libs in ps7_cortexa9_0/libsrc/uartps_v3_6/src"

"Compiling uartps"

"Running Make libs in ps7_cortexa9_0/libsrc/usbps_v2_4/src"

"Compiling usbps"

"Running Make libs in ps7_cortexa9_0/libsrc/xadcps_v2_2/src"

"Compiling xadcps"

"Running Make libs in ps7_cortexa9_0/libsrc/xilffs_v3_7/src"

"Compiling XilFFs Library"

diskio.c:135:11: warning: 'ExtCsd' defined but not used [-Wunused-variable]

 static u8 ExtCsd[512] __attribute__ ((aligned(32)));

           ^~~~~~

'Finished building libraries'

generate_bsp: Time (s): cpu = 00:00:00 ; elapsed = 00:00:47 . Memory (MB): peak = 172.762 ; gain = 2.211
Preliminary link application ELF
arm-none-eabi-g++ -mcpu=cortex-a9 -mfpu=vfpv3 -mfloat-abi=hard -Wl,--build-id=none -specs=C:/Xilinx/SDx/2018.2/data/toolchain/aarch32-none.spec -Wl,-T -Wl,C:/Xilinx/SDx/2018.2/platforms/zed/sw/standalone/standalone/lscript.ld  C:/Users/gd14470/sdsoc_workspace/lab1/Release/_sds/swstubs/madd.o C:/Users/gd14470/sdsoc_workspace/lab1/Release/_sds/swstubs/mmult.o C:/Users/gd14470/sdsoc_workspace/lab1/Release/_sds/swstubs/main.o C:/Users/gd14470/sdsoc_workspace/lab1/Release/_sds/swstubs/portinfo.o  -L C:/Users/gd14470/sdsoc_workspace/lab1/Release/_sds/swstubs/standalone_bsp/ps7_cortexa9_0/lib  -L C:/Xilinx/SDx/2018.2/target/aarch32-none/lib -LC:/Users/gd14470/sdsoc_workspace/lab1/Release/_sds/swstubs -Wl,--start-group -lxilffs -lgcc -lc -lstdc++ -Wl,--end-group -Wl,--start-group   -lxilffs -lxil -lsds_link -lgcc -lc  -lsds_lib -lxlnk_stub -lgcc -lc -Wl,--end-group -o C:/Users/gd14470/sdsoc_workspace/lab1/Release/_sds/swstubs/lab1.elf
arm-none-eabi-objcopy -R .xdinfo -R .xddata -R .xdasm -R .xdfcnmap -R .xdhlscore -R .xdif -R .xdparams -R .xdcore -R .xdrepo -R .xdsdata -R .xdpp C:/Users/gd14470/sdsoc_workspace/lab1/Release/_sds/swstubs/lab1.elf
Enable generation of hardware programming files
Calling VPL
C:/Xilinx/SDx/2018.2/bin/vpl   --iprepo C:/Users/gd14470/sdsoc_workspace/lab1/Release/_sds/iprepo/repo  --iprepo C:/Xilinx/SDx/2018.2/data/ip/xilinx  --platform C:/Xilinx/SDx/2018.2/platforms/zed/zed.xpfm  --temp_dir C:/Users/gd14470/sdsoc_workspace/lab1/Release/_sds/p0  --output_dir C:/Users/gd14470/sdsoc_workspace/lab1/Release/_sds/p0/vpl  --input_file C:/Users/gd14470/sdsoc_workspace/lab1/Release/_sds/p0/.xsd/top.bd.tcl  --target hw   --save_temps  --kernels madd:mmult:adapter --webtalk_flag SDSoC  --remote_ip_cache C:/Users/gd14470/sdsoc_workspace/ip_cache --xp \"param:compiler.deleteDefaultReportConfigs=false\" 

****** vpl v2018.2 (64-bit)
  **** SW Build 2258646 on Thu Jun 14 20:03:12 MDT 2018
    ** Copyright 1986-2018 Xilinx, Inc. All Rights Reserved.

Attempting to get a license: ap_opencl
WARNING: [VPL 17-301] Failed to get a license for 'ap_opencl'. Explanation: The license feature ap_opencl could not be found.
Resolution: Check the status of your licenses in the Vivado License Manager. For debug help search Xilinx Support for "Licensing FAQ". 
Attempting to get a license: ap_sdsoc
Feature available: ap_sdsoc
INFO: [VPL 60-895]   Target platform: C:/Xilinx/SDx/2018.2/platforms/zed\zed.xpfm
INFO: [VPL 60-423]   Target device: zed
INFO: [VPL 60-1032] Extracting DSA to C:/Users/gd14470/sdsoc_workspace/lab1/Release/_sds/p0/vivado/.local/dsa
INFO: [VPL 60-251]   Hardware accelerator integration...

INFO: [VPL 60-841] Created output file: C:/Users/gd14470/sdsoc_workspace/lab1/Release/_sds/p0/vpl/address_map.xml
INFO: [VPL 60-841] Created output file: C:/Users/gd14470/sdsoc_workspace/lab1/Release/_sds/p0/vpl/system.bit
INFO: [VPL 60-841] Created output file: C:/Users/gd14470/sdsoc_workspace/lab1/Release/_sds/p0/vpl/system.hdf
INFO: [VPL 60-841] Created output file: C:/Users/gd14470/sdsoc_workspace/lab1/Release/_sds/p0/vpl/_new_clk_freq
C:/Xilinx/SDx/2018.2/bin/cf2sw  -i C:/Users/gd14470/sdsoc_workspace/lab1/Release/_sds/.llvm/apsys_0.xml  -r C:/Users/gd14470/sdsoc_workspace/lab1/Release/_sds/.cdb/xd_ip_db.xml  -a address_map.xml  -pollMode 0 -mc
INFO: [CF2SW 83-2203] Adding accelerator adapters...
INFO: [CF2SW 83-2200] Adding axi_interconnects...
INFO: [CF2SW 83-2201] Adding axi_stream_router for scatter-gather DMAs...
INFO: [CF2SW 83-2202] Adding axi_dwidth_converters...
INFO: [CF2SW 83-2208] Adding bus connections for logical connections...
INFO: [CF2SW 83-2205] Adding clock connections...
INFO: [CF2SW 83-2206] Adding reset connections...
INFO: [CF2SW 83-0] Adding axcache connections...
INFO: [CF2SW 83-0] Adding dma axcache connections...
INFO: [CF2SW 83-2213] Adding acc_axcache_connections...
Software tracing enabled
Compile hardware access API functions
arm-none-eabi-gcc   -mcpu=cortex-a9 -mfpu=vfpv3 -mfloat-abi=hard    -I C:/Xilinx/SDx/2018.2/target/aarch32-none/include  -D HLS_NO_XIL_FPO_LIB  -I C:/Xilinx/Vivado/2018.2/include -c  C:/Users/gd14470/sdsoc_workspace/lab1/Release/_sds/swstubs/portinfo.c
arm-none-eabi-g++  -mcpu=cortex-a9 -mfpu=vfpv3 -mfloat-abi=hard    -I C:/Xilinx/SDx/2018.2/target/aarch32-none/include  -D HLS_NO_XIL_FPO_LIB  -I C:/Xilinx/Vivado/2018.2/include -c  C:/Users/gd14470/sdsoc_workspace/lab1/Release/_sds/swstubs/cf_stub.c
arm-none-eabi-ar crs C:/Users/gd14470/sdsoc_workspace/lab1/Release/_sds/swstubs/libxlnk_stub.a C:/Users/gd14470/sdsoc_workspace/lab1/Release/_sds/swstubs/portinfo.o C:/Users/gd14470/sdsoc_workspace/lab1/Release/_sds/swstubs/cf_stub.o
arm-none-eabi-ar crs C:/Users/gd14470/sdsoc_workspace/lab1/Release/_sds/swstubs/liblab1.a C:/Users/gd14470/sdsoc_workspace/lab1/Release/_sds/swstubs/portinfo.o C:/Users/gd14470/sdsoc_workspace/lab1/Release/_sds/swstubs/cf_stub.o C:/Users/gd14470/sdsoc_workspace/lab1/Release/_sds/swstubs/madd.o C:/Users/gd14470/sdsoc_workspace/lab1/Release/_sds/swstubs/mmult.o
C:/Xilinx/SDK/2018.2/bin/hsi  -mode batch -notrace -quiet -source C:/Users/gd14470/sdsoc_workspace/lab1/Release/_sds/swstubs/standalone_bsp/create_bsp.tcl
INFO: [Hsi 55-1698] elapsed time for repository loading 1 seconds
open_hw_design: Time (s): cpu = 00:00:06 ; elapsed = 00:00:08 . Memory (MB): peak = 190.902 ; gain = 134.965
generate_bsp: Time (s): cpu = 00:00:00 ; elapsed = 00:00:07 . Memory (MB): peak = 192.945 ; gain = 2.043
Create board support package library
C:/Xilinx/SDK/2018.2/bin/hsi  -mode batch -notrace -quiet -source C:/Users/gd14470/sdsoc_workspace/lab1/Release/_sds/swstubs/standalone_bsp/create_bsp_post.tcl
INFO: [Hsi 55-1698] elapsed time for repository loading 0 seconds
open_hw_design: Time (s): cpu = 00:00:06 ; elapsed = 00:00:06 . Memory (MB): peak = 191.570 ; gain = 134.910
"Running Make include in ps7_cortexa9_0/libsrc/axidma_v9_7/src"

"Running Make include in ps7_cortexa9_0/libsrc/coresightps_dcc_v1_4/src"

"Running Make include in ps7_cortexa9_0/libsrc/cpu_cortexa9_v2_6/src"

"Running Make include in ps7_cortexa9_0/libsrc/ddrps_v1_0/src"

"Running Make include in ps7_cortexa9_0/libsrc/devcfg_v3_5/src"

"Running Make include in ps7_cortexa9_0/libsrc/dmaps_v2_3/src"

"Running Make include in ps7_cortexa9_0/libsrc/emacps_v3_7/src"

"Running Make include in ps7_cortexa9_0/libsrc/gpiops_v3_3/src"

"Running Make include in ps7_cortexa9_0/libsrc/qspips_v3_4/src"

"Running Make include in ps7_cortexa9_0/libsrc/scugic_v3_9/src"

"Running Make include in ps7_cortexa9_0/libsrc/scutimer_v2_1/src"

"Running Make include in ps7_cortexa9_0/libsrc/scuwdt_v2_1/src"

"Running Make include in ps7_cortexa9_0/libsrc/sdps_v3_5/src"

"Running Make include in ps7_cortexa9_0/libsrc/standalone_v6_7/src"

"Running Make include in ps7_cortexa9_0/libsrc/ttcps_v3_6/src"

"Running Make include in ps7_cortexa9_0/libsrc/uartps_v3_6/src"

"Running Make include in ps7_cortexa9_0/libsrc/usbps_v2_4/src"

"Running Make include in ps7_cortexa9_0/libsrc/xadcps_v2_2/src"

"Running Make include in ps7_cortexa9_0/libsrc/xilffs_v3_7/src"

"Running Make libs in ps7_cortexa9_0/libsrc/axidma_v9_7/src"

"Compiling axidma"

arm-none-eabi-ar: creating ../../../lib/libxil.a

"Running Make libs in ps7_cortexa9_0/libsrc/coresightps_dcc_v1_4/src"

"Compiling coresightps_dcc"

"Running Make libs in ps7_cortexa9_0/libsrc/cpu_cortexa9_v2_6/src"

"Compiling cpu_cortexa9"

"Running Make libs in ps7_cortexa9_0/libsrc/ddrps_v1_0/src"

"Compiling ddrps"

"Running Make libs in ps7_cortexa9_0/libsrc/devcfg_v3_5/src"

"Compiling devcfg"

"Running Make libs in ps7_cortexa9_0/libsrc/dmaps_v2_3/src"

"Compiling dmaps"

"Running Make libs in ps7_cortexa9_0/libsrc/emacps_v3_7/src"

"Compiling emacps"

"Running Make libs in ps7_cortexa9_0/libsrc/gpiops_v3_3/src"

"Compiling gpiops"

"Running Make libs in ps7_cortexa9_0/libsrc/qspips_v3_4/src"

"Compiling qspips"

"Running Make libs in ps7_cortexa9_0/libsrc/scugic_v3_9/src"

"Compiling scugic"

"Running Make libs in ps7_cortexa9_0/libsrc/scutimer_v2_1/src"

"Compiling scutimer"

"Running Make libs in ps7_cortexa9_0/libsrc/scuwdt_v2_1/src"

"Compiling scuwdt"

"Running Make libs in ps7_cortexa9_0/libsrc/sdps_v3_5/src"

"Compiling sdps"

"Running Make libs in ps7_cortexa9_0/libsrc/standalone_v6_7/src"

"Compiling standalone"

In file included from sleep.c:57:0:

xtime_l.h:89:9: note: #pragma message: For the sleep routines, Global timer is being used

 #pragma message ("For the sleep routines, Global timer is being used")

         ^~~~~~~

In file included from usleep.c:60:0:

xtime_l.h:89:9: note: #pragma message: For the sleep routines, Global timer is being used

 #pragma message ("For the sleep routines, Global timer is being used")

         ^~~~~~~

In file included from xil_sleeptimer.c:55:0:

xtime_l.h:89:9: note: #pragma message: For the sleep routines, Global timer is being used

 #pragma message ("For the sleep routines, Global timer is being used")

         ^~~~~~~

In file included from xtime_l.c:53:0:

xtime_l.h:89:9: note: #pragma message: For the sleep routines, Global timer is being used

 #pragma message ("For the sleep routines, Global timer is being used")

         ^~~~~~~

"Running Make libs in ps7_cortexa9_0/libsrc/ttcps_v3_6/src"

"Compiling ttcps"

"Running Make libs in ps7_cortexa9_0/libsrc/uartps_v3_6/src"

"Compiling uartps"

"Running Make libs in ps7_cortexa9_0/libsrc/usbps_v2_4/src"

"Compiling usbps"

"Running Make libs in ps7_cortexa9_0/libsrc/xadcps_v2_2/src"

"Compiling xadcps"

"Running Make libs in ps7_cortexa9_0/libsrc/xilffs_v3_7/src"

"Compiling XilFFs Library"

diskio.c:135:11: warning: 'ExtCsd' defined but not used [-Wunused-variable]

 static u8 ExtCsd[512] __attribute__ ((aligned(32)));

           ^~~~~~

'Finished building libraries'

generate_bsp: Time (s): cpu = 00:00:00 ; elapsed = 00:00:46 . Memory (MB): peak = 193.926 ; gain = 2.355
Link application ELF file
arm-none-eabi-g++ -mcpu=cortex-a9 -mfpu=vfpv3 -mfloat-abi=hard -Wl,--build-id=none -specs=C:/Xilinx/SDx/2018.2/data/toolchain/aarch32-none.spec -Wl,-T -Wl,C:/Xilinx/SDx/2018.2/platforms/zed/sw/standalone/standalone/lscript.ld  C:/Users/gd14470/sdsoc_workspace/lab1/Release/_sds/swstubs/madd.o C:/Users/gd14470/sdsoc_workspace/lab1/Release/_sds/swstubs/mmult.o C:/Users/gd14470/sdsoc_workspace/lab1/Release/_sds/swstubs/main.o C:/Users/gd14470/sdsoc_workspace/lab1/Release/_sds/swstubs/portinfo.o  -L C:/Users/gd14470/sdsoc_workspace/lab1/Release/_sds/swstubs/standalone_bsp/ps7_cortexa9_0/lib  -L C:/Xilinx/SDx/2018.2/target/aarch32-none/lib -LC:/Users/gd14470/sdsoc_workspace/lab1/Release/_sds/swstubs -Wl,--start-group -lxilffs -lgcc -lc -lstdc++ -Wl,--end-group -Wl,--start-group   -lxilffs -lxil  -lgcc -lc  -lsds_lib -lxlnk_stub -lgcc -lc -Wl,--end-group -o C:/Users/gd14470/sdsoc_workspace/lab1/Release/_sds/swstubs/lab1.elf
arm-none-eabi-objcopy -R .xdinfo -R .xddata -R .xdasm -R .xdfcnmap -R .xdhlscore -R .xdif -R .xdparams -R .xdcore -R .xdrepo -R .xdsdata -R .xdpp C:/Users/gd14470/sdsoc_workspace/lab1/Release/_sds/swstubs/lab1.elf
All user specified timing constraints are met.
sds++ log file saved as C:/Users/gd14470/sdsoc_workspace/lab1/Release/_sds/reports/sds.log
sds++ completed at Tue Feb 12 11:31:26 +0000 2019
