(c) Copyright 2012-2018 Xilinx, Inc. All Rights Reserved.
#-----------------------------------------------------------
# Tool version  : sds++ 2018.3 SW Build 2405991 on Thu Dec  6 23:39:10 MST 2018
# Start time    : Thu Mar 14 11:12:02 +0000 2019
# Command line  : sds++ --remote_ip_cache C:/Users/Naimu/workspace/ip_cache -o lab_2.elf ./src/block_mmult.o ./src/madd.o ./src/main.o ./src/mmult.o -dmclkid 2 -mno-boot-files -sds-sys-config standalone -sds-proc standalone -sds-pf zed
# Log file      : C:/Users/Naimu/workspace/lab_2/Release/_sds/reports/sds.log
# Journal file  : C:/Users/Naimu/workspace/lab_2/Release/_sds/reports/sds.jou
# Report file   : C:/Users/Naimu/workspace/lab_2/Release/_sds/reports/sds.rpt
#-----------------------------------------------------------

Removing implementation files from previous run
Libraries: 
Library Paths {}
Analyzing object files
arm-none-eabi-objcopy -O binary --set-section-flags .xdinfo=alloc --only-section=.xdinfo C:/Users/Naimu/workspace/lab_2/Release/src/block_mmult.o C:/Users/Naimu/workspace/lab_2/Release/_sds/.data/xdinfo.xml
arm-none-eabi-objcopy -O binary --set-section-flags .xdrtlx=alloc --only-section=.xdrtlx C:/Users/Naimu/workspace/lab_2/Release/src/block_mmult.o C:/Users/Naimu/workspace/lab_2/Release/_sds/.rtlx/block_mmult.rtlx
arm-none-eabi-objcopy -O binary --set-section-flags .xddata=alloc --only-section=.xddata C:/Users/Naimu/workspace/lab_2/Release/src/block_mmult.o C:/Users/Naimu/workspace/lab_2/Release/_sds/.data/block_mmult.xml
arm-none-eabi-objcopy -O binary --set-section-flags .xdpp=alloc --only-section=.xdpp C:/Users/Naimu/workspace/lab_2/Release/src/block_mmult.o C:/Users/Naimu/workspace/lab_2/Release/_sds/.pp/block_mmult.ii
arm-none-eabi-objcopy -O binary --set-section-flags .xdfcnmap=alloc --only-section=.xdfcnmap C:/Users/Naimu/workspace/lab_2/Release/src/block_mmult.o C:/Users/Naimu/workspace/lab_2/Release/_sds/.cdb/block_mmult.block_mmult.fcnmap.xml
arm-none-eabi-objcopy -O binary --set-section-flags .xdhlscore=alloc --only-section=.xdhlscore C:/Users/Naimu/workspace/lab_2/Release/src/block_mmult.o C:/Users/Naimu/workspace/lab_2/Release/_sds/iprepo/repo/xilinx_com_hls_block_mmult_1_0/xilinx_com_hls_block_mmult_1_0.zip
C:/Xilinx/SDx/2018.3/bin/unzip.bat -u -o C:/Users/Naimu/workspace/lab_2/Release/_sds/iprepo/repo/xilinx_com_hls_block_mmult_1_0/xilinx_com_hls_block_mmult_1_0.zip -d C:/Users/Naimu/workspace/lab_2/Release/_sds/iprepo/repo/xilinx_com_hls_block_mmult_1_0
Archive:  C:/Users/Naimu/workspace/lab_2/Release/_sds/iprepo/repo/xilinx_com_hls_block_mmult_1_0/xilinx_com_hls_block_mmult_1_0.zip
  inflating: C:/Users/Naimu/workspace/lab_2/Release/_sds/iprepo/repo/xilinx_com_hls_block_mmult_1_0/component.xml  
  inflating: C:/Users/Naimu/workspace/lab_2/Release/_sds/iprepo/repo/xilinx_com_hls_block_mmult_1_0/hdl/ip/a0_block_mmult_ap_fadd_3_full_dsp_32.vhd  
  inflating: C:/Users/Naimu/workspace/lab_2/Release/_sds/iprepo/repo/xilinx_com_hls_block_mmult_1_0/hdl/ip/a0_block_mmult_ap_fmul_2_max_dsp_32.vhd  
  inflating: C:/Users/Naimu/workspace/lab_2/Release/_sds/iprepo/repo/xilinx_com_hls_block_mmult_1_0/constraints/a0_block_mmult_ooc.xdc  
  inflating: C:/Users/Naimu/workspace/lab_2/Release/_sds/iprepo/repo/xilinx_com_hls_block_mmult_1_0/hdl/verilog/a0_block_mmult_A_m_axi.v  
  inflating: C:/Users/Naimu/workspace/lab_2/Release/_sds/iprepo/repo/xilinx_com_hls_block_mmult_1_0/hdl/verilog/a0_block_mmult_b_0.v  
  inflating: C:/Users/Naimu/workspace/lab_2/Release/_sds/iprepo/repo/xilinx_com_hls_block_mmult_1_0/hdl/verilog/a0_block_mmult_B_m_axi.v  
  inflating: C:/Users/Naimu/workspace/lab_2/Release/_sds/iprepo/repo/xilinx_com_hls_block_mmult_1_0/hdl/verilog/a0_block_mmult_C_m_axi.v  
  inflating: C:/Users/Naimu/workspace/lab_2/Release/_sds/iprepo/repo/xilinx_com_hls_block_mmult_1_0/hdl/verilog/a0_block_mmult_fadd_bkb.v  
  inflating: C:/Users/Naimu/workspace/lab_2/Release/_sds/iprepo/repo/xilinx_com_hls_block_mmult_1_0/hdl/verilog/a0_block_mmult_fmul_cud.v  
  inflating: C:/Users/Naimu/workspace/lab_2/Release/_sds/iprepo/repo/xilinx_com_hls_block_mmult_1_0/hdl/verilog/a0_block_mmult_mux_6dEe.v  
  inflating: C:/Users/Naimu/workspace/lab_2/Release/_sds/iprepo/repo/xilinx_com_hls_block_mmult_1_0/hdl/verilog/a0_matxvec.v  
  inflating: C:/Users/Naimu/workspace/lab_2/Release/_sds/iprepo/repo/xilinx_com_hls_block_mmult_1_0/hdl/verilog/a0_matxvec_a.v  
  inflating: C:/Users/Naimu/workspace/lab_2/Release/_sds/iprepo/repo/xilinx_com_hls_block_mmult_1_0/hdl/verilog/a0_block_mmult.v  
  inflating: C:/Users/Naimu/workspace/lab_2/Release/_sds/iprepo/repo/xilinx_com_hls_block_mmult_1_0/hdl/vhdl/a0_block_mmult_A_m_axi.vhd  
  inflating: C:/Users/Naimu/workspace/lab_2/Release/_sds/iprepo/repo/xilinx_com_hls_block_mmult_1_0/hdl/vhdl/a0_block_mmult_b_0.vhd  
  inflating: C:/Users/Naimu/workspace/lab_2/Release/_sds/iprepo/repo/xilinx_com_hls_block_mmult_1_0/hdl/vhdl/a0_block_mmult_B_m_axi.vhd  
  inflating: C:/Users/Naimu/workspace/lab_2/Release/_sds/iprepo/repo/xilinx_com_hls_block_mmult_1_0/hdl/vhdl/a0_block_mmult_C_m_axi.vhd  
  inflating: C:/Users/Naimu/workspace/lab_2/Release/_sds/iprepo/repo/xilinx_com_hls_block_mmult_1_0/hdl/vhdl/a0_block_mmult_fadd_bkb.vhd  
  inflating: C:/Users/Naimu/workspace/lab_2/Release/_sds/iprepo/repo/xilinx_com_hls_block_mmult_1_0/hdl/vhdl/a0_block_mmult_fmul_cud.vhd  
  inflating: C:/Users/Naimu/workspace/lab_2/Release/_sds/iprepo/repo/xilinx_com_hls_block_mmult_1_0/hdl/vhdl/a0_block_mmult_mux_6dEe.vhd  
  inflating: C:/Users/Naimu/workspace/lab_2/Release/_sds/iprepo/repo/xilinx_com_hls_block_mmult_1_0/hdl/vhdl/a0_matxvec.vhd  
  inflating: C:/Users/Naimu/workspace/lab_2/Release/_sds/iprepo/repo/xilinx_com_hls_block_mmult_1_0/hdl/vhdl/a0_matxvec_a.vhd  
  inflating: C:/Users/Naimu/workspace/lab_2/Release/_sds/iprepo/repo/xilinx_com_hls_block_mmult_1_0/hdl/vhdl/a0_block_mmult.vhd  
  inflating: C:/Users/Naimu/workspace/lab_2/Release/_sds/iprepo/repo/xilinx_com_hls_block_mmult_1_0/doc/ReleaseNotes.txt  
  inflating: C:/Users/Naimu/workspace/lab_2/Release/_sds/iprepo/repo/xilinx_com_hls_block_mmult_1_0/misc/logo.png  
  inflating: C:/Users/Naimu/workspace/lab_2/Release/_sds/iprepo/repo/xilinx_com_hls_block_mmult_1_0/xgui/block_mmult_v1_0.tcl  
arm-none-eabi-objcopy -O binary --set-section-flags .xdif=alloc --only-section=.xdif C:/Users/Naimu/workspace/lab_2/Release/src/block_mmult.o C:/Users/Naimu/workspace/lab_2/Release/_sds/.cdb/block_mmult_if.xml
arm-none-eabi-objcopy -O binary --set-section-flags .xdinfo=alloc --only-section=.xdinfo C:/Users/Naimu/workspace/lab_2/Release/src/madd.o C:/Users/Naimu/workspace/lab_2/Release/_sds/.data/xdinfo.xml
arm-none-eabi-objcopy -O binary --set-section-flags .xdrtlx=alloc --only-section=.xdrtlx C:/Users/Naimu/workspace/lab_2/Release/src/madd.o C:/Users/Naimu/workspace/lab_2/Release/_sds/.rtlx/madd.rtlx
arm-none-eabi-objcopy -O binary --set-section-flags .xddata=alloc --only-section=.xddata C:/Users/Naimu/workspace/lab_2/Release/src/madd.o C:/Users/Naimu/workspace/lab_2/Release/_sds/.data/madd.xml
arm-none-eabi-objcopy -O binary --set-section-flags .xdpp=alloc --only-section=.xdpp C:/Users/Naimu/workspace/lab_2/Release/src/madd.o C:/Users/Naimu/workspace/lab_2/Release/_sds/.pp/madd.ii
arm-none-eabi-objcopy -O binary --set-section-flags .xdfcnmap=alloc --only-section=.xdfcnmap C:/Users/Naimu/workspace/lab_2/Release/src/madd.o C:/Users/Naimu/workspace/lab_2/Release/_sds/.cdb/madd.madd.fcnmap.xml
arm-none-eabi-objcopy -O binary --set-section-flags .xdhlscore=alloc --only-section=.xdhlscore C:/Users/Naimu/workspace/lab_2/Release/src/madd.o C:/Users/Naimu/workspace/lab_2/Release/_sds/iprepo/repo/xilinx_com_hls_madd_1_0/xilinx_com_hls_madd_1_0.zip
C:/Xilinx/SDx/2018.3/bin/unzip.bat -u -o C:/Users/Naimu/workspace/lab_2/Release/_sds/iprepo/repo/xilinx_com_hls_madd_1_0/xilinx_com_hls_madd_1_0.zip -d C:/Users/Naimu/workspace/lab_2/Release/_sds/iprepo/repo/xilinx_com_hls_madd_1_0
Archive:  C:/Users/Naimu/workspace/lab_2/Release/_sds/iprepo/repo/xilinx_com_hls_madd_1_0/xilinx_com_hls_madd_1_0.zip
  inflating: C:/Users/Naimu/workspace/lab_2/Release/_sds/iprepo/repo/xilinx_com_hls_madd_1_0/component.xml  
  inflating: C:/Users/Naimu/workspace/lab_2/Release/_sds/iprepo/repo/xilinx_com_hls_madd_1_0/hdl/ip/a1_madd_ap_fadd_3_full_dsp_32.vhd  
  inflating: C:/Users/Naimu/workspace/lab_2/Release/_sds/iprepo/repo/xilinx_com_hls_madd_1_0/constraints/a1_madd_ooc.xdc  
  inflating: C:/Users/Naimu/workspace/lab_2/Release/_sds/iprepo/repo/xilinx_com_hls_madd_1_0/hdl/verilog/a1_madd_fadd_32ns_32bkb.v  
  inflating: C:/Users/Naimu/workspace/lab_2/Release/_sds/iprepo/repo/xilinx_com_hls_madd_1_0/hdl/verilog/a1_madd.v  
  inflating: C:/Users/Naimu/workspace/lab_2/Release/_sds/iprepo/repo/xilinx_com_hls_madd_1_0/hdl/vhdl/a1_madd_fadd_32ns_32bkb.vhd  
  inflating: C:/Users/Naimu/workspace/lab_2/Release/_sds/iprepo/repo/xilinx_com_hls_madd_1_0/hdl/vhdl/a1_madd.vhd  
  inflating: C:/Users/Naimu/workspace/lab_2/Release/_sds/iprepo/repo/xilinx_com_hls_madd_1_0/doc/ReleaseNotes.txt  
  inflating: C:/Users/Naimu/workspace/lab_2/Release/_sds/iprepo/repo/xilinx_com_hls_madd_1_0/misc/logo.png  
  inflating: C:/Users/Naimu/workspace/lab_2/Release/_sds/iprepo/repo/xilinx_com_hls_madd_1_0/xgui/madd_v1_0.tcl  
arm-none-eabi-objcopy -O binary --set-section-flags .xdif=alloc --only-section=.xdif C:/Users/Naimu/workspace/lab_2/Release/src/madd.o C:/Users/Naimu/workspace/lab_2/Release/_sds/.cdb/madd_if.xml
arm-none-eabi-objcopy -O binary --set-section-flags .xdinfo=alloc --only-section=.xdinfo C:/Users/Naimu/workspace/lab_2/Release/src/main.o C:/Users/Naimu/workspace/lab_2/Release/_sds/.data/xdinfo.xml
arm-none-eabi-objcopy -O binary --set-section-flags .xddata=alloc --only-section=.xddata C:/Users/Naimu/workspace/lab_2/Release/src/main.o C:/Users/Naimu/workspace/lab_2/Release/_sds/.data/xddata.xml
arm-none-eabi-objcopy -O binary --set-section-flags .xdsdata=alloc --only-section=.xdsdata C:/Users/Naimu/workspace/lab_2/Release/src/main.o C:/Users/Naimu/workspace/lab_2/Release/_sds/.data/main.o.xml
arm-none-eabi-objcopy -O binary --set-section-flags .xdinfo=alloc --only-section=.xdinfo C:/Users/Naimu/workspace/lab_2/Release/src/mmult.o C:/Users/Naimu/workspace/lab_2/Release/_sds/.data/xdinfo.xml
arm-none-eabi-objcopy -O binary --set-section-flags .xddata=alloc --only-section=.xddata C:/Users/Naimu/workspace/lab_2/Release/src/mmult.o C:/Users/Naimu/workspace/lab_2/Release/_sds/.data/xddata.xml
arm-none-eabi-objcopy -O binary --set-section-flags .xdsdata=alloc --only-section=.xdsdata C:/Users/Naimu/workspace/lab_2/Release/src/mmult.o C:/Users/Naimu/workspace/lab_2/Release/_sds/.data/mmult.o.xml
C:/Xilinx/SDx/2018.3/bin/build_xd_ip_db -ip_search 0  -sds-pf C:/Users/Naimu/workspace/lab_2/Release/.Xil/zed.hpfm  -ip C:/Users/Naimu/workspace/lab_2/Release/_sds/iprepo/repo/xilinx_com_hls_block_mmult_1_0 -ip C:/Users/Naimu/workspace/lab_2/Release/_sds/iprepo/repo/xilinx_com_hls_madd_1_0  -o C:/Users/Naimu/workspace/lab_2/Release/_sds/.cdb/xd_ip_db.xml  
INFO: Using user-defined path for XILINX_XD environment variable C:/Xilinx/SDx/2018.3
processing accelerators: C:/Users/Naimu/workspace/lab_2/Release/_sds/iprepo/repo/xilinx_com_hls_block_mmult_1_0
ip_dir: C:/Users/Naimu/workspace/lab_2/Release/_sds/iprepo/repo/xilinx_com_hls_block_mmult_1_0
C:/Xilinx/SDx/2018.3/bin/xsltproc --stringparam xpath "spirit:component/spirit:name/text()" C:/Xilinx/SDx/2018.3/scripts/xdcc/xpathValueOf.xsl C:/Users/Naimu/workspace/lab_2/Release/_sds/iprepo/repo/xilinx_com_hls_block_mmult_1_0/component.xml
ip_name: block_mmult
processing accelerators: C:/Users/Naimu/workspace/lab_2/Release/_sds/iprepo/repo/xilinx_com_hls_madd_1_0
ip_dir: C:/Users/Naimu/workspace/lab_2/Release/_sds/iprepo/repo/xilinx_com_hls_madd_1_0
C:/Xilinx/SDx/2018.3/bin/xsltproc --stringparam xpath "spirit:component/spirit:name/text()" C:/Xilinx/SDx/2018.3/scripts/xdcc/xpathValueOf.xsl C:/Users/Naimu/workspace/lab_2/Release/_sds/iprepo/repo/xilinx_com_hls_madd_1_0/component.xml
ip_name: madd
Generating data motion network
C:/Xilinx/SDx/2018.3/bin/llvm-link -o C:/Users/Naimu/workspace/lab_2/Release/_sds/.llvm/sds_all.o C:/Users/Naimu/workspace/lab_2/Release/_sds/.llvm/./src/block_mmult.s C:/Users/Naimu/workspace/lab_2/Release/_sds/.llvm/./src/madd.s C:/Users/Naimu/workspace/lab_2/Release/_sds/.llvm/./src/main.s C:/Users/Naimu/workspace/lab_2/Release/_sds/.llvm/./src/mmult.s

C:\Users\Naimu\workspace\lab_2\Release>C:\Xilinx\SDx\2018.3\llvm-clang\win64\llvm\bin\llvm-link.exe -o C:/Users/Naimu/workspace/lab_2/Release/_sds/.llvm/sds_all.o C:/Users/Naimu/workspace/lab_2/Release/_sds/.llvm/./src/block_mmult.s C:/Users/Naimu/workspace/lab_2/Release/_sds/.llvm/./src/madd.s C:/Users/Naimu/workspace/lab_2/Release/_sds/.llvm/./src/main.s C:/Users/Naimu/workspace/lab_2/Release/_sds/.llvm/./src/mmult.s 

C:\Users\Naimu\workspace\lab_2\Release>exit /b 0 
C:/Xilinx/SDx/2018.3/bin/XidanePass  --dmclkid 2  --repo C:/Users/Naimu/workspace/lab_2/Release/_sds/.cdb/xd_ip_db.xml  --dmdb C:/Xilinx/SDx/2018.3/data/DM.db   -os standalone -processor cortex-a9 -partition 0  

C:\Users\Naimu\workspace\lab_2\Release\_sds\.llvm>opt -disable-output -mem2reg -basicaa -XidanePass --dmclkid 2 --repo C:/Users/Naimu/workspace/lab_2/Release/_sds/.cdb/xd_ip_db.xml --dmdb C:/Xilinx/SDx/2018.3/data/DM.db -os standalone -processor cortex-a9 -partition 0  0<sds_all.o 
INFO: [DMAnalysis 83-4494] Analyzing hardware accelerators...
WARNING: [DMAnalysis 83-4502] Function mmult @ ../src/mmultadd.h is not a HW accelerator but has SDS pragma applied
INFO: [DMAnalysis 83-4497] Analyzing callers to hardware accelerators...
INFO: [DMAnalysis 83-4444] Scheduling data transfer graph for partition 0
INFO: [DMAnalysis 83-4446] Creating data motion network hardware for partition 0
INFO: [DMAnalysis 83-4448] Creating software stub functions for partition 0
INFO: [DMAnalysis 83-4450] Generating data motion network report for partition 0
INFO: [DMAnalysis 83-4454] Rewriting caller code
Removing implementation files from previous run C:/Users/Naimu/workspace/lab_2/Release/_sds/p0/vivado
Removing implementation files from previous run C:/Users/Naimu/workspace/lab_2/Release/_sds/p0/vpl
Creating block diagram (BD)
C:/Xilinx/SDx/2018.3/bin/sdx_link  -cf-system C:/Users/Naimu/workspace/lab_2/Release/_sds/.llvm/apsys_0.xml  -cf-db  C:/Users/Naimu/workspace/lab_2/Release/_sds/.cdb/xd_ip_db.xml  -xpfm C:/Xilinx/SDx/2018.3/platforms/zed/zed.xpfm   -multi-clks -trace-buffer 1024 -os baremetal -quiet
Creating top.bd.tcl
C:/Xilinx/SDx/2018.3/bin/cf2sw  -i C:/Users/Naimu/workspace/lab_2/Release/_sds/.llvm/apsys_0.xml  -r C:/Users/Naimu/workspace/lab_2/Release/_sds/.cdb/xd_ip_db.xml  -pollMode 0 -mc
Rewrite caller functions
arm-none-eabi-objcopy -O binary --set-section-flags .xdinfo=alloc --only-section=.xdinfo C:/Users/Naimu/workspace/lab_2/Release/src/main.o C:/Users/Naimu/workspace/lab_2/Release/_sds/.data/xdinfo.xml
arm-none-eabi-objcopy -O binary --set-section-flags .xddata=alloc --only-section=.xddata C:/Users/Naimu/workspace/lab_2/Release/src/main.o C:/Users/Naimu/workspace/lab_2/Release/_sds/.data/xddata.xml
arm-none-eabi-objcopy -O binary --set-section-flags .xdsdata=alloc --only-section=.xdsdata C:/Users/Naimu/workspace/lab_2/Release/src/main.o C:/Users/Naimu/workspace/lab_2/Release/_sds/.data/main.o.xml
C:/Xilinx/SDx/2018.3/bin/caller_rewrite  -rewrite C:/Users/Naimu/workspace/lab_2/Release/_sds/.llvm/caller0.cfrewrite  -o C:/Users/Naimu/workspace/lab_2/Release/_sds/swstubs/main.cpp  C:/Users/Naimu/workspace/lab_2/Release/_sds/swstubs/unix_main.cpp  --  -c  -IC:/Users/Naimu/workspace/lab_2/src -IC:/Users/Naimu/workspace/lab_2/src -Wall -O3 -fmessage-length=0 -MMD -MP -D __SDSCC__  -target arm-none-eabi -mcpu=cortex-a9 -mfpu=vfpv3 -O0 -g -w      -I C:/Xilinx/SDx/2018.3/target/aarch32-none/include  -D HLS_NO_XIL_FPO_LIB  -I C:/Xilinx/Vivado/2018.3/include   -IC:/Xilinx/SDK/2018.3/gnu/aarch32/nt/gcc-arm-none-eabi/arm-none-eabi/include/c++/7.3.1 -IC:/Xilinx/SDK/2018.3/gnu/aarch32/nt/gcc-arm-none-eabi/arm-none-eabi/include/c++/7.3.1/arm-none-eabi -IC:/Xilinx/SDK/2018.3/gnu/aarch32/nt/gcc-arm-none-eabi/arm-none-eabi/include/c++/7.3.1/backward -IC:/Xilinx/SDK/2018.3/gnu/aarch32/nt/gcc-arm-none-eabi/lib/gcc/arm-none-eabi/7.3.1/include -IC:/Xilinx/SDK/2018.3/gnu/aarch32/nt/gcc-arm-none-eabi/lib/gcc/arm-none-eabi/7.3.1/include-fixed -IC:/Xilinx/SDK/2018.3/gnu/aarch32/nt/gcc-arm-none-eabi/arm-none-eabi/include -IC:/Xilinx/SDK/2018.3/gnu/aarch32/nt/gcc-arm-none-eabi/arm-none-eabi/libc/usr/include  -std=c++11
Compile caller rewrite file C:/Users/Naimu/workspace/lab_2/Release/_sds/swstubs/main.cpp
arm-none-eabi-g++  -c C:/Users/Naimu/workspace/lab_2/Release/_sds/swstubs/main.cpp  -IC:/Users/Naimu/workspace/lab_2/src -IC:/Users/Naimu/workspace/lab_2/src -Wall -O3 -fmessage-length=0 -MMD -MP -D __SDSCC__  -mcpu=cortex-a9 -mfpu=vfpv3 -mfloat-abi=hard      -I C:/Xilinx/SDx/2018.3/target/aarch32-none/include  -D HLS_NO_XIL_FPO_LIB  -I C:/Xilinx/Vivado/2018.3/include  -o C:/Users/Naimu/workspace/lab_2/Release/_sds/swstubs/main.o
Prepare hardware access API functions
Create accelerator stub functions
C:/Xilinx/SDx/2018.3/bin/stub_gen  -func "block_mmult" -stub C:/Users/Naimu/workspace/lab_2/Release/_sds/.llvm/block_mmult.cfrewrite  -o C:/Users/Naimu/workspace/lab_2/Release/_sds/swstubs/block_mmult.cpp  C:/Users/Naimu/workspace/lab_2/Release/_sds/swstubs/unix_block_mmult.cpp  --  -c  -IC:/Users/Naimu/workspace/lab_2/src -IC:/Users/Naimu/workspace/lab_2/src -Wall -O3 -fmessage-length=0 -MMD -MP -D __SDSCC__  -target arm-none-eabi -mcpu=cortex-a9 -mfpu=vfpv3 -O0 -g -w      -I C:/Xilinx/SDx/2018.3/target/aarch32-none/include  -D HLS_NO_XIL_FPO_LIB  -I C:/Xilinx/Vivado/2018.3/include   -IC:/Xilinx/SDK/2018.3/gnu/aarch32/nt/gcc-arm-none-eabi/arm-none-eabi/include/c++/7.3.1 -IC:/Xilinx/SDK/2018.3/gnu/aarch32/nt/gcc-arm-none-eabi/arm-none-eabi/include/c++/7.3.1/arm-none-eabi -IC:/Xilinx/SDK/2018.3/gnu/aarch32/nt/gcc-arm-none-eabi/arm-none-eabi/include/c++/7.3.1/backward -IC:/Xilinx/SDK/2018.3/gnu/aarch32/nt/gcc-arm-none-eabi/lib/gcc/arm-none-eabi/7.3.1/include -IC:/Xilinx/SDK/2018.3/gnu/aarch32/nt/gcc-arm-none-eabi/lib/gcc/arm-none-eabi/7.3.1/include-fixed -IC:/Xilinx/SDK/2018.3/gnu/aarch32/nt/gcc-arm-none-eabi/arm-none-eabi/include -IC:/Xilinx/SDK/2018.3/gnu/aarch32/nt/gcc-arm-none-eabi/arm-none-eabi/libc/usr/include  -std=c++11
C:/Xilinx/SDx/2018.3/bin/stub_gen  -func "madd" -stub C:/Users/Naimu/workspace/lab_2/Release/_sds/.llvm/madd.cfrewrite  -o C:/Users/Naimu/workspace/lab_2/Release/_sds/swstubs/madd.cpp  C:/Users/Naimu/workspace/lab_2/Release/_sds/swstubs/unix_madd.cpp  --  -c  -IC:/Users/Naimu/workspace/lab_2/src -IC:/Users/Naimu/workspace/lab_2/src -Wall -O3 -fmessage-length=0 -MMD -MP -D __SDSCC__  -target arm-none-eabi -mcpu=cortex-a9 -mfpu=vfpv3 -O0 -g -w      -I C:/Xilinx/SDx/2018.3/target/aarch32-none/include  -D HLS_NO_XIL_FPO_LIB  -I C:/Xilinx/Vivado/2018.3/include   -IC:/Xilinx/SDK/2018.3/gnu/aarch32/nt/gcc-arm-none-eabi/arm-none-eabi/include/c++/7.3.1 -IC:/Xilinx/SDK/2018.3/gnu/aarch32/nt/gcc-arm-none-eabi/arm-none-eabi/include/c++/7.3.1/arm-none-eabi -IC:/Xilinx/SDK/2018.3/gnu/aarch32/nt/gcc-arm-none-eabi/arm-none-eabi/include/c++/7.3.1/backward -IC:/Xilinx/SDK/2018.3/gnu/aarch32/nt/gcc-arm-none-eabi/lib/gcc/arm-none-eabi/7.3.1/include -IC:/Xilinx/SDK/2018.3/gnu/aarch32/nt/gcc-arm-none-eabi/lib/gcc/arm-none-eabi/7.3.1/include-fixed -IC:/Xilinx/SDK/2018.3/gnu/aarch32/nt/gcc-arm-none-eabi/arm-none-eabi/include -IC:/Xilinx/SDK/2018.3/gnu/aarch32/nt/gcc-arm-none-eabi/arm-none-eabi/libc/usr/include  -std=c++11
Compile hardware access API functions
arm-none-eabi-gcc   -mcpu=cortex-a9 -mfpu=vfpv3 -mfloat-abi=hard      -I C:/Xilinx/SDx/2018.3/target/aarch32-none/include  -D HLS_NO_XIL_FPO_LIB  -I C:/Xilinx/Vivado/2018.3/include -c  C:/Users/Naimu/workspace/lab_2/Release/_sds/swstubs/portinfo.c
arm-none-eabi-g++  -mcpu=cortex-a9 -mfpu=vfpv3 -mfloat-abi=hard      -I C:/Xilinx/SDx/2018.3/target/aarch32-none/include  -D HLS_NO_XIL_FPO_LIB  -I C:/Xilinx/Vivado/2018.3/include -c  C:/Users/Naimu/workspace/lab_2/Release/_sds/swstubs/cf_stub.c
arm-none-eabi-ar crs C:/Users/Naimu/workspace/lab_2/Release/_sds/swstubs/libxlnk_stub.a C:/Users/Naimu/workspace/lab_2/Release/_sds/swstubs/portinfo.o C:/Users/Naimu/workspace/lab_2/Release/_sds/swstubs/cf_stub.o
Compile accelerator stub functions
arm-none-eabi-g++ -c block_mmult.cpp  -IC:/Users/Naimu/workspace/lab_2/src -IC:/Users/Naimu/workspace/lab_2/src -Wall -O3 -fmessage-length=0 -MMD -MP -D __SDSCC__  -mcpu=cortex-a9 -mfpu=vfpv3 -mfloat-abi=hard      -I C:/Xilinx/SDx/2018.3/target/aarch32-none/include  -D HLS_NO_XIL_FPO_LIB  -I C:/Xilinx/Vivado/2018.3/include -o block_mmult.o
arm-none-eabi-g++ -c madd.cpp  -IC:/Users/Naimu/workspace/lab_2/src -IC:/Users/Naimu/workspace/lab_2/src -Wall -O3 -fmessage-length=0 -MMD -MP -D __SDSCC__  -mcpu=cortex-a9 -mfpu=vfpv3 -mfloat-abi=hard      -I C:/Xilinx/SDx/2018.3/target/aarch32-none/include  -D HLS_NO_XIL_FPO_LIB  -I C:/Xilinx/Vivado/2018.3/include -o madd.o
arm-none-eabi-ar crs C:/Users/Naimu/workspace/lab_2/Release/_sds/swstubs/liblab_2.a C:/Users/Naimu/workspace/lab_2/Release/_sds/swstubs/portinfo.o C:/Users/Naimu/workspace/lab_2/Release/_sds/swstubs/cf_stub.o C:/Users/Naimu/workspace/lab_2/Release/_sds/swstubs/block_mmult.o C:/Users/Naimu/workspace/lab_2/Release/_sds/swstubs/madd.o
C:/Xilinx/SDK/2018.3/bin/hsi  -mode batch -notrace -quiet -source C:/Users/Naimu/workspace/lab_2/Release/_sds/swstubs/standalone_bsp/create_bsp.tcl
INFO: [Hsi 55-1698] elapsed time for repository loading 5 seconds
open_hw_design: Time (s): cpu = 00:00:07 ; elapsed = 00:00:17 . Memory (MB): peak = 189.758 ; gain = 106.191
generate_bsp: Time (s): cpu = 00:00:01 ; elapsed = 00:00:10 . Memory (MB): peak = 191.848 ; gain = 2.090
Create board support package library
C:/Xilinx/SDx/2018.3/bin/xsct  -sdx -quiet C:/Users/Naimu/workspace/lab_2/Release/_sds/swstubs/standalone_bsp/create_bsp_post.tcl
INFO: [Hsi 55-1698] elapsed time for repository loading 0 seconds
hsi::open_hw_design: Time (s): cpu = 00:00:07 ; elapsed = 00:00:08 . Memory (MB): peak = 157.539 ; gain = 133.043
"Running Make include in ps7_cortexa9_0/libsrc/coresightps_dcc_v1_4/src"

"Running Make include in ps7_cortexa9_0/libsrc/cpu_cortexa9_v2_7/src"

"Running Make include in ps7_cortexa9_0/libsrc/ddrps_v1_0/src"

"Running Make include in ps7_cortexa9_0/libsrc/devcfg_v3_5/src"

"Running Make include in ps7_cortexa9_0/libsrc/dmaps_v2_4/src"

"Running Make include in ps7_cortexa9_0/libsrc/emacps_v3_8/src"

"Running Make include in ps7_cortexa9_0/libsrc/gpiops_v3_4/src"

"Running Make include in ps7_cortexa9_0/libsrc/qspips_v3_5/src"

"Running Make include in ps7_cortexa9_0/libsrc/scugic_v3_10/src"

"Running Make include in ps7_cortexa9_0/libsrc/scutimer_v2_1/src"

"Running Make include in ps7_cortexa9_0/libsrc/scuwdt_v2_1/src"

"Running Make include in ps7_cortexa9_0/libsrc/sdps_v3_6/src"

"Running Make include in ps7_cortexa9_0/libsrc/standalone_v6_8/src"

"Running Make include in ps7_cortexa9_0/libsrc/ttcps_v3_7/src"

"Running Make include in ps7_cortexa9_0/libsrc/uartps_v3_7/src"

"Running Make include in ps7_cortexa9_0/libsrc/usbps_v2_4/src"

"Running Make include in ps7_cortexa9_0/libsrc/xadcps_v2_3/src"

"Running Make include in ps7_cortexa9_0/libsrc/xilffs_v3_7/src"

"Running Make libs in ps7_cortexa9_0/libsrc/coresightps_dcc_v1_4/src"

"Compiling coresightps_dcc"

arm-none-eabi-ar: creating ../../../lib/libxil.a

"Running Make libs in ps7_cortexa9_0/libsrc/cpu_cortexa9_v2_7/src"

"Compiling cpu_cortexa9"

"Running Make libs in ps7_cortexa9_0/libsrc/ddrps_v1_0/src"

"Compiling ddrps"

"Running Make libs in ps7_cortexa9_0/libsrc/devcfg_v3_5/src"

"Compiling devcfg"

"Running Make libs in ps7_cortexa9_0/libsrc/dmaps_v2_4/src"

"Compiling dmaps"

"Running Make libs in ps7_cortexa9_0/libsrc/emacps_v3_8/src"

"Compiling emacps"

"Running Make libs in ps7_cortexa9_0/libsrc/gpiops_v3_4/src"

"Compiling gpiops"

"Running Make libs in ps7_cortexa9_0/libsrc/qspips_v3_5/src"

"Compiling qspips"

"Running Make libs in ps7_cortexa9_0/libsrc/scugic_v3_10/src"

"Compiling scugic"

"Running Make libs in ps7_cortexa9_0/libsrc/scutimer_v2_1/src"

"Compiling scutimer"

"Running Make libs in ps7_cortexa9_0/libsrc/scuwdt_v2_1/src"

"Compiling scuwdt"

"Running Make libs in ps7_cortexa9_0/libsrc/sdps_v3_6/src"

"Compiling sdps"

"Running Make libs in ps7_cortexa9_0/libsrc/standalone_v6_8/src"

"Compiling standalone"

In file included from usleep.c:56:0:

xtime_l.h:87:9: note: #pragma message: For the sleep routines, Global timer is being used

 #pragma message ("For the sleep routines, Global timer is being used")

         ^~~~~~~

In file included from xil_sleeptimer.c:51:0:

xtime_l.h:87:9: note: #pragma message: For the sleep routines, Global timer is being used

 #pragma message ("For the sleep routines, Global timer is being used")

         ^~~~~~~

In file included from xtime_l.c:49:0:

xtime_l.h:87:9: note: #pragma message: For the sleep routines, Global timer is being used

 #pragma message ("For the sleep routines, Global timer is being used")

         ^~~~~~~

In file included from sleep.c:53:0:

xtime_l.h:87:9: note: #pragma message: For the sleep routines, Global timer is being used

 #pragma message ("For the sleep routines, Global timer is being used")

         ^~~~~~~

"Running Make libs in ps7_cortexa9_0/libsrc/ttcps_v3_7/src"

"Compiling ttcps"

"Running Make libs in ps7_cortexa9_0/libsrc/uartps_v3_7/src"

"Compiling uartps"

"Running Make libs in ps7_cortexa9_0/libsrc/usbps_v2_4/src"

"Compiling usbps"

"Running Make libs in ps7_cortexa9_0/libsrc/xadcps_v2_3/src"

"Compiling xadcps"

"Running Make libs in ps7_cortexa9_0/libsrc/xilffs_v3_7/src"

"Compiling XilFFs Library"

diskio.c:135:11: warning: 'ExtCsd' defined but not used [-Wunused-variable]

 static u8 ExtCsd[512] __attribute__ ((aligned(32)));

           ^~~~~~

'Finished building libraries'

hsi::generate_bsp: Time (s): cpu = 00:00:00 ; elapsed = 00:00:57 . Memory (MB): peak = 160.992 ; gain = 2.191
Preliminary link application ELF
arm-none-eabi-g++ -mcpu=cortex-a9 -mfpu=vfpv3 -mfloat-abi=hard -Wl,--build-id=none -specs=C:/Xilinx/SDx/2018.3/data/toolchain/aarch32-none.spec -Wl,-T -Wl,C:/Xilinx/SDx/2018.3/platforms/zed/sw/standalone/standalone/lscript.ld  C:/Users/Naimu/workspace/lab_2/Release/_sds/swstubs/block_mmult.o C:/Users/Naimu/workspace/lab_2/Release/_sds/swstubs/madd.o C:/Users/Naimu/workspace/lab_2/Release/src/mmult.o C:/Users/Naimu/workspace/lab_2/Release/_sds/swstubs/main.o   -L C:/Users/Naimu/workspace/lab_2/Release/_sds/swstubs/standalone_bsp/ps7_cortexa9_0/lib   -LC:/Users/Naimu/workspace/lab_2/Release/_sds/swstubs -Wl,--start-group -lstdc++ -Wl,--end-group -Wl,--start-group   -lsds_link  -LC:/Xilinx/SDx/2018.3/target/aarch32-none/lib -lsds_lib -lxlnk_stub  -Wl,--end-group -o C:/Users/Naimu/workspace/lab_2/Release/_sds/swstubs/lab_2.elf -Wl,--start-group,-lxil,-lgcc,-lc,--end-group -Wl,--start-group,-lxilffs,-lxil,-lgcc,-lc,--end-group

arm-none-eabi-objcopy -R .xdinfo -R .xddata -R .xdasm -R .xdfcnmap -R .xdhlscore -R .xdif -R .xdparams -R .xdcore -R .xdrepo -R .xdsdata -R .xdpp -R .xdrtlx C:/Users/Naimu/workspace/lab_2/Release/_sds/swstubs/lab_2.elf
Enable generation of hardware programming files
Calling VPL
C:/Xilinx/SDx/2018.3/bin/vpl   --iprepo C:/Users/Naimu/workspace/lab_2/Release/_sds/iprepo/repo  --iprepo C:/Xilinx/SDx/2018.3/data/ip/xilinx  --platform C:/Xilinx/SDx/2018.3/platforms/zed/zed.xpfm  --temp_dir C:/Users/Naimu/workspace/lab_2/Release/_sds/p0  --output_dir C:/Users/Naimu/workspace/lab_2/Release/_sds/p0/vpl  --input_file C:/Users/Naimu/workspace/lab_2/Release/_sds/p0/.xsd/top.bd.tcl  --target hw   --save_temps  --kernels block_mmult:madd:adapter --webtalk_flag SDSoC  --remote_ip_cache C:/Users/Naimu/workspace/ip_cache --xp \"param:compiler.deleteDefaultReportConfigs=false\" 

****** vpl v2018.3 (64-bit)
  **** SW Build 2405991 on Thu Dec  6 23:38:27 MST 2018
    ** Copyright 1986-2018 Xilinx, Inc. All Rights Reserved.

Attempting to get a license: ap_opencl
WARNING: [VPL 17-301] Failed to get a license for 'ap_opencl'. Explanation: The license feature ap_opencl could not be found.
Resolution: Check the status of your licenses in the Vivado License Manager. For debug help search Xilinx Support for "Licensing FAQ". 
Attempting to get a license: ap_sdsoc
Feature available: ap_sdsoc
INFO: [VPL 60-895]   Target platform: C:/Xilinx/SDx/2018.3/platforms/zed/zed.xpfm
INFO: [VPL 60-423]   Target device: zed
INFO: [VPL 60-1032] Extracting DSA to C:/Users/Naimu/workspace/lab_2/Release/_sds/p0/vivado/.local/dsa
INFO: [VPL 60-251]   Hardware accelerator integration...
Creating Vivado project and starting FPGA synthesis.
[11:34:18] Block-level synthesis in progress, 0 of 1 jobs complete, 1 job running.
[11:35:19] Block-level synthesis in progress, 0 of 1 jobs complete, 1 job running.
[11:36:19] Block-level synthesis in progress, 0 of 1 jobs complete, 1 job running.
[11:37:19] Block-level synthesis in progress, 0 of 1 jobs complete, 1 job running.
[11:38:20] Block-level synthesis in progress, 0 of 1 jobs complete, 1 job running.
[11:39:20] Block-level synthesis in progress, 0 of 1 jobs complete, 1 job running.
[11:40:21] Block-level synthesis in progress, 0 of 1 jobs complete, 1 job running.
[11:41:21] Block-level synthesis in progress, 0 of 1 jobs complete, 1 job running.
[11:42:22] Block-level synthesis in progress, 0 of 1 jobs complete, 1 job running.
[11:43:22] Block-level synthesis in progress, 0 of 1 jobs complete, 1 job running.
[11:44:23] Block-level synthesis in progress, 1 of 1 jobs complete, 0 jobs running.
[11:45:23] Block-level synthesis in progress, 1 of 1 jobs complete, 0 jobs running.
[11:46:24] Top-level synthesis in progress.
[11:51:09] Finished 2nd of 6 tasks (FPGA linking synthesized kernels to platform). Elapsed time: 00h 36m 21s 

[11:51:09] Starting logic optimization..
[11:51:31] Phase 1 Retarget
[11:51:41] Phase 2 Constant propagation
[11:51:47] Phase 3 Sweep
[11:51:58] Phase 4 BUFG optimization
[11:52:03] Phase 5 Shift Register Optimization
[11:52:19] Phase 6 Post Processing Netlist
[11:54:14] Finished 3rd of 6 tasks (FPGA logic optimization). Elapsed time: 00h 03m 04s 

[11:54:14] Starting logic placement..
[11:54:19] Phase 1 Placer Initialization
[11:54:19] Phase 1.1 Placer Initialization Netlist Sorting
[11:54:25] Phase 1.2 IO Placement/ Clock Placement/ Build Placer Device
[11:54:46] Phase 1.3 Build Placer Netlist Model
[11:55:24] Phase 1.4 Constrain Clocks/Macros
[11:55:24] Phase 2 Global Placement
[11:55:24] Phase 2.1 Floorplanning
[11:57:28] Phase 2.2 Physical Synthesis In Placer
[11:57:39] Phase 3 Detail Placement
[11:57:39] Phase 3.1 Commit Multi Column Macros
[11:57:50] Phase 3.2 Commit Most Macros & LUTRAMs
[11:58:01] Phase 3.3 Area Swap Optimization
[11:58:01] Phase 3.4 Pipeline Register Optimization
[11:58:01] Phase 3.5 Fast Optimization
[11:58:18] Phase 3.6 Small Shape Detail Placement
[11:58:56] Phase 3.7 Re-assign LUT pins
[11:59:07] Phase 3.8 Pipeline Register Optimization
[11:59:07] Phase 4 Post Placement Optimization and Clean-Up
[11:59:07] Phase 4.1 Post Commit Optimization
[11:59:39] Phase 4.1.1 Post Placement Optimization
[11:59:39] Phase 4.1.1.1 BUFG Insertion
[11:59:45] Phase 4.2 Post Placement Cleanup
[11:59:45] Phase 4.3 Placer Reporting
[11:59:45] Phase 4.4 Final Placement Cleanup
[11:59:50] Finished 4th of 6 tasks (FPGA logic placement). Elapsed time: 00h 05m 36s 

[11:59:50] Starting logic routing..
[12:00:01] Phase 1 Build RT Design
[12:01:17] Phase 2 Router Initialization
[12:01:17] Phase 2.1 Create Timer
[12:01:17] Phase 2.2 Fix Topology Constraints
[12:01:17] Phase 2.3 Pre Route Cleanup
[12:01:23] Phase 2.4 Update Timing
[12:02:17] Phase 3 Initial Routing
[12:02:44] Phase 4 Rip-up And Reroute
[12:02:44] Phase 4.1 Global Iteration 0
[12:03:50] Phase 4.2 Global Iteration 1
[12:03:55] Phase 5 Delay and Skew Optimization
[12:03:55] Phase 5.1 Delay CleanUp
[12:03:55] Phase 5.1.1 Update Timing
[12:04:00] Phase 5.2 Clock Skew Optimization
[12:04:00] Phase 6 Post Hold Fix
[12:04:00] Phase 6.1 Hold Fix Iter
[12:04:00] Phase 6.1.1 Update Timing
[12:04:11] Phase 7 Route finalize
[12:04:11] Phase 8 Verifying routed nets
[12:04:11] Phase 9 Depositing Routes
[12:04:22] Phase 10 Post Router Timing
[12:04:22] Finished 5th of 6 tasks (FPGA routing). Elapsed time: 00h 04m 32s 

[12:04:22] Starting bitstream generation..
[12:08:13] Creating bitmap...
[12:09:08] Writing bitstream ./zed_wrapper.bit...
[12:09:08] Finished 6th of 6 tasks (FPGA bitstream generation). Elapsed time: 00h 04m 45s 

INFO: [VPL 60-841] Created output file: C:/Users/Naimu/workspace/lab_2/Release/_sds/p0/vpl/address_map.xml
INFO: [VPL 60-841] Created output file: C:/Users/Naimu/workspace/lab_2/Release/_sds/p0/vpl/system.bit
INFO: [VPL 60-841] Created output file: C:/Users/Naimu/workspace/lab_2/Release/_sds/p0/vpl/system.hdf
INFO: [VPL 60-841] Created output file: C:/Users/Naimu/workspace/lab_2/Release/_sds/p0/vpl/_new_clk_freq
C:/Xilinx/SDx/2018.3/bin/cf2sw  -i C:/Users/Naimu/workspace/lab_2/Release/_sds/.llvm/apsys_0.xml  -r C:/Users/Naimu/workspace/lab_2/Release/_sds/.cdb/xd_ip_db.xml  -a address_map.xml  -pollMode 0 -mc
Software tracing enabled
Compile hardware access API functions
arm-none-eabi-gcc   -mcpu=cortex-a9 -mfpu=vfpv3 -mfloat-abi=hard      -I C:/Xilinx/SDx/2018.3/target/aarch32-none/include  -D HLS_NO_XIL_FPO_LIB  -I C:/Xilinx/Vivado/2018.3/include -c  C:/Users/Naimu/workspace/lab_2/Release/_sds/swstubs/portinfo.c
arm-none-eabi-g++  -mcpu=cortex-a9 -mfpu=vfpv3 -mfloat-abi=hard      -I C:/Xilinx/SDx/2018.3/target/aarch32-none/include  -D HLS_NO_XIL_FPO_LIB  -I C:/Xilinx/Vivado/2018.3/include -c  C:/Users/Naimu/workspace/lab_2/Release/_sds/swstubs/cf_stub.c
arm-none-eabi-ar crs C:/Users/Naimu/workspace/lab_2/Release/_sds/swstubs/libxlnk_stub.a C:/Users/Naimu/workspace/lab_2/Release/_sds/swstubs/portinfo.o C:/Users/Naimu/workspace/lab_2/Release/_sds/swstubs/cf_stub.o
arm-none-eabi-ar crs C:/Users/Naimu/workspace/lab_2/Release/_sds/swstubs/liblab_2.a C:/Users/Naimu/workspace/lab_2/Release/_sds/swstubs/portinfo.o C:/Users/Naimu/workspace/lab_2/Release/_sds/swstubs/cf_stub.o C:/Users/Naimu/workspace/lab_2/Release/_sds/swstubs/block_mmult.o C:/Users/Naimu/workspace/lab_2/Release/_sds/swstubs/madd.o
C:/Xilinx/SDK/2018.3/bin/hsi  -mode batch -notrace -quiet -source C:/Users/Naimu/workspace/lab_2/Release/_sds/swstubs/standalone_bsp/create_bsp.tcl
INFO: [Hsi 55-1698] elapsed time for repository loading 6 seconds
open_hw_design: Time (s): cpu = 00:00:19 ; elapsed = 00:00:29 . Memory (MB): peak = 209.906 ; gain = 126.484
generate_bsp: Time (s): cpu = 00:00:01 ; elapsed = 00:00:10 . Memory (MB): peak = 211.840 ; gain = 1.934
Create board support package library
C:/Xilinx/SDx/2018.3/bin/xsct  -sdx -quiet C:/Users/Naimu/workspace/lab_2/Release/_sds/swstubs/standalone_bsp/create_bsp_post.tcl
INFO: [Hsi 55-1698] elapsed time for repository loading 0 seconds
hsi::open_hw_design: Time (s): cpu = 00:00:19 ; elapsed = 00:00:21 . Memory (MB): peak = 176.785 ; gain = 152.133
"Running Make include in ps7_cortexa9_0/libsrc/axidma_v9_8/src"

"Running Make include in ps7_cortexa9_0/libsrc/coresightps_dcc_v1_4/src"

"Running Make include in ps7_cortexa9_0/libsrc/cpu_cortexa9_v2_7/src"

"Running Make include in ps7_cortexa9_0/libsrc/ddrps_v1_0/src"

"Running Make include in ps7_cortexa9_0/libsrc/devcfg_v3_5/src"

"Running Make include in ps7_cortexa9_0/libsrc/dmaps_v2_4/src"

"Running Make include in ps7_cortexa9_0/libsrc/emacps_v3_8/src"

"Running Make include in ps7_cortexa9_0/libsrc/gpiops_v3_4/src"

"Running Make include in ps7_cortexa9_0/libsrc/qspips_v3_5/src"

"Running Make include in ps7_cortexa9_0/libsrc/scugic_v3_10/src"

"Running Make include in ps7_cortexa9_0/libsrc/scutimer_v2_1/src"

"Running Make include in ps7_cortexa9_0/libsrc/scuwdt_v2_1/src"

"Running Make include in ps7_cortexa9_0/libsrc/sdps_v3_6/src"

"Running Make include in ps7_cortexa9_0/libsrc/standalone_v6_8/src"

"Running Make include in ps7_cortexa9_0/libsrc/ttcps_v3_7/src"

"Running Make include in ps7_cortexa9_0/libsrc/uartps_v3_7/src"

"Running Make include in ps7_cortexa9_0/libsrc/usbps_v2_4/src"

"Running Make include in ps7_cortexa9_0/libsrc/xadcps_v2_3/src"

"Running Make include in ps7_cortexa9_0/libsrc/xilffs_v3_7/src"

"Running Make libs in ps7_cortexa9_0/libsrc/axidma_v9_8/src"

"Compiling axidma"

arm-none-eabi-ar: creating ../../../lib/libxil.a

"Running Make libs in ps7_cortexa9_0/libsrc/coresightps_dcc_v1_4/src"

"Compiling coresightps_dcc"

"Running Make libs in ps7_cortexa9_0/libsrc/cpu_cortexa9_v2_7/src"

"Compiling cpu_cortexa9"

"Running Make libs in ps7_cortexa9_0/libsrc/ddrps_v1_0/src"

"Compiling ddrps"

"Running Make libs in ps7_cortexa9_0/libsrc/devcfg_v3_5/src"

"Compiling devcfg"

"Running Make libs in ps7_cortexa9_0/libsrc/dmaps_v2_4/src"

"Compiling dmaps"

"Running Make libs in ps7_cortexa9_0/libsrc/emacps_v3_8/src"

"Compiling emacps"

"Running Make libs in ps7_cortexa9_0/libsrc/gpiops_v3_4/src"

"Compiling gpiops"

"Running Make libs in ps7_cortexa9_0/libsrc/qspips_v3_5/src"

"Compiling qspips"

"Running Make libs in ps7_cortexa9_0/libsrc/scugic_v3_10/src"

"Compiling scugic"

"Running Make libs in ps7_cortexa9_0/libsrc/scutimer_v2_1/src"

"Compiling scutimer"

"Running Make libs in ps7_cortexa9_0/libsrc/scuwdt_v2_1/src"

"Compiling scuwdt"

"Running Make libs in ps7_cortexa9_0/libsrc/sdps_v3_6/src"

"Compiling sdps"

"Running Make libs in ps7_cortexa9_0/libsrc/standalone_v6_8/src"

"Compiling standalone"

In file included from usleep.c:56:0:

xtime_l.h:87:9: note: #pragma message: For the sleep routines, Global timer is being used

 #pragma message ("For the sleep routines, Global timer is being used")

         ^~~~~~~

In file included from xil_sleeptimer.c:51:0:

xtime_l.h:87:9: note: #pragma message: For the sleep routines, Global timer is being used

 #pragma message ("For the sleep routines, Global timer is being used")

         ^~~~~~~

In file included from xtime_l.c:49:0:

xtime_l.h:87:9: note: #pragma message: For the sleep routines, Global timer is being used

 #pragma message ("For the sleep routines, Global timer is being used")

         ^~~~~~~

In file included from sleep.c:53:0:

xtime_l.h:87:9: note: #pragma message: For the sleep routines, Global timer is being used

 #pragma message ("For the sleep routines, Global timer is being used")

         ^~~~~~~

"Running Make libs in ps7_cortexa9_0/libsrc/ttcps_v3_7/src"

"Compiling ttcps"

"Running Make libs in ps7_cortexa9_0/libsrc/uartps_v3_7/src"

"Compiling uartps"

"Running Make libs in ps7_cortexa9_0/libsrc/usbps_v2_4/src"

"Compiling usbps"

"Running Make libs in ps7_cortexa9_0/libsrc/xadcps_v2_3/src"

"Compiling xadcps"

"Running Make libs in ps7_cortexa9_0/libsrc/xilffs_v3_7/src"

"Compiling XilFFs Library"

diskio.c:135:11: warning: 'ExtCsd' defined but not used [-Wunused-variable]

 static u8 ExtCsd[512] __attribute__ ((aligned(32)));

           ^~~~~~

'Finished building libraries'

hsi::generate_bsp: Time (s): cpu = 00:00:01 ; elapsed = 00:00:59 . Memory (MB): peak = 179.793 ; gain = 1.691
Link application ELF file
arm-none-eabi-g++ -mcpu=cortex-a9 -mfpu=vfpv3 -mfloat-abi=hard -Wl,--build-id=none -specs=C:/Xilinx/SDx/2018.3/data/toolchain/aarch32-none.spec -Wl,-T -Wl,C:/Xilinx/SDx/2018.3/platforms/zed/sw/standalone/standalone/lscript.ld  C:/Users/Naimu/workspace/lab_2/Release/_sds/swstubs/block_mmult.o C:/Users/Naimu/workspace/lab_2/Release/_sds/swstubs/madd.o C:/Users/Naimu/workspace/lab_2/Release/src/mmult.o C:/Users/Naimu/workspace/lab_2/Release/_sds/swstubs/main.o   -L C:/Users/Naimu/workspace/lab_2/Release/_sds/swstubs/standalone_bsp/ps7_cortexa9_0/lib   -LC:/Users/Naimu/workspace/lab_2/Release/_sds/swstubs -Wl,--start-group -lstdc++ -Wl,--end-group -Wl,--start-group     -LC:/Xilinx/SDx/2018.3/target/aarch32-none/lib -lsds_lib -lxlnk_stub  -Wl,--end-group -o C:/Users/Naimu/workspace/lab_2/Release/_sds/swstubs/lab_2.elf -Wl,--start-group,-lxil,-lgcc,-lc,--end-group -Wl,--start-group,-lxilffs,-lxil,-lgcc,-lc,--end-group

arm-none-eabi-objcopy -R .xdinfo -R .xddata -R .xdasm -R .xdfcnmap -R .xdhlscore -R .xdif -R .xdparams -R .xdcore -R .xdrepo -R .xdsdata -R .xdpp -R .xdrtlx C:/Users/Naimu/workspace/lab_2/Release/_sds/swstubs/lab_2.elf
All user specified timing constraints are met.
sds++ log file saved as C:/Users/Naimu/workspace/lab_2/Release/_sds/reports/sds.log
sds++ completed at Thu Mar 14 12:11:46 +0000 2019
