(c) Copyright 2012-2018 Xilinx, Inc. All Rights Reserved.
#-----------------------------------------------------------
# Tool version  : sds++ 2018.3 SW Build 2405991 on Thu Dec  6 23:39:10 MST 2018
# Start time    : Thu Mar 14 09:41:47 +0000 2019
# Command line  : sds++ -Wall -O3 -I../src -c -fmessage-length=0 -MTsrc/mmult.o -MMD -MP -MFsrc/mmult.d -MTsrc/mmult.o -o src/mmult.o ../src/mmult.cpp -sds-hw madd madd.cpp -clkid 2 -sds-end -sds-hw block_mmult block_mmult.cpp -clkid 2 -sds-end -sds-sys-config standalone -sds-proc standalone -sds-pf zed
# Log file      : C:/Users/Naimu/workspace/lab_2/Release/_sds/reports/sds_mmult.log
# Journal file  : C:/Users/Naimu/workspace/lab_2/Release/_sds/reports/sds_mmult.jou
# Report file   : C:/Users/Naimu/workspace/lab_2/Release/_sds/reports/sds_mmult.rpt
#-----------------------------------------------------------

Analyzing source for RTL template usage
C:/Xilinx/SDx/2018.3/bin/rtl_template_extract  C:/Users/Naimu/workspace/lab_2/src/mmult.cpp  -save-query C:/Users/Naimu/workspace/lab_2/Release/_sds/.llvm/src/mmult.rtlx  --  -c  -I../src  -Wall -fmessage-length=0 -MMD -MP -D __SDSCC__  
    -target arm-none-eabi -mcpu=cortex-a9 -mfpu=vfpv3 -O0 -g -w      -I C:/Xilinx/SDx/2018.3/target/aarch32-none/include  -D HLS_NO_XIL_FPO_LIB  -I C:/Xilinx/Vivado/2018.3/include   -IC:/Xilinx/SDK/2018.3/gnu/aarch32/nt/gcc-arm-none-eabi/arm-none-eabi/include/c++/7.3.1 -IC:/Xilinx/SDK/2018.3/gnu/aarch32/nt/gcc-arm-none-eabi/arm-none-eabi/include/c++/7.3.1/arm-none-eabi -IC:/Xilinx/SDK/2018.3/gnu/aarch32/nt/gcc-arm-none-eabi/arm-none-eabi/include/c++/7.3.1/backward -IC:/Xilinx/SDK/2018.3/gnu/aarch32/nt/gcc-arm-none-eabi/lib/gcc/arm-none-eabi/7.3.1/include -IC:/Xilinx/SDK/2018.3/gnu/aarch32/nt/gcc-arm-none-eabi/lib/gcc/arm-none-eabi/7.3.1/include-fixed -IC:/Xilinx/SDK/2018.3/gnu/aarch32/nt/gcc-arm-none-eabi/arm-none-eabi/include -IC:/Xilinx/SDK/2018.3/gnu/aarch32/nt/gcc-arm-none-eabi/arm-none-eabi/libc/usr/include  -std=c++11
Create data motion intermediate representation
C:/Xilinx/SDx/2018.3/bin/clang_wrapper  -I../src  -Wall -fmessage-length=0 -MMD -MP -D __SDSCC__  -target arm-none-eabi -mcpu=cortex-a9 -mfpu=vfpv3 -O0 -g       -I C:/Xilinx/SDx/2018.3/target/aarch32-none/include  -D HLS_NO_XIL_FPO_LIB  -I C:/Xilinx/Vivado/2018.3/include   -IC:/Xilinx/SDK/2018.3/gnu/aarch32/nt/gcc-arm-none-eabi/arm-none-eabi/include/c++/7.3.1 -IC:/Xilinx/SDK/2018.3/gnu/aarch32/nt/gcc-arm-none-eabi/arm-none-eabi/include/c++/7.3.1/arm-none-eabi -IC:/Xilinx/SDK/2018.3/gnu/aarch32/nt/gcc-arm-none-eabi/arm-none-eabi/include/c++/7.3.1/backward -IC:/Xilinx/SDK/2018.3/gnu/aarch32/nt/gcc-arm-none-eabi/lib/gcc/arm-none-eabi/7.3.1/include -IC:/Xilinx/SDK/2018.3/gnu/aarch32/nt/gcc-arm-none-eabi/lib/gcc/arm-none-eabi/7.3.1/include-fixed -IC:/Xilinx/SDK/2018.3/gnu/aarch32/nt/gcc-arm-none-eabi/arm-none-eabi/include -IC:/Xilinx/SDK/2018.3/gnu/aarch32/nt/gcc-arm-none-eabi/arm-none-eabi/libc/usr/include  -std=c++11  -emit-llvm -S C:/Users/Naimu/workspace/lab_2/src/mmult.cpp -o C:/Users/Naimu/workspace/lab_2/Release/_sds/.llvm/src/mmult.s

C:\Users\Naimu\workspace\lab_2\Release>C:\Xilinx\SDx\2018.3\llvm-clang\win64\llvm\bin\clang.exe -I../src -Wall -fmessage-length=0 -MMD -MP -D __SDSCC__ -target arm-none-eabi -mcpu=cortex-a9 -mfpu=vfpv3 -O0 -g -I C:/Xilinx/SDx/2018.3/target/aarch32-none/include -D HLS_NO_XIL_FPO_LIB -I C:/Xilinx/Vivado/2018.3/include -IC:/Xilinx/SDK/2018.3/gnu/aarch32/nt/gcc-arm-none-eabi/arm-none-eabi/include/c++/7.3.1 -IC:/Xilinx/SDK/2018.3/gnu/aarch32/nt/gcc-arm-none-eabi/arm-none-eabi/include/c++/7.3.1/arm-none-eabi -IC:/Xilinx/SDK/2018.3/gnu/aarch32/nt/gcc-arm-none-eabi/arm-none-eabi/include/c++/7.3.1/backward -IC:/Xilinx/SDK/2018.3/gnu/aarch32/nt/gcc-arm-none-eabi/lib/gcc/arm-none-eabi/7.3.1/include -IC:/Xilinx/SDK/2018.3/gnu/aarch32/nt/gcc-arm-none-eabi/lib/gcc/arm-none-eabi/7.3.1/include-fixed -IC:/Xilinx/SDK/2018.3/gnu/aarch32/nt/gcc-arm-none-eabi/arm-none-eabi/include -IC:/Xilinx/SDK/2018.3/gnu/aarch32/nt/gcc-arm-none-eabi/arm-none-eabi/libc/usr/include -std=c++11 -emit-llvm -S C:/Users/Naimu/workspace/lab_2/src/mmult.cpp -o C:/Users/Naimu/workspace/lab_2/Release/_sds/.llvm/src/mmult.s 

C:\Users\Naimu\workspace\lab_2\Release>exit /b 0 
Compiling C:/Users/Naimu/workspace/lab_2/src/mmult.cpp
arm-none-eabi-g++ -c -I../src -Wall -O3 -fmessage-length=0 -MMD -MP -D __SDSCC__ -MTC:/Users/Naimu/workspace/lab_2/Release/src/mmult.o -MFC:/Users/Naimu/workspace/lab_2/Release/src/mmult.d -MTC:/Users/Naimu/workspace/lab_2/Release/src/mmult.o -mcpu=cortex-a9 -mfpu=vfpv3 -mfloat-abi=hard      -I C:/Xilinx/SDx/2018.3/target/aarch32-none/include  -D HLS_NO_XIL_FPO_LIB  -I C:/Xilinx/Vivado/2018.3/include C:/Users/Naimu/workspace/lab_2/src/mmult.cpp -o src/mmult.o
arm-none-eabi-objcopy --add-section .xdsdata=C:/Users/Naimu/workspace/lab_2/Release/_sds/swstubs/mmult.o.xml src/mmult.o
sds++ log file saved as C:/Users/Naimu/workspace/lab_2/Release/_sds/reports/sds_mmult.log
sds++ completed at Thu Mar 14 09:41:53 +0000 2019
