

================================================================
== Vivado HLS Report for 'madd'
================================================================
* Date:           Tue Feb 19 11:49:36 2019

* Version:        2018.2 (Build 2258646 on Thu Jun 14 20:25:20 MDT 2018)
* Project:        madd
* Solution:       solution
* Product family: zynq
* Target device:  xc7z020clg484-1


================================================================
== Performance Estimates
================================================================
+ Timing (ns): 
    * Summary: 
    +--------+-------+----------+------------+
    |  Clock | Target| Estimated| Uncertainty|
    +--------+-------+----------+------------+
    |ap_clk  |  10.00|     7.256|        2.70|
    +--------+-------+----------+------------+

+ Latency (clock cycles): 
    * Summary: 
    +------+------+------+------+---------+
    |   Latency   |   Interval  | Pipeline|
    |  min |  max |  min |  max |   Type  |
    +------+------+------+------+---------+
    |  7233|  7233|  7233|  7233|   none  |
    +------+------+------+------+---------+

    + Detail: 
        * Instance: 
        N/A

        * Loop: 
        +-------------+------+------+----------+-----------+-----------+------+----------+
        |             |   Latency   | Iteration|  Initiation Interval  | Trip |          |
        |  Loop Name  |  min |  max |  Latency |  achieved |   target  | Count| Pipelined|
        +-------------+------+------+----------+-----------+-----------+------+----------+
        |- Loop 1     |  7232|  7232|       226|          -|          -|    32|    no    |
        | + Loop 1.1  |   224|   224|         7|          -|          -|    32|    no    |
        +-------------+------+------+----------+-----------+-----------+------+----------+



================================================================
== Utilization Estimates
================================================================
* Summary: 
+-----------------+---------+-------+--------+-------+
|       Name      | BRAM_18K| DSP48E|   FF   |  LUT  |
+-----------------+---------+-------+--------+-------+
|DSP              |        -|      -|       -|      -|
|Expression       |        -|      -|       0|     54|
|FIFO             |        -|      -|       -|      -|
|Instance         |        -|      2|     205|    390|
|Memory           |        -|      -|       -|      -|
|Multiplexer      |        -|      -|       -|     92|
|Register         |        -|      -|     129|      -|
+-----------------+---------+-------+--------+-------+
|Total            |        0|      2|     334|    536|
+-----------------+---------+-------+--------+-------+
|Available        |      280|    220|  106400|  53200|
+-----------------+---------+-------+--------+-------+
|Utilization (%)  |        0|   ~0  |   ~0   |      1|
+-----------------+---------+-------+--------+-------+

+ Detail: 
    * Instance: 
    +-------------------------+----------------------+---------+-------+-----+-----+
    |         Instance        |        Module        | BRAM_18K| DSP48E|  FF | LUT |
    +-------------------------+----------------------+---------+-------+-----+-----+
    |madd_fadd_32ns_32bkb_U1  |madd_fadd_32ns_32bkb  |        0|      2|  205|  390|
    +-------------------------+----------------------+---------+-------+-----+-----+
    |Total                    |                      |        0|      2|  205|  390|
    +-------------------------+----------------------+---------+-------+-----+-----+

    * DSP48: 
    N/A

    * Memory: 
    N/A

    * FIFO: 
    N/A

    * Expression: 
    +--------------------+----------+-------+---+----+------------+------------+
    |    Variable Name   | Operation| DSP48E| FF| LUT| Bitwidth P0| Bitwidth P1|
    +--------------------+----------+-------+---+----+------------+------------+
    |i_1_fu_91_p2        |     +    |      0|  0|  15|           6|           1|
    |j_1_fu_103_p2       |     +    |      0|  0|  15|           6|           1|
    |exitcond1_fu_85_p2  |   icmp   |      0|  0|  11|           6|           7|
    |exitcond_fu_97_p2   |   icmp   |      0|  0|  11|           6|           7|
    |ap_block_state3     |    or    |      0|  0|   2|           1|           1|
    +--------------------+----------+-------+---+----+------------+------------+
    |Total               |          |      0|  0|  54|          25|          17|
    +--------------------+----------+-------+---+----+------------+------------+

    * Multiplexer: 
    +-----------+----+-----------+-----+-----------+
    |    Name   | LUT| Input Size| Bits| Total Bits|
    +-----------+----+-----------+-----+-----------+
    |A_blk_n    |   9|          2|    1|          2|
    |B_blk_n    |   9|          2|    1|          2|
    |C_blk_n    |   9|          2|    1|          2|
    |ap_NS_fsm  |  47|         10|    1|         10|
    |i_reg_59   |   9|          2|    6|         12|
    |j_reg_70   |   9|          2|    6|         12|
    +-----------+----+-----------+-----+-----------+
    |Total      |  92|         20|   16|         40|
    +-----------+----+-----------+-----+-----------+

    * Register: 
    +----------------+----+----+-----+-----------+
    |      Name      | FF | LUT| Bits| Const Bits|
    +----------------+----+----+-----+-----------+
    |A_read_reg_125  |  32|   0|   32|          0|
    |B_read_reg_130  |  32|   0|   32|          0|
    |ap_CS_fsm       |   9|   0|    9|          0|
    |i_1_reg_112     |   6|   0|    6|          0|
    |i_reg_59        |   6|   0|    6|          0|
    |j_1_reg_120     |   6|   0|    6|          0|
    |j_reg_70        |   6|   0|    6|          0|
    |tmp_3_reg_135   |  32|   0|   32|          0|
    +----------------+----+----+-----+-----------+
    |Total           | 129|   0|  129|          0|
    +----------------+----+----+-----+-----------+



================================================================
== Interface
================================================================
* Summary: 
+-----------+-----+-----+------------+--------------+--------------+
| RTL Ports | Dir | Bits|  Protocol  | Source Object|    C Type    |
+-----------+-----+-----+------------+--------------+--------------+
|ap_clk     |  in |    1| ap_ctrl_hs |     madd     | return value |
|ap_rst_n   |  in |    1| ap_ctrl_hs |     madd     | return value |
|ap_start   |  in |    1| ap_ctrl_hs |     madd     | return value |
|ap_done    | out |    1| ap_ctrl_hs |     madd     | return value |
|ap_idle    | out |    1| ap_ctrl_hs |     madd     | return value |
|ap_ready   | out |    1| ap_ctrl_hs |     madd     | return value |
|A_dout     |  in |   32|   ap_fifo  |       A      |    pointer   |
|A_empty_n  |  in |    1|   ap_fifo  |       A      |    pointer   |
|A_read     | out |    1|   ap_fifo  |       A      |    pointer   |
|B_dout     |  in |   32|   ap_fifo  |       B      |    pointer   |
|B_empty_n  |  in |    1|   ap_fifo  |       B      |    pointer   |
|B_read     | out |    1|   ap_fifo  |       B      |    pointer   |
|C_din      | out |   32|   ap_fifo  |       C      |    pointer   |
|C_full_n   |  in |    1|   ap_fifo  |       C      |    pointer   |
|C_write    | out |    1|   ap_fifo  |       C      |    pointer   |
+-----------+-----+-----+------------+--------------+--------------+

============================================================
+ Verbose Summary: Synthesis Manager
============================================================
InlineROM: 1
ExposeGlobal: 0
============================================================
+ Verbose Summary: CDFG Model
============================================================
IsTopModel: 1
ResetActiveHigh: 1
IsCombinational: 2
IsDatapathOnly: 2
HasWiredReturn: 1
HasMFsm: 0
HasVarLatency: 1
IsPipeline: 0
IsRtlPipelined: 0
IsInstanceOverlapped: 0
IsDontTouch: 0
HasImplIP: 0
IsGatedGlobalClock: 0


============================================================
+ Verbose Summary: Schedule
============================================================
* Number of FSM states : 9
* Pipeline : 0
* Dataflow Pipeline: 0

* FSM state transitions: 
1 --> 
	2  / true
2 --> 
	3  / (!exitcond1)
3 --> 
	4  / (!exitcond)
	2  / (exitcond)
4 --> 
	5  / true
5 --> 
	6  / true
6 --> 
	7  / true
7 --> 
	8  / true
8 --> 
	9  / true
9 --> 
	3  / true

* FSM state operations: 

State 1 <SV = 0> <Delay = 1.76>
ST_1 : Operation 10 [1/1] (0.00ns)   --->   "call void (...)* @_ssdm_op_SpecBitsMap(float* %A) nounwind, !map !7"   --->   Operation 10 'specbitsmap' <Predicate = true> <Delay = 0.00>
ST_1 : Operation 11 [1/1] (0.00ns)   --->   "call void (...)* @_ssdm_op_SpecBitsMap(float* %B) nounwind, !map !13"   --->   Operation 11 'specbitsmap' <Predicate = true> <Delay = 0.00>
ST_1 : Operation 12 [1/1] (0.00ns)   --->   "call void (...)* @_ssdm_op_SpecBitsMap(float* %C) nounwind, !map !17"   --->   Operation 12 'specbitsmap' <Predicate = true> <Delay = 0.00>
ST_1 : Operation 13 [1/1] (0.00ns)   --->   "call void (...)* @_ssdm_op_SpecTopModule([5 x i8]* @madd_str) nounwind"   --->   Operation 13 'spectopmodule' <Predicate = true> <Delay = 0.00>
ST_1 : Operation 14 [1/1] (0.00ns)   --->   "call void (...)* @_ssdm_op_SpecInterface(float* %A, [8 x i8]* @p_str, i32 0, i32 0, [1 x i8]* @p_str1, i32 0, i32 0, [1 x i8]* @p_str1, [1 x i8]* @p_str1, [1 x i8]* @p_str1, i32 0, i32 0, i32 0, i32 0, [1 x i8]* @p_str1, [1 x i8]* @p_str1)"   --->   Operation 14 'specinterface' <Predicate = true> <Delay = 0.00>
ST_1 : Operation 15 [1/1] (0.00ns)   --->   "call void (...)* @_ssdm_op_SpecInterface(float* %B, [8 x i8]* @p_str, i32 0, i32 0, [1 x i8]* @p_str1, i32 0, i32 0, [1 x i8]* @p_str1, [1 x i8]* @p_str1, [1 x i8]* @p_str1, i32 0, i32 0, i32 0, i32 0, [1 x i8]* @p_str1, [1 x i8]* @p_str1)"   --->   Operation 15 'specinterface' <Predicate = true> <Delay = 0.00>
ST_1 : Operation 16 [1/1] (0.00ns)   --->   "call void (...)* @_ssdm_op_SpecInterface(float* %C, [8 x i8]* @p_str, i32 0, i32 0, [1 x i8]* @p_str1, i32 0, i32 0, [1 x i8]* @p_str1, [1 x i8]* @p_str1, [1 x i8]* @p_str1, i32 0, i32 0, i32 0, i32 0, [1 x i8]* @p_str1, [1 x i8]* @p_str1)"   --->   Operation 16 'specinterface' <Predicate = true> <Delay = 0.00>
ST_1 : Operation 17 [1/1] (0.00ns)   --->   "call void (...)* @_ssdm_op_SpecLatency(i32 1, i32 65535, [1 x i8]* @p_str1) nounwind" [C:/Users/nh15775/workspace/lab_2/src/madd.cpp:45]   --->   Operation 17 'speclatency' <Predicate = true> <Delay = 0.00>
ST_1 : Operation 18 [1/1] (1.76ns)   --->   "br label %.loopexit" [C:/Users/nh15775/workspace/lab_2/src/madd.cpp:47]   --->   Operation 18 'br' <Predicate = true> <Delay = 1.76>

State 2 <SV = 1> <Delay = 1.82>
ST_2 : Operation 19 [1/1] (0.00ns)   --->   "%i = phi i6 [ 0, %0 ], [ %i_1, %.loopexit.loopexit ]"   --->   Operation 19 'phi' 'i' <Predicate = true> <Delay = 0.00>
ST_2 : Operation 20 [1/1] (1.42ns)   --->   "%exitcond1 = icmp eq i6 %i, -32" [C:/Users/nh15775/workspace/lab_2/src/madd.cpp:47]   --->   Operation 20 'icmp' 'exitcond1' <Predicate = true> <Delay = 1.42> <Core = "Cmp">   --->   Core 25 'Cmp' <Latency = 0> <II = 1> <Delay = 1.48> <FuncUnit> <Opcode : 'icmp'> <InPorts = 2> <OutPorts = 1>
ST_2 : Operation 21 [1/1] (0.00ns)   --->   "%empty = call i32 (...)* @_ssdm_op_SpecLoopTripCount(i64 32, i64 32, i64 32) nounwind"   --->   Operation 21 'speclooptripcount' 'empty' <Predicate = true> <Delay = 0.00>
ST_2 : Operation 22 [1/1] (1.82ns)   --->   "%i_1 = add i6 %i, 1" [C:/Users/nh15775/workspace/lab_2/src/madd.cpp:47]   --->   Operation 22 'add' 'i_1' <Predicate = true> <Delay = 1.82> <Core = "AddSub">   --->   Core 14 'AddSub' <Latency = 0> <II = 1> <Delay = 1.82> <FuncUnit> <Opcode : 'add' 'sub'> <InPorts = 2> <OutPorts = 1>
ST_2 : Operation 23 [1/1] (0.00ns)   --->   "br i1 %exitcond1, label %2, label %.preheader.preheader" [C:/Users/nh15775/workspace/lab_2/src/madd.cpp:47]   --->   Operation 23 'br' <Predicate = true> <Delay = 0.00>
ST_2 : Operation 24 [1/1] (1.76ns)   --->   "br label %.preheader" [C:/Users/nh15775/workspace/lab_2/src/madd.cpp:48]   --->   Operation 24 'br' <Predicate = (!exitcond1)> <Delay = 1.76>
ST_2 : Operation 25 [1/1] (0.00ns)   --->   "ret void" [C:/Users/nh15775/workspace/lab_2/src/madd.cpp:52]   --->   Operation 25 'ret' <Predicate = (exitcond1)> <Delay = 0.00>

State 3 <SV = 2> <Delay = 3.63>
ST_3 : Operation 26 [1/1] (0.00ns)   --->   "%j = phi i6 [ %j_1, %1 ], [ 0, %.preheader.preheader ]"   --->   Operation 26 'phi' 'j' <Predicate = true> <Delay = 0.00>
ST_3 : Operation 27 [1/1] (1.42ns)   --->   "%exitcond = icmp eq i6 %j, -32" [C:/Users/nh15775/workspace/lab_2/src/madd.cpp:48]   --->   Operation 27 'icmp' 'exitcond' <Predicate = true> <Delay = 1.42> <Core = "Cmp">   --->   Core 25 'Cmp' <Latency = 0> <II = 1> <Delay = 1.48> <FuncUnit> <Opcode : 'icmp'> <InPorts = 2> <OutPorts = 1>
ST_3 : Operation 28 [1/1] (0.00ns)   --->   "%empty_3 = call i32 (...)* @_ssdm_op_SpecLoopTripCount(i64 32, i64 32, i64 32) nounwind"   --->   Operation 28 'speclooptripcount' 'empty_3' <Predicate = true> <Delay = 0.00>
ST_3 : Operation 29 [1/1] (1.82ns)   --->   "%j_1 = add i6 %j, 1" [C:/Users/nh15775/workspace/lab_2/src/madd.cpp:48]   --->   Operation 29 'add' 'j_1' <Predicate = true> <Delay = 1.82> <Core = "AddSub">   --->   Core 14 'AddSub' <Latency = 0> <II = 1> <Delay = 1.82> <FuncUnit> <Opcode : 'add' 'sub'> <InPorts = 2> <OutPorts = 1>
ST_3 : Operation 30 [1/1] (0.00ns)   --->   "br i1 %exitcond, label %.loopexit.loopexit, label %1" [C:/Users/nh15775/workspace/lab_2/src/madd.cpp:48]   --->   Operation 30 'br' <Predicate = true> <Delay = 0.00>
ST_3 : Operation 31 [1/1] (3.63ns)   --->   "%A_read = call float @_ssdm_op_Read.ap_fifo.volatile.floatP(float* %A) nounwind" [C:/Users/nh15775/workspace/lab_2/src/madd.cpp:50]   --->   Operation 31 'read' 'A_read' <Predicate = (!exitcond)> <Delay = 3.63> <Core = "FIFO">   --->   Core 32 'FIFO' <Latency = 0> <II = 1> <Delay = 3.63> <Storage> <Opcode : 'read' 'write' 'nbread' 'nbwrite'> <Ports = 0> <Width = 32> <Depth = 0> <FIFO>
ST_3 : Operation 32 [1/1] (3.63ns)   --->   "%B_read = call float @_ssdm_op_Read.ap_fifo.volatile.floatP(float* %B) nounwind" [C:/Users/nh15775/workspace/lab_2/src/madd.cpp:50]   --->   Operation 32 'read' 'B_read' <Predicate = (!exitcond)> <Delay = 3.63> <Core = "FIFO">   --->   Core 32 'FIFO' <Latency = 0> <II = 1> <Delay = 3.63> <Storage> <Opcode : 'read' 'write' 'nbread' 'nbwrite'> <Ports = 0> <Width = 32> <Depth = 0> <FIFO>
ST_3 : Operation 33 [1/1] (0.00ns)   --->   "br label %.loopexit"   --->   Operation 33 'br' <Predicate = (exitcond)> <Delay = 0.00>

State 4 <SV = 3> <Delay = 7.25>
ST_4 : Operation 34 [5/5] (7.25ns)   --->   "%tmp_3 = fadd float %A_read, %B_read" [C:/Users/nh15775/workspace/lab_2/src/madd.cpp:50]   --->   Operation 34 'fadd' 'tmp_3' <Predicate = true> <Delay = 7.25> <Core = "FAddSub">   --->   Core 99 'FAddSub' <Latency = 4> <II = 1> <Delay = 7.25> <FuncUnit> <Opcode : 'fadd' 'fsub'> <InPorts = 2> <OutPorts = 1>

State 5 <SV = 4> <Delay = 7.25>
ST_5 : Operation 35 [4/5] (7.25ns)   --->   "%tmp_3 = fadd float %A_read, %B_read" [C:/Users/nh15775/workspace/lab_2/src/madd.cpp:50]   --->   Operation 35 'fadd' 'tmp_3' <Predicate = true> <Delay = 7.25> <Core = "FAddSub">   --->   Core 99 'FAddSub' <Latency = 4> <II = 1> <Delay = 7.25> <FuncUnit> <Opcode : 'fadd' 'fsub'> <InPorts = 2> <OutPorts = 1>

State 6 <SV = 5> <Delay = 7.25>
ST_6 : Operation 36 [3/5] (7.25ns)   --->   "%tmp_3 = fadd float %A_read, %B_read" [C:/Users/nh15775/workspace/lab_2/src/madd.cpp:50]   --->   Operation 36 'fadd' 'tmp_3' <Predicate = true> <Delay = 7.25> <Core = "FAddSub">   --->   Core 99 'FAddSub' <Latency = 4> <II = 1> <Delay = 7.25> <FuncUnit> <Opcode : 'fadd' 'fsub'> <InPorts = 2> <OutPorts = 1>

State 7 <SV = 6> <Delay = 7.25>
ST_7 : Operation 37 [2/5] (7.25ns)   --->   "%tmp_3 = fadd float %A_read, %B_read" [C:/Users/nh15775/workspace/lab_2/src/madd.cpp:50]   --->   Operation 37 'fadd' 'tmp_3' <Predicate = true> <Delay = 7.25> <Core = "FAddSub">   --->   Core 99 'FAddSub' <Latency = 4> <II = 1> <Delay = 7.25> <FuncUnit> <Opcode : 'fadd' 'fsub'> <InPorts = 2> <OutPorts = 1>

State 8 <SV = 7> <Delay = 7.25>
ST_8 : Operation 38 [1/5] (7.25ns)   --->   "%tmp_3 = fadd float %A_read, %B_read" [C:/Users/nh15775/workspace/lab_2/src/madd.cpp:50]   --->   Operation 38 'fadd' 'tmp_3' <Predicate = true> <Delay = 7.25> <Core = "FAddSub">   --->   Core 99 'FAddSub' <Latency = 4> <II = 1> <Delay = 7.25> <FuncUnit> <Opcode : 'fadd' 'fsub'> <InPorts = 2> <OutPorts = 1>

State 9 <SV = 8> <Delay = 3.63>
ST_9 : Operation 39 [1/1] (3.63ns)   --->   "call void @_ssdm_op_Write.ap_fifo.volatile.floatP(float* %C, float %tmp_3) nounwind" [C:/Users/nh15775/workspace/lab_2/src/madd.cpp:50]   --->   Operation 39 'write' <Predicate = true> <Delay = 3.63> <Core = "FIFO">   --->   Core 32 'FIFO' <Latency = 0> <II = 1> <Delay = 3.63> <Storage> <Opcode : 'read' 'write' 'nbread' 'nbwrite'> <Ports = 0> <Width = 32> <Depth = 0> <FIFO>
ST_9 : Operation 40 [1/1] (0.00ns)   --->   "br label %.preheader" [C:/Users/nh15775/workspace/lab_2/src/madd.cpp:48]   --->   Operation 40 'br' <Predicate = true> <Delay = 0.00>


============================================================
+ Verbose Summary: Binding
============================================================
STG Binding: 
---------------- STG Properties BEGIN ----------------
- Is combinational: 0
- Is one-state seq: 0
- Is datapath-only: 0
- Is pipelined: 0
- Is top level: 1
Port [ Return ] is wired: 1; IO mode=ap_ctrl_hs:ce=0
Port [ A]:  wired=1; compound=1; hidden=0; nouse=0; global=0; static=0; extern=0; dir=0; type=3; pingpong=0; private_global=0; IO mode=ap_fifo:ce=0
Port [ B]:  wired=1; compound=1; hidden=0; nouse=0; global=0; static=0; extern=0; dir=0; type=3; pingpong=0; private_global=0; IO mode=ap_fifo:ce=0
Port [ C]:  wired=1; compound=1; hidden=0; nouse=0; global=0; static=0; extern=0; dir=1; type=3; pingpong=0; private_global=0; IO mode=ap_fifo:ce=0
---------------- STG Properties END ------------------

---------------- Datapath Model BEGIN ----------------

<LifeTime>
<method=bitvector/>
StgValue_10 (specbitsmap      ) [ 0000000000]
StgValue_11 (specbitsmap      ) [ 0000000000]
StgValue_12 (specbitsmap      ) [ 0000000000]
StgValue_13 (spectopmodule    ) [ 0000000000]
StgValue_14 (specinterface    ) [ 0000000000]
StgValue_15 (specinterface    ) [ 0000000000]
StgValue_16 (specinterface    ) [ 0000000000]
StgValue_17 (speclatency      ) [ 0000000000]
StgValue_18 (br               ) [ 0111111111]
i           (phi              ) [ 0010000000]
exitcond1   (icmp             ) [ 0011111111]
empty       (speclooptripcount) [ 0000000000]
i_1         (add              ) [ 0111111111]
StgValue_23 (br               ) [ 0000000000]
StgValue_24 (br               ) [ 0011111111]
StgValue_25 (ret              ) [ 0000000000]
j           (phi              ) [ 0001000000]
exitcond    (icmp             ) [ 0011111111]
empty_3     (speclooptripcount) [ 0000000000]
j_1         (add              ) [ 0011111111]
StgValue_30 (br               ) [ 0000000000]
A_read      (read             ) [ 0000111110]
B_read      (read             ) [ 0000111110]
StgValue_33 (br               ) [ 0111111111]
tmp_3       (fadd             ) [ 0000000001]
StgValue_39 (write            ) [ 0000000000]
StgValue_40 (br               ) [ 0011111111]
</LifeTime>

<model>

<comp_list>
<comp id="0" class="1000" name="A">
<pin_list>
<pin id="1" dir="1" index="0" bw="1" slack="0"/>
</pin_list>
<bind>
<StgValue><ssdm name="A"/></StgValue>
</bind>
</comp>

<comp id="2" class="1000" name="B">
<pin_list>
<pin id="3" dir="1" index="0" bw="1" slack="0"/>
</pin_list>
<bind>
<StgValue><ssdm name="B"/></StgValue>
</bind>
</comp>

<comp id="4" class="1000" name="C">
<pin_list>
<pin id="5" dir="1" index="0" bw="1" slack="0"/>
</pin_list>
<bind>
<StgValue><ssdm name="C"/></StgValue>
</bind>
</comp>

<comp id="6" class="1001" name="const_6">
<pin_list>
<pin id="7" dir="1" index="0" bw="1" slack="2147483647"/>
</pin_list>
<bind>
<StgValue><ssdm name="_ssdm_op_SpecBitsMap"/></StgValue>
</bind>
</comp>

<comp id="8" class="1001" name="const_8">
<pin_list>
<pin id="9" dir="1" index="0" bw="1" slack="2147483647"/>
</pin_list>
<bind>
<StgValue><ssdm name="_ssdm_op_SpecTopModule"/></StgValue>
</bind>
</comp>

<comp id="10" class="1001" name="const_10">
<pin_list>
<pin id="11" dir="1" index="0" bw="1" slack="2147483647"/>
</pin_list>
<bind>
<StgValue><ssdm name="madd_str"/></StgValue>
</bind>
</comp>

<comp id="12" class="1001" name="const_12">
<pin_list>
<pin id="13" dir="1" index="0" bw="1" slack="2147483647"/>
</pin_list>
<bind>
<StgValue><ssdm name="_ssdm_op_SpecInterface"/></StgValue>
</bind>
</comp>

<comp id="14" class="1001" name="const_14">
<pin_list>
<pin id="15" dir="1" index="0" bw="1" slack="2147483647"/>
</pin_list>
<bind>
<StgValue><ssdm name="p_str"/></StgValue>
</bind>
</comp>

<comp id="16" class="1001" name="const_16">
<pin_list>
<pin id="17" dir="1" index="0" bw="1" slack="2147483647"/>
</pin_list>
<bind>
<StgValue><ssdm name=""/></StgValue>
</bind>
</comp>

<comp id="18" class="1001" name="const_18">
<pin_list>
<pin id="19" dir="1" index="0" bw="1" slack="2147483647"/>
</pin_list>
<bind>
<StgValue><ssdm name="p_str1"/></StgValue>
</bind>
</comp>

<comp id="20" class="1001" name="const_20">
<pin_list>
<pin id="21" dir="1" index="0" bw="1" slack="2147483647"/>
</pin_list>
<bind>
<StgValue><ssdm name="_ssdm_op_SpecLatency"/></StgValue>
</bind>
</comp>

<comp id="22" class="1001" name="const_22">
<pin_list>
<pin id="23" dir="1" index="0" bw="1" slack="2147483647"/>
</pin_list>
<bind>
<StgValue><ssdm name=""/></StgValue>
</bind>
</comp>

<comp id="24" class="1001" name="const_24">
<pin_list>
<pin id="25" dir="1" index="0" bw="1" slack="2147483647"/>
</pin_list>
<bind>
<StgValue><ssdm name=""/></StgValue>
</bind>
</comp>

<comp id="26" class="1001" name="const_26">
<pin_list>
<pin id="27" dir="1" index="0" bw="1" slack="1"/>
</pin_list>
<bind>
<StgValue><ssdm name=""/></StgValue>
</bind>
</comp>

<comp id="28" class="1001" name="const_28">
<pin_list>
<pin id="29" dir="1" index="0" bw="1" slack="0"/>
</pin_list>
<bind>
<StgValue><ssdm name=""/></StgValue>
</bind>
</comp>

<comp id="30" class="1001" name="const_30">
<pin_list>
<pin id="31" dir="1" index="0" bw="1" slack="2147483647"/>
</pin_list>
<bind>
<StgValue><ssdm name="_ssdm_op_SpecLoopTripCount"/></StgValue>
</bind>
</comp>

<comp id="32" class="1001" name="const_32">
<pin_list>
<pin id="33" dir="1" index="0" bw="1" slack="2147483647"/>
</pin_list>
<bind>
<StgValue><ssdm name=""/></StgValue>
</bind>
</comp>

<comp id="34" class="1001" name="const_34">
<pin_list>
<pin id="35" dir="1" index="0" bw="1" slack="0"/>
</pin_list>
<bind>
<StgValue><ssdm name=""/></StgValue>
</bind>
</comp>

<comp id="36" class="1001" name="const_36">
<pin_list>
<pin id="37" dir="1" index="0" bw="1" slack="0"/>
</pin_list>
<bind>
<StgValue><ssdm name="_ssdm_op_Read.ap_fifo.volatile.floatP"/></StgValue>
</bind>
</comp>

<comp id="38" class="1001" name="const_38">
<pin_list>
<pin id="39" dir="1" index="0" bw="1" slack="0"/>
</pin_list>
<bind>
<StgValue><ssdm name="_ssdm_op_Write.ap_fifo.volatile.floatP"/></StgValue>
</bind>
</comp>

<comp id="40" class="1004" name="A_read_read_fu_40">
<pin_list>
<pin id="41" dir="0" index="0" bw="32" slack="0"/>
<pin id="42" dir="0" index="1" bw="32" slack="0"/>
<pin id="43" dir="1" index="2" bw="32" slack="1"/>
</pin_list>
<bind>
<opcode="read(1150) " fcode="read"/>
<opset="A_read/3 "/>
</bind>
</comp>

<comp id="46" class="1004" name="B_read_read_fu_46">
<pin_list>
<pin id="47" dir="0" index="0" bw="32" slack="0"/>
<pin id="48" dir="0" index="1" bw="32" slack="0"/>
<pin id="49" dir="1" index="2" bw="32" slack="1"/>
</pin_list>
<bind>
<opcode="read(1150) " fcode="read"/>
<opset="B_read/3 "/>
</bind>
</comp>

<comp id="52" class="1004" name="StgValue_39_write_fu_52">
<pin_list>
<pin id="53" dir="0" index="0" bw="0" slack="0"/>
<pin id="54" dir="0" index="1" bw="32" slack="0"/>
<pin id="55" dir="0" index="2" bw="32" slack="1"/>
<pin id="56" dir="1" index="3" bw="0" slack="2147483647"/>
</pin_list>
<bind>
<opcode="write(1151) " fcode="write"/>
<opset="StgValue_39/9 "/>
</bind>
</comp>

<comp id="59" class="1005" name="i_reg_59">
<pin_list>
<pin id="60" dir="0" index="0" bw="6" slack="1"/>
<pin id="61" dir="1" index="1" bw="6" slack="1"/>
</pin_list>
<bind>
<opset="i (phireg) "/>
</bind>
</comp>

<comp id="63" class="1004" name="i_phi_fu_63">
<pin_list>
<pin id="64" dir="0" index="0" bw="1" slack="1"/>
<pin id="65" dir="0" index="1" bw="0" slack="2147483647"/>
<pin id="66" dir="0" index="2" bw="6" slack="0"/>
<pin id="67" dir="0" index="3" bw="0" slack="2147483647"/>
<pin id="68" dir="1" index="4" bw="6" slack="0"/>
</pin_list>
<bind>
<opcode="phi(47) " fcode="phi"/>
<opset="i/2 "/>
</bind>
</comp>

<comp id="70" class="1005" name="j_reg_70">
<pin_list>
<pin id="71" dir="0" index="0" bw="6" slack="1"/>
<pin id="72" dir="1" index="1" bw="6" slack="1"/>
</pin_list>
<bind>
<opset="j (phireg) "/>
</bind>
</comp>

<comp id="74" class="1004" name="j_phi_fu_74">
<pin_list>
<pin id="75" dir="0" index="0" bw="6" slack="0"/>
<pin id="76" dir="0" index="1" bw="0" slack="2147483647"/>
<pin id="77" dir="0" index="2" bw="1" slack="1"/>
<pin id="78" dir="0" index="3" bw="0" slack="2147483647"/>
<pin id="79" dir="1" index="4" bw="6" slack="0"/>
</pin_list>
<bind>
<opcode="phi(47) " fcode="phi"/>
<opset="j/3 "/>
</bind>
</comp>

<comp id="81" class="1004" name="grp_fu_81">
<pin_list>
<pin id="82" dir="0" index="0" bw="32" slack="1"/>
<pin id="83" dir="0" index="1" bw="32" slack="1"/>
<pin id="84" dir="1" index="2" bw="32" slack="1"/>
</pin_list>
<bind>
<opcode="fadd(9) " fcode="fadd"/>
<opset="tmp_3/4 "/>
</bind>
</comp>

<comp id="85" class="1004" name="exitcond1_fu_85">
<pin_list>
<pin id="86" dir="0" index="0" bw="6" slack="0"/>
<pin id="87" dir="0" index="1" bw="6" slack="0"/>
<pin id="88" dir="1" index="2" bw="1" slack="2147483647"/>
</pin_list>
<bind>
<opcode="icmp(45) " fcode="icmp"/>
<opset="exitcond1/2 "/>
</bind>
</comp>

<comp id="91" class="1004" name="i_1_fu_91">
<pin_list>
<pin id="92" dir="0" index="0" bw="6" slack="0"/>
<pin id="93" dir="0" index="1" bw="1" slack="0"/>
<pin id="94" dir="1" index="2" bw="6" slack="0"/>
</pin_list>
<bind>
<opcode="add(8) " fcode="add"/>
<opset="i_1/2 "/>
</bind>
</comp>

<comp id="97" class="1004" name="exitcond_fu_97">
<pin_list>
<pin id="98" dir="0" index="0" bw="6" slack="0"/>
<pin id="99" dir="0" index="1" bw="6" slack="0"/>
<pin id="100" dir="1" index="2" bw="1" slack="2147483647"/>
</pin_list>
<bind>
<opcode="icmp(45) " fcode="icmp"/>
<opset="exitcond/3 "/>
</bind>
</comp>

<comp id="103" class="1004" name="j_1_fu_103">
<pin_list>
<pin id="104" dir="0" index="0" bw="6" slack="0"/>
<pin id="105" dir="0" index="1" bw="1" slack="0"/>
<pin id="106" dir="1" index="2" bw="6" slack="0"/>
</pin_list>
<bind>
<opcode="add(8) " fcode="add"/>
<opset="j_1/3 "/>
</bind>
</comp>

<comp id="112" class="1005" name="i_1_reg_112">
<pin_list>
<pin id="113" dir="0" index="0" bw="6" slack="0"/>
<pin id="114" dir="1" index="1" bw="6" slack="0"/>
</pin_list>
<bind>
<opset="i_1 "/>
</bind>
</comp>

<comp id="120" class="1005" name="j_1_reg_120">
<pin_list>
<pin id="121" dir="0" index="0" bw="6" slack="0"/>
<pin id="122" dir="1" index="1" bw="6" slack="0"/>
</pin_list>
<bind>
<opset="j_1 "/>
</bind>
</comp>

<comp id="125" class="1005" name="A_read_reg_125">
<pin_list>
<pin id="126" dir="0" index="0" bw="32" slack="1"/>
<pin id="127" dir="1" index="1" bw="32" slack="1"/>
</pin_list>
<bind>
<opset="A_read "/>
</bind>
</comp>

<comp id="130" class="1005" name="B_read_reg_130">
<pin_list>
<pin id="131" dir="0" index="0" bw="32" slack="1"/>
<pin id="132" dir="1" index="1" bw="32" slack="1"/>
</pin_list>
<bind>
<opset="B_read "/>
</bind>
</comp>

<comp id="135" class="1005" name="tmp_3_reg_135">
<pin_list>
<pin id="136" dir="0" index="0" bw="32" slack="1"/>
<pin id="137" dir="1" index="1" bw="32" slack="1"/>
</pin_list>
<bind>
<opset="tmp_3 "/>
</bind>
</comp>

</comp_list>

<net_list>
<net id="44"><net_src comp="36" pin="0"/><net_sink comp="40" pin=0"/></net>

<net id="45"><net_src comp="0" pin="0"/><net_sink comp="40" pin=1"/></net>

<net id="50"><net_src comp="36" pin="0"/><net_sink comp="46" pin=0"/></net>

<net id="51"><net_src comp="2" pin="0"/><net_sink comp="46" pin=1"/></net>

<net id="57"><net_src comp="38" pin="0"/><net_sink comp="52" pin=0"/></net>

<net id="58"><net_src comp="4" pin="0"/><net_sink comp="52" pin=1"/></net>

<net id="62"><net_src comp="26" pin="0"/><net_sink comp="59" pin=0"/></net>

<net id="69"><net_src comp="59" pin="1"/><net_sink comp="63" pin=0"/></net>

<net id="73"><net_src comp="26" pin="0"/><net_sink comp="70" pin=0"/></net>

<net id="80"><net_src comp="70" pin="1"/><net_sink comp="74" pin=2"/></net>

<net id="89"><net_src comp="63" pin="4"/><net_sink comp="85" pin=0"/></net>

<net id="90"><net_src comp="28" pin="0"/><net_sink comp="85" pin=1"/></net>

<net id="95"><net_src comp="63" pin="4"/><net_sink comp="91" pin=0"/></net>

<net id="96"><net_src comp="34" pin="0"/><net_sink comp="91" pin=1"/></net>

<net id="101"><net_src comp="74" pin="4"/><net_sink comp="97" pin=0"/></net>

<net id="102"><net_src comp="28" pin="0"/><net_sink comp="97" pin=1"/></net>

<net id="107"><net_src comp="74" pin="4"/><net_sink comp="103" pin=0"/></net>

<net id="108"><net_src comp="34" pin="0"/><net_sink comp="103" pin=1"/></net>

<net id="115"><net_src comp="91" pin="2"/><net_sink comp="112" pin=0"/></net>

<net id="116"><net_src comp="112" pin="1"/><net_sink comp="63" pin=2"/></net>

<net id="123"><net_src comp="103" pin="2"/><net_sink comp="120" pin=0"/></net>

<net id="124"><net_src comp="120" pin="1"/><net_sink comp="74" pin=0"/></net>

<net id="128"><net_src comp="40" pin="2"/><net_sink comp="125" pin=0"/></net>

<net id="129"><net_src comp="125" pin="1"/><net_sink comp="81" pin=0"/></net>

<net id="133"><net_src comp="46" pin="2"/><net_sink comp="130" pin=0"/></net>

<net id="134"><net_src comp="130" pin="1"/><net_sink comp="81" pin=1"/></net>

<net id="138"><net_src comp="81" pin="2"/><net_sink comp="135" pin=0"/></net>

<net id="139"><net_src comp="135" pin="1"/><net_sink comp="52" pin=2"/></net>

</net_list>

</model> 
---------------- Datapath Model END ------------------

* FSMD analyzer results:
  - Output states:
	Port: C | {9 }
 - Input state : 
	Port: madd : A | {3 }
	Port: madd : B | {3 }
  - Chain level:
	State 1
	State 2
		exitcond1 : 1
		i_1 : 1
		StgValue_23 : 2
	State 3
		exitcond : 1
		j_1 : 1
		StgValue_30 : 2
	State 4
	State 5
	State 6
	State 7
	State 8
	State 9


============================================================
+ Verbose Summary: Datapath Resource usage 
============================================================

* Functional unit list:
|----------|-------------------------|---------|---------|---------|
| Operation|     Functional Unit     |  DSP48E |    FF   |   LUT   |
|----------|-------------------------|---------|---------|---------|
|   fadd   |        grp_fu_81        |    2    |   205   |   390   |
|----------|-------------------------|---------|---------|---------|
|    add   |        i_1_fu_91        |    0    |    0    |    15   |
|          |        j_1_fu_103       |    0    |    0    |    15   |
|----------|-------------------------|---------|---------|---------|
|   icmp   |     exitcond1_fu_85     |    0    |    0    |    11   |
|          |      exitcond_fu_97     |    0    |    0    |    11   |
|----------|-------------------------|---------|---------|---------|
|   read   |    A_read_read_fu_40    |    0    |    0    |    0    |
|          |    B_read_read_fu_46    |    0    |    0    |    0    |
|----------|-------------------------|---------|---------|---------|
|   write  | StgValue_39_write_fu_52 |    0    |    0    |    0    |
|----------|-------------------------|---------|---------|---------|
|   Total  |                         |    2    |   205   |   442   |
|----------|-------------------------|---------|---------|---------|

Memories:
N/A

* Register list:
+--------------+--------+
|              |   FF   |
+--------------+--------+
|A_read_reg_125|   32   |
|B_read_reg_130|   32   |
|  i_1_reg_112 |    6   |
|   i_reg_59   |    6   |
|  j_1_reg_120 |    6   |
|   j_reg_70   |    6   |
| tmp_3_reg_135|   32   |
+--------------+--------+
|     Total    |   120  |
+--------------+--------+

* Multiplexer (MUX) list: 
|--------|------|------|------|--------|
|  Comp  |  Pin | Size |  BW  | S x BW |
|--------|------|------|------|--------|
|  Total |      |      |      |    0   |
|--------|------|------|------|--------|



* Summary:
+-----------+--------+--------+--------+
|           | DSP48E |   FF   |   LUT  |
+-----------+--------+--------+--------+
|  Function |    2   |   205  |   442  |
|   Memory  |    -   |    -   |    -   |
|Multiplexer|    -   |    -   |    -   |
|  Register |    -   |   120  |    -   |
+-----------+--------+--------+--------+
|   Total   |    2   |   325  |   442  |
+-----------+--------+--------+--------+
